RUN	Simulations.TC6_PATCH_API	tc6-patch-api	1680159200987	a	3.6.1
USER	To update an existing user using PUT method	START	1680159202468
USER	To update an existing user using PUT method	START	1680159202500
USER	To update an existing user using PUT method	START	1680159202469
USER	To update an existing user using PUT method	START	1680159202475
USER	To update an existing user using PUT method	START	1680159202472
USER	To update an existing user using PUT method	START	1680159202462
USER	To update an existing user using PUT method	START	1680159202502
USER	To update an existing user using PUT method	START	1680159202737
USER	To update an existing user using PUT method	START	1680159202738
USER	To update an existing user using PUT method	START	1680159202737
USER	To update an existing user using PUT method	START	1680159202738
USER	To update an existing user using PUT method	START	1680159202739
USER	To update an existing user using PUT method	START	1680159202739
USER	To update an existing user using PUT method	START	1680159202740
USER	To update an existing user using PUT method	START	1680159202741
USER	To update an existing user using PUT method	START	1680159202488
USER	To update an existing user using PUT method	START	1680159202741
USER	To update an existing user using PUT method	START	1680159202742
USER	To update an existing user using PUT method	START	1680159202742
USER	To update an existing user using PUT method	START	1680159202743
USER	To update an existing user using PUT method	START	1680159202738
USER	To update an existing user using PUT method	START	1680159202740
USER	To update an existing user using PUT method	START	1680159202468
USER	To update an existing user using PUT method	START	1680159202744
USER	To update an existing user using PUT method	START	1680159202744
USER	To update an existing user using PUT method	START	1680159202737
USER	To update an existing user using PUT method	START	1680159202488
USER	To update an existing user using PUT method	START	1680159202745
USER	To update an existing user using PUT method	START	1680159202746
USER	To update an existing user using PUT method	START	1680159202461
USER	To update an existing user using PUT method	START	1680159202745
USER	To update an existing user using PUT method	START	1680159202746
USER	To update an existing user using PUT method	START	1680159202747
USER	To update an existing user using PUT method	START	1680159202746
USER	To update an existing user using PUT method	START	1680159202747
USER	To update an existing user using PUT method	START	1680159202747
USER	To update an existing user using PUT method	START	1680159202748
USER	To update an existing user using PUT method	START	1680159202741
USER	To update an existing user using PUT method	START	1680159202748
USER	To update an existing user using PUT method	START	1680159202749
USER	To update an existing user using PUT method	START	1680159202743
USER	To update an existing user using PUT method	START	1680159202505
USER	To update an existing user using PUT method	START	1680159202744
USER	To update an existing user using PUT method	START	1680159202751
USER	To update an existing user using PUT method	START	1680159202751
USER	To update an existing user using PUT method	START	1680159202751
USER	To update an existing user using PUT method	START	1680159202752
USER	To update an existing user using PUT method	START	1680159202753
USER	To update an existing user using PUT method	START	1680159202753
USER	To update an existing user using PUT method	START	1680159202753
USER	To update an existing user using PUT method	START	1680159202754
USER	To update an existing user using PUT method	START	1680159202754
USER	To update an existing user using PUT method	START	1680159202754
USER	To update an existing user using PUT method	START	1680159202755
USER	To update an existing user using PUT method	START	1680159202755
USER	To update an existing user using PUT method	START	1680159202744
USER	To update an existing user using PUT method	START	1680159202748
USER	To update an existing user using PUT method	START	1680159202745
USER	To update an existing user using PUT method	START	1680159202462
USER	To update an existing user using PUT method	START	1680159202462
USER	To update an existing user using PUT method	START	1680159202489
USER	To update an existing user using PUT method	START	1680159202757
USER	To update an existing user using PUT method	START	1680159202477
USER	To update an existing user using PUT method	START	1680159202758
USER	To update an existing user using PUT method	START	1680159202757
USER	To update an existing user using PUT method	START	1680159202757
USER	To update an existing user using PUT method	START	1680159202758
USER	To update an existing user using PUT method	START	1680159202760
USER	To update an existing user using PUT method	START	1680159202760
USER	To update an existing user using PUT method	START	1680159202760
USER	To update an existing user using PUT method	START	1680159202749
USER	To update an existing user using PUT method	START	1680159202760
USER	To update an existing user using PUT method	START	1680159202760
USER	To update an existing user using PUT method	START	1680159202762
USER	To update an existing user using PUT method	START	1680159202761
USER	To update an existing user using PUT method	START	1680159202762
USER	To update an existing user using PUT method	START	1680159202762
USER	To update an existing user using PUT method	START	1680159202737
USER	To update an existing user using PUT method	START	1680159202762
USER	To update an existing user using PUT method	START	1680159202758
USER	To update an existing user using PUT method	START	1680159202763
USER	To update an existing user using PUT method	START	1680159202763
USER	To update an existing user using PUT method	START	1680159202763
USER	To update an existing user using PUT method	START	1680159202764
USER	To update an existing user using PUT method	START	1680159202750
USER	To update an existing user using PUT method	START	1680159202764
USER	To update an existing user using PUT method	START	1680159202765
USER	To update an existing user using PUT method	START	1680159202765
USER	To update an existing user using PUT method	START	1680159202765
USER	To update an existing user using PUT method	START	1680159202766
USER	To update an existing user using PUT method	START	1680159202767
USER	To update an existing user using PUT method	START	1680159202768
USER	To update an existing user using PUT method	START	1680159202768
USER	To update an existing user using PUT method	START	1680159202769
USER	To update an existing user using PUT method	START	1680159202769
USER	To update an existing user using PUT method	START	1680159202770
USER	To update an existing user using PUT method	START	1680159202771
USER	To update an existing user using PUT method	START	1680159202773
USER	To update an existing user using PUT method	START	1680159202774
USER	To update an existing user using PUT method	START	1680159202775
USER	To update an existing user using PUT method	START	1680159202776
USER	To update an existing user using PUT method	START	1680159202776
USER	To update an existing user using PUT method	START	1680159202777
USER	To update an existing user using PUT method	START	1680159202751
USER	To update an existing user using PUT method	START	1680159202783
USER	To update an existing user using PUT method	START	1680159202752
USER	To update an existing user using PUT method	START	1680159202756
USER	To update an existing user using PUT method	START	1680159202785
USER	To update an existing user using PUT method	START	1680159202785
USER	To update an existing user using PUT method	START	1680159202748
USER	To update an existing user using PUT method	START	1680159202786
USER	To update an existing user using PUT method	START	1680159202786
USER	To update an existing user using PUT method	START	1680159202787
USER	To update an existing user using PUT method	START	1680159202756
USER	To update an existing user using PUT method	START	1680159202758
USER	To update an existing user using PUT method	START	1680159202761
USER	To update an existing user using PUT method	START	1680159202758
USER	To update an existing user using PUT method	START	1680159202763
USER	To update an existing user using PUT method	START	1680159202790
USER	To update an existing user using PUT method	START	1680159202764
USER	To update an existing user using PUT method	START	1680159202764
USER	To update an existing user using PUT method	START	1680159202770
USER	To update an existing user using PUT method	START	1680159202791
USER	To update an existing user using PUT method	START	1680159202794
USER	To update an existing user using PUT method	START	1680159202800
USER	To update an existing user using PUT method	START	1680159202802
USER	To update an existing user using PUT method	START	1680159202766
USER	To update an existing user using PUT method	START	1680159202788
USER	To update an existing user using PUT method	START	1680159202793
USER	To update an existing user using PUT method	START	1680159202788
USER	To update an existing user using PUT method	START	1680159202814
USER	To update an existing user using PUT method	START	1680159202819
USER	To update an existing user using PUT method	START	1680159202785
USER	To update an existing user using PUT method	START	1680159202821
USER	To update an existing user using PUT method	START	1680159202821
USER	To update an existing user using PUT method	START	1680159202821
USER	To update an existing user using PUT method	START	1680159202824
USER	To update an existing user using PUT method	START	1680159202827
USER	To update an existing user using PUT method	START	1680159202827
USER	To update an existing user using PUT method	START	1680159202826
USER	To update an existing user using PUT method	START	1680159202830
USER	To update an existing user using PUT method	START	1680159202829
USER	To update an existing user using PUT method	START	1680159202807
USER	To update an existing user using PUT method	START	1680159202835
USER	To update an existing user using PUT method	START	1680159202836
USER	To update an existing user using PUT method	START	1680159202837
USER	To update an existing user using PUT method	START	1680159202838
USER	To update an existing user using PUT method	START	1680159202838
USER	To update an existing user using PUT method	START	1680159202841
USER	To update an existing user using PUT method	START	1680159202839
USER	To update an existing user using PUT method	START	1680159202829
USER	To update an existing user using PUT method	START	1680159202842
USER	To update an existing user using PUT method	START	1680159202843
USER	To update an existing user using PUT method	START	1680159202845
USER	To update an existing user using PUT method	START	1680159202847
USER	To update an existing user using PUT method	START	1680159202844
USER	To update an existing user using PUT method	START	1680159202853
USER	To update an existing user using PUT method	START	1680159202791
USER	To update an existing user using PUT method	START	1680159202854
USER	To update an existing user using PUT method	START	1680159202780
USER	To update an existing user using PUT method	START	1680159202856
USER	To update an existing user using PUT method	START	1680159202767
USER	To update an existing user using PUT method	START	1680159202875
USER	To update an existing user using PUT method	START	1680159202793
USER	To update an existing user using PUT method	START	1680159202907
USER	To update an existing user using PUT method	START	1680159202893
USER	To update an existing user using PUT method	START	1680159202852
USER	To update an existing user using PUT method	START	1680159202778
USER	To update an existing user using PUT method	START	1680159202810
USER	To update an existing user using PUT method	START	1680159202794
USER	To update an existing user using PUT method	START	1680159202857
USER	To update an existing user using PUT method	START	1680159202795
USER	To update an existing user using PUT method	START	1680159202923
USER	To update an existing user using PUT method	START	1680159203001
USER	To update an existing user using PUT method	START	1680159202991
USER	To update an existing user using PUT method	START	1680159203002
USER	To update an existing user using PUT method	START	1680159202852
USER	To update an existing user using PUT method	START	1680159202792
USER	To update an existing user using PUT method	START	1680159203007
USER	To update an existing user using PUT method	START	1680159203010
USER	To update an existing user using PUT method	START	1680159203010
USER	To update an existing user using PUT method	START	1680159202790
USER	To update an existing user using PUT method	START	1680159203012
USER	To update an existing user using PUT method	START	1680159203012
USER	To update an existing user using PUT method	START	1680159203018
USER	To update an existing user using PUT method	START	1680159203022
USER	To update an existing user using PUT method	START	1680159203026
USER	To update an existing user using PUT method	START	1680159203028
USER	To update an existing user using PUT method	START	1680159202857
USER	To update an existing user using PUT method	START	1680159203004
USER	To update an existing user using PUT method	START	1680159203040
USER	To update an existing user using PUT method	START	1680159203054
USER	To update an existing user using PUT method	START	1680159203057
USER	To update an existing user using PUT method	START	1680159203058
USER	To update an existing user using PUT method	START	1680159203060
USER	To update an existing user using PUT method	START	1680159203029
USER	To update an existing user using PUT method	START	1680159203069
USER	To update an existing user using PUT method	START	1680159203068
USER	To update an existing user using PUT method	START	1680159203071
USER	To update an existing user using PUT method	START	1680159203073
USER	To update an existing user using PUT method	START	1680159203075
USER	To update an existing user using PUT method	START	1680159203077
USER	To update an existing user using PUT method	START	1680159203082
USER	To update an existing user using PUT method	START	1680159203084
USER	To update an existing user using PUT method	START	1680159203079
USER	To update an existing user using PUT method	START	1680159203086
USER	To update an existing user using PUT method	START	1680159203098
USER	To update an existing user using PUT method	START	1680159203054
USER	To update an existing user using PUT method	START	1680159203114
USER	To update an existing user using PUT method	START	1680159203109
USER	To update an existing user using PUT method	START	1680159203117
USER	To update an existing user using PUT method	START	1680159203122
USER	To update an existing user using PUT method	START	1680159203124
USER	To update an existing user using PUT method	START	1680159203118
USER	To update an existing user using PUT method	START	1680159203132
USER	To update an existing user using PUT method	START	1680159202845
USER	To update an existing user using PUT method	START	1680159203133
USER	To update an existing user using PUT method	START	1680159203118
USER	To update an existing user using PUT method	START	1680159203093
USER	To update an existing user using PUT method	START	1680159203135
USER	To update an existing user using PUT method	START	1680159203134
USER	To update an existing user using PUT method	START	1680159203140
USER	To update an existing user using PUT method	START	1680159203146
USER	To update an existing user using PUT method	START	1680159203147
USER	To update an existing user using PUT method	START	1680159203150
USER	To update an existing user using PUT method	START	1680159203153
USER	To update an existing user using PUT method	START	1680159202836
USER	To update an existing user using PUT method	START	1680159203154
USER	To update an existing user using PUT method	START	1680159203155
USER	To update an existing user using PUT method	START	1680159203156
USER	To update an existing user using PUT method	START	1680159202854
USER	To update an existing user using PUT method	START	1680159203157
USER	To update an existing user using PUT method	START	1680159203135
USER	To update an existing user using PUT method	START	1680159203159
USER	To update an existing user using PUT method	START	1680159203117
USER	To update an existing user using PUT method	START	1680159203146
USER	To update an existing user using PUT method	START	1680159203163
USER	To update an existing user using PUT method	START	1680159203163
USER	To update an existing user using PUT method	START	1680159203164
USER	To update an existing user using PUT method	START	1680159203164
USER	To update an existing user using PUT method	START	1680159203149
USER	To update an existing user using PUT method	START	1680159203167
USER	To update an existing user using PUT method	START	1680159203165
USER	To update an existing user using PUT method	START	1680159203003
USER	To update an existing user using PUT method	START	1680159202957
USER	To update an existing user using PUT method	START	1680159202987
USER	To update an existing user using PUT method	START	1680159203173
USER	To update an existing user using PUT method	START	1680159202973
USER	To update an existing user using PUT method	START	1680159203172
USER	To update an existing user using PUT method	START	1680159203148
USER	To update an existing user using PUT method	START	1680159203183
USER	To update an existing user using PUT method	START	1680159203198
USER	To update an existing user using PUT method	START	1680159203200
USER	To update an existing user using PUT method	START	1680159203202
USER	To update an existing user using PUT method	START	1680159203203
USER	To update an existing user using PUT method	START	1680159203198
USER	To update an existing user using PUT method	START	1680159203222
USER	To update an existing user using PUT method	START	1680159203224
USER	To update an existing user using PUT method	START	1680159203172
USER	To update an existing user using PUT method	START	1680159203197
USER	To update an existing user using PUT method	START	1680159203225
USER	To update an existing user using PUT method	START	1680159203255
USER	To update an existing user using PUT method	START	1680159203257
USER	To update an existing user using PUT method	START	1680159203196
USER	To update an existing user using PUT method	START	1680159203165
USER	To update an existing user using PUT method	START	1680159203306
USER	To update an existing user using PUT method	START	1680159203307
USER	To update an existing user using PUT method	START	1680159203309
USER	To update an existing user using PUT method	START	1680159203314
USER	To update an existing user using PUT method	START	1680159203315
USER	To update an existing user using PUT method	START	1680159203316
USER	To update an existing user using PUT method	START	1680159203320
USER	To update an existing user using PUT method	START	1680159203163
USER	To update an existing user using PUT method	START	1680159203155
USER	To update an existing user using PUT method	START	1680159203356
USER	To update an existing user using PUT method	START	1680159203340
USER	To update an existing user using PUT method	START	1680159203373
USER	To update an existing user using PUT method	START	1680159203374
USER	To update an existing user using PUT method	START	1680159203383
USER	To update an existing user using PUT method	START	1680159203385
USER	To update an existing user using PUT method	START	1680159203386
USER	To update an existing user using PUT method	START	1680159203390
USER	To update an existing user using PUT method	START	1680159203402
USER	To update an existing user using PUT method	START	1680159203404
USER	To update an existing user using PUT method	START	1680159203418
USER	To update an existing user using PUT method	START	1680159203426
USER	To update an existing user using PUT method	START	1680159203431
USER	To update an existing user using PUT method	START	1680159203257
USER	To update an existing user using PUT method	START	1680159203195
USER	To update an existing user using PUT method	START	1680159203434
USER	To update an existing user using PUT method	START	1680159203445
USER	To update an existing user using PUT method	START	1680159203449
USER	To update an existing user using PUT method	START	1680159203450
USER	To update an existing user using PUT method	START	1680159203451
USER	To update an existing user using PUT method	START	1680159203452
USER	To update an existing user using PUT method	START	1680159203434
USER	To update an existing user using PUT method	START	1680159203485
USER	To update an existing user using PUT method	START	1680159203600
USER	To update an existing user using PUT method	START	1680159203603
USER	To update an existing user using PUT method	START	1680159203604
REQUEST		UPDATE USER-PUT API	1680159202759	1680159204048	OK	 
REQUEST		UPDATE USER-PUT API	1680159202820	1680159204045	OK	 
REQUEST		UPDATE USER-PUT API	1680159203433	1680159204162	OK	 
REQUEST		UPDATE USER-PUT API	1680159202762	1680159204034	OK	 
REQUEST		UPDATE USER-PUT API	1680159202739	1680159203755	OK	 
USER	To update an existing user using PUT method	END	1680159204300
USER	To update an existing user using PUT method	END	1680159204302
USER	To update an existing user using PUT method	END	1680159204304
REQUEST		UPDATE USER-PUT API	1680159202751	1680159203887	OK	 
REQUEST		UPDATE USER-PUT API	1680159203140	1680159204058	OK	 
REQUEST		UPDATE USER-PUT API	1680159202797	1680159204306	OK	 
REQUEST		UPDATE USER-PUT API	1680159202830	1680159204308	OK	 
REQUEST		UPDATE USER-PUT API	1680159202743	1680159204308	OK	 
REQUEST		UPDATE USER-PUT API	1680159202687	1680159204308	OK	 
REQUEST		UPDATE USER-PUT API	1680159202706	1680159204310	OK	 
REQUEST		UPDATE USER-PUT API	1680159203058	1680159204310	OK	 
REQUEST		UPDATE USER-PUT API	1680159203045	1680159203931	OK	 
REQUEST		UPDATE USER-PUT API	1680159202841	1680159204315	OK	 
REQUEST		UPDATE USER-PUT API	1680159202858	1680159204316	OK	 
REQUEST		UPDATE USER-PUT API	1680159203486	1680159204310	OK	 
REQUEST		UPDATE USER-PUT API	1680159202746	1680159204031	OK	 
REQUEST		UPDATE USER-PUT API	1680159203011	1680159204317	OK	 
REQUEST		UPDATE USER-PUT API	1680159203141	1680159204322	OK	 
REQUEST		UPDATE USER-PUT API	1680159202749	1680159204323	OK	 
REQUEST		UPDATE USER-PUT API	1680159203167	1680159204323	OK	 
REQUEST		UPDATE USER-PUT API	1680159202685	1680159204323	OK	 
REQUEST		UPDATE USER-PUT API	1680159203155	1680159204324	OK	 
REQUEST		UPDATE USER-PUT API	1680159202751	1680159204324	OK	 
REQUEST		UPDATE USER-PUT API	1680159203076	1680159204325	OK	 
REQUEST		UPDATE USER-PUT API	1680159202766	1680159204189	OK	 
REQUEST		UPDATE USER-PUT API	1680159202741	1680159204179	OK	 
REQUEST		UPDATE USER-PUT API	1680159202788	1680159204047	OK	 
REQUEST		UPDATE USER-PUT API	1680159202775	1680159203742	OK	 
REQUEST		UPDATE USER-PUT API	1680159202757	1680159204326	OK	 
REQUEST		UPDATE USER-PUT API	1680159202752	1680159204033	OK	 
USER	To update an existing user using PUT method	END	1680159204307
REQUEST		UPDATE USER-PUT API	1680159202706	1680159204045	OK	 
USER	To update an existing user using PUT method	END	1680159204307
USER	To update an existing user using PUT method	END	1680159204307
REQUEST		UPDATE USER-PUT API	1680159202740	1680159204327	OK	 
REQUEST		UPDATE USER-PUT API	1680159203027	1680159204327	OK	 
REQUEST		UPDATE USER-PUT API	1680159203304	1680159204327	OK	 
REQUEST		UPDATE USER-PUT API	1680159202762	1680159204330	OK	 
REQUEST		UPDATE USER-PUT API	1680159202759	1680159204330	OK	 
REQUEST		UPDATE USER-PUT API	1680159202742	1680159204331	OK	 
REQUEST		UPDATE USER-PUT API	1680159203069	1680159204332	OK	 
REQUEST		UPDATE USER-PUT API	1680159202760	1680159204337	OK	 
REQUEST		UPDATE USER-PUT API	1680159202757	1680159204333	OK	 
REQUEST		UPDATE USER-PUT API	1680159203073	1680159204338	OK	 
REQUEST		UPDATE USER-PUT API	1680159203403	1680159204031	OK	 
REQUEST		UPDATE USER-PUT API	1680159202686	1680159204339	OK	 
REQUEST		UPDATE USER-PUT API	1680159203023	1680159204340	OK	 
REQUEST		UPDATE USER-PUT API	1680159202791	1680159204341	OK	 
REQUEST		UPDATE USER-PUT API	1680159203087	1680159204377	OK	 
REQUEST		UPDATE USER-PUT API	1680159202790	1680159204378	OK	 
REQUEST		UPDATE USER-PUT API	1680159203028	1680159204381	OK	 
REQUEST		UPDATE USER-PUT API	1680159202763	1680159204382	OK	 
REQUEST		UPDATE USER-PUT API	1680159203080	1680159204384	OK	 
REQUEST		UPDATE USER-PUT API	1680159203055	1680159204383	OK	 
REQUEST		UPDATE USER-PUT API	1680159202854	1680159204393	OK	 
REQUEST		UPDATE USER-PUT API	1680159203125	1680159204394	OK	 
REQUEST		UPDATE USER-PUT API	1680159203069	1680159204395	OK	 
REQUEST		UPDATE USER-PUT API	1680159202763	1680159204396	OK	 
REQUEST		UPDATE USER-PUT API	1680159203156	1680159204396	OK	 
REQUEST		UPDATE USER-PUT API	1680159203166	1680159204397	OK	 
REQUEST		UPDATE USER-PUT API	1680159202856	1680159204398	OK	 
REQUEST		UPDATE USER-PUT API	1680159203387	1680159204399	OK	 
REQUEST		UPDATE USER-PUT API	1680159202766	1680159204400	OK	 
REQUEST		UPDATE USER-PUT API	1680159203117	1680159204400	OK	 
REQUEST		UPDATE USER-PUT API	1680159202754	1680159204401	OK	 
REQUEST		UPDATE USER-PUT API	1680159202765	1680159204401	OK	 
REQUEST		UPDATE USER-PUT API	1680159202750	1680159204402	OK	 
REQUEST		UPDATE USER-PUT API	1680159202688	1680159204403	OK	 
REQUEST		UPDATE USER-PUT API	1680159203150	1680159204410	OK	 
REQUEST		UPDATE USER-PUT API	1680159203030	1680159204412	OK	 
REQUEST		UPDATE USER-PUT API	1680159202836	1680159204413	OK	 
REQUEST		UPDATE USER-PUT API	1680159202838	1680159204415	OK	 
REQUEST		UPDATE USER-PUT API	1680159202853	1680159204417	OK	 
REQUEST		UPDATE USER-PUT API	1680159202822	1680159204421	OK	 
USER	To update an existing user using PUT method	END	1680159204309
USER	To update an existing user using PUT method	END	1680159204310
USER	To update an existing user using PUT method	END	1680159204310
USER	To update an existing user using PUT method	END	1680159204310
USER	To update an existing user using PUT method	END	1680159204312
USER	To update an existing user using PUT method	END	1680159204312
USER	To update an existing user using PUT method	END	1680159204315
USER	To update an existing user using PUT method	END	1680159204316
USER	To update an existing user using PUT method	END	1680159204317
USER	To update an existing user using PUT method	END	1680159204319
USER	To update an existing user using PUT method	END	1680159204322
USER	To update an existing user using PUT method	END	1680159204322
USER	To update an existing user using PUT method	END	1680159204323
USER	To update an existing user using PUT method	END	1680159204323
USER	To update an existing user using PUT method	END	1680159204324
USER	To update an existing user using PUT method	END	1680159204324
USER	To update an existing user using PUT method	END	1680159204324
USER	To update an existing user using PUT method	END	1680159204325
USER	To update an existing user using PUT method	END	1680159204326
USER	To update an existing user using PUT method	END	1680159204326
USER	To update an existing user using PUT method	END	1680159204329
USER	To update an existing user using PUT method	END	1680159204329
USER	To update an existing user using PUT method	END	1680159204329
USER	To update an existing user using PUT method	END	1680159204330
USER	To update an existing user using PUT method	END	1680159204332
USER	To update an existing user using PUT method	END	1680159204332
USER	To update an existing user using PUT method	END	1680159204333
USER	To update an existing user using PUT method	END	1680159204336
USER	To update an existing user using PUT method	END	1680159204339
USER	To update an existing user using PUT method	END	1680159204339
REQUEST		UPDATE USER-PUT API	1680159202753	1680159204430	OK	 
REQUEST		UPDATE USER-PUT API	1680159202787	1680159204430	OK	 
REQUEST		UPDATE USER-PUT API	1680159203060	1680159204431	OK	 
REQUEST		UPDATE USER-PUT API	1680159202844	1680159204432	OK	 
REQUEST		UPDATE USER-PUT API	1680159202816	1680159204432	OK	 
REQUEST		UPDATE USER-PUT API	1680159202747	1680159204433	OK	 
REQUEST		UPDATE USER-PUT API	1680159203224	1680159204433	OK	 
REQUEST		UPDATE USER-PUT API	1680159202706	1680159204433	OK	 
REQUEST		UPDATE USER-PUT API	1680159202782	1680159204434	OK	 
REQUEST		UPDATE USER-PUT API	1680159203123	1680159204434	OK	 
REQUEST		UPDATE USER-PUT API	1680159203201	1680159204435	OK	 
REQUEST		UPDATE USER-PUT API	1680159202760	1680159204435	OK	 
REQUEST		UPDATE USER-PUT API	1680159202685	1680159204436	OK	 
REQUEST		UPDATE USER-PUT API	1680159203370	1680159204436	OK	 
REQUEST		UPDATE USER-PUT API	1680159202855	1680159204436	OK	 
REQUEST		UPDATE USER-PUT API	1680159202858	1680159204437	OK	 
REQUEST		UPDATE USER-PUT API	1680159203003	1680159204438	OK	 
REQUEST		UPDATE USER-PUT API	1680159203373	1680159204439	OK	 
REQUEST		UPDATE USER-PUT API	1680159203161	1680159204442	OK	 
REQUEST		UPDATE USER-PUT API	1680159202687	1680159204437	OK	 
REQUEST		UPDATE USER-PUT API	1680159202778	1680159204446	OK	 
REQUEST		UPDATE USER-PUT API	1680159203078	1680159204446	OK	 
USER	To update an existing user using PUT method	END	1680159204340
REQUEST		UPDATE USER-PUT API	1680159202772	1680159204449	OK	 
REQUEST		UPDATE USER-PUT API	1680159203071	1680159204450	OK	 
REQUEST		UPDATE USER-PUT API	1680159202821	1680159204450	OK	 
REQUEST		UPDATE USER-PUT API	1680159202786	1680159204451	OK	 
REQUEST		UPDATE USER-PUT API	1680159203172	1680159204451	OK	 
REQUEST		UPDATE USER-PUT API	1680159202826	1680159204452	OK	 
REQUEST		UPDATE USER-PUT API	1680159202774	1680159204453	OK	 
REQUEST		UPDATE USER-PUT API	1680159202747	1680159204454	OK	 
REQUEST		UPDATE USER-PUT API	1680159202741	1680159204455	OK	 
REQUEST		UPDATE USER-PUT API	1680159202769	1680159204456	OK	 
REQUEST		UPDATE USER-PUT API	1680159202768	1680159204459	OK	 
REQUEST		UPDATE USER-PUT API	1680159202740	1680159204461	OK	 
REQUEST		UPDATE USER-PUT API	1680159203009	1680159204461	OK	 
REQUEST		UPDATE USER-PUT API	1680159202686	1680159204446	OK	 
REQUEST		UPDATE USER-PUT API	1680159202739	1680159204459	OK	 
REQUEST		UPDATE USER-PUT API	1680159202837	1680159204464	OK	 
REQUEST		UPDATE USER-PUT API	1680159203013	1680159204466	OK	 
REQUEST		UPDATE USER-PUT API	1680159202846	1680159204469	OK	 
REQUEST		UPDATE USER-PUT API	1680159202843	1680159204471	OK	 
REQUEST		UPDATE USER-PUT API	1680159203384	1680159204475	OK	 
REQUEST		UPDATE USER-PUT API	1680159202924	1680159204476	OK	 
REQUEST		UPDATE USER-PUT API	1680159202854	1680159204478	OK	 
REQUEST		UPDATE USER-PUT API	1680159203148	1680159204481	OK	 
REQUEST		UPDATE USER-PUT API	1680159202764	1680159204481	OK	 
REQUEST		UPDATE USER-PUT API	1680159203019	1680159204498	OK	 
REQUEST		UPDATE USER-PUT API	1680159202760	1680159204501	OK	 
REQUEST		UPDATE USER-PUT API	1680159203133	1680159204502	OK	 
USER	To update an existing user using PUT method	END	1680159204340
USER	To update an existing user using PUT method	END	1680159204340
REQUEST		UPDATE USER-PUT API	1680159202744	1680159204502	OK	 
USER	To update an existing user using PUT method	END	1680159204341
USER	To update an existing user using PUT method	END	1680159204342
USER	To update an existing user using PUT method	END	1680159204378
USER	To update an existing user using PUT method	END	1680159204379
USER	To update an existing user using PUT method	END	1680159204381
USER	To update an existing user using PUT method	END	1680159204383
USER	To update an existing user using PUT method	END	1680159204392
USER	To update an existing user using PUT method	END	1680159204393
USER	To update an existing user using PUT method	END	1680159204395
USER	To update an existing user using PUT method	END	1680159204396
USER	To update an existing user using PUT method	END	1680159204397
USER	To update an existing user using PUT method	END	1680159204397
USER	To update an existing user using PUT method	END	1680159204398
USER	To update an existing user using PUT method	END	1680159204398
USER	To update an existing user using PUT method	END	1680159204398
REQUEST		UPDATE USER-PUT API	1680159202655	1680159204503	OK	 
USER	To update an existing user using PUT method	END	1680159204399
USER	To update an existing user using PUT method	END	1680159204399
USER	To update an existing user using PUT method	END	1680159204399
USER	To update an existing user using PUT method	END	1680159204400
USER	To update an existing user using PUT method	END	1680159204401
USER	To update an existing user using PUT method	END	1680159204402
USER	To update an existing user using PUT method	END	1680159204402
USER	To update an existing user using PUT method	END	1680159204402
USER	To update an existing user using PUT method	END	1680159204403
USER	To update an existing user using PUT method	END	1680159204412
USER	To update an existing user using PUT method	END	1680159204412
USER	To update an existing user using PUT method	END	1680159204414
USER	To update an existing user using PUT method	END	1680159204416
USER	To update an existing user using PUT method	END	1680159204418
REQUEST		UPDATE USER-PUT API	1680159202827	1680159204504	OK	 
USER	To update an existing user using PUT method	END	1680159204429
USER	To update an existing user using PUT method	END	1680159204429
USER	To update an existing user using PUT method	END	1680159204431
USER	To update an existing user using PUT method	END	1680159204432
USER	To update an existing user using PUT method	END	1680159204432
USER	To update an existing user using PUT method	END	1680159204433
USER	To update an existing user using PUT method	END	1680159204433
USER	To update an existing user using PUT method	END	1680159204435
USER	To update an existing user using PUT method	END	1680159204435
USER	To update an existing user using PUT method	END	1680159204435
USER	To update an existing user using PUT method	END	1680159204436
USER	To update an existing user using PUT method	END	1680159204436
USER	To update an existing user using PUT method	END	1680159204436
USER	To update an existing user using PUT method	END	1680159204437
USER	To update an existing user using PUT method	END	1680159204438
USER	To update an existing user using PUT method	END	1680159204440
USER	To update an existing user using PUT method	END	1680159204443
USER	To update an existing user using PUT method	END	1680159204443
USER	To update an existing user using PUT method	END	1680159204445
USER	To update an existing user using PUT method	END	1680159204448
USER	To update an existing user using PUT method	END	1680159204448
USER	To update an existing user using PUT method	END	1680159204450
USER	To update an existing user using PUT method	END	1680159204450
USER	To update an existing user using PUT method	END	1680159204451
USER	To update an existing user using PUT method	END	1680159204452
USER	To update an existing user using PUT method	END	1680159204452
USER	To update an existing user using PUT method	END	1680159204452
USER	To update an existing user using PUT method	END	1680159204453
USER	To update an existing user using PUT method	END	1680159204454
USER	To update an existing user using PUT method	END	1680159204456
USER	To update an existing user using PUT method	END	1680159204456
USER	To update an existing user using PUT method	END	1680159204458
USER	To update an existing user using PUT method	END	1680159204460
USER	To update an existing user using PUT method	END	1680159204460
USER	To update an existing user using PUT method	END	1680159204462
USER	To update an existing user using PUT method	END	1680159204462
USER	To update an existing user using PUT method	END	1680159204464
USER	To update an existing user using PUT method	END	1680159204466
USER	To update an existing user using PUT method	END	1680159204468
USER	To update an existing user using PUT method	END	1680159204470
USER	To update an existing user using PUT method	END	1680159204476
USER	To update an existing user using PUT method	END	1680159204476
USER	To update an existing user using PUT method	END	1680159204478
USER	To update an existing user using PUT method	END	1680159204479
USER	To update an existing user using PUT method	END	1680159204480
USER	To update an existing user using PUT method	END	1680159204487
USER	To update an existing user using PUT method	END	1680159204492
USER	To update an existing user using PUT method	END	1680159204492
USER	To update an existing user using PUT method	END	1680159204500
USER	To update an existing user using PUT method	END	1680159204500
USER	To update an existing user using PUT method	END	1680159204502
USER	To update an existing user using PUT method	END	1680159204503
USER	To update an existing user using PUT method	END	1680159204504
USER	To update an existing user using PUT method	END	1680159204504
REQUEST		UPDATE USER-PUT API	1680159202858	1680159204502	OK	 
REQUEST		UPDATE USER-PUT API	1680159202791	1680159204514	OK	 
REQUEST		UPDATE USER-PUT API	1680159203148	1680159204516	OK	 
REQUEST		UPDATE USER-PUT API	1680159203382	1680159204528	OK	 
REQUEST		UPDATE USER-PUT API	1680159202741	1680159204530	OK	 
REQUEST		UPDATE USER-PUT API	1680159203161	1680159204526	OK	 
REQUEST		UPDATE USER-PUT API	1680159202746	1680159204532	OK	 
REQUEST		UPDATE USER-PUT API	1680159203001	1680159204533	OK	 
REQUEST		UPDATE USER-PUT API	1680159203165	1680159204538	OK	 
REQUEST		UPDATE USER-PUT API	1680159202744	1680159204543	OK	 
REQUEST		UPDATE USER-PUT API	1680159202777	1680159204543	OK	 
REQUEST		UPDATE USER-PUT API	1680159202761	1680159204544	OK	 
REQUEST		UPDATE USER-PUT API	1680159202750	1680159204545	OK	 
REQUEST		UPDATE USER-PUT API	1680159202686	1680159204546	OK	 
REQUEST		UPDATE USER-PUT API	1680159203604	1680159204546	OK	 
REQUEST		UPDATE USER-PUT API	1680159202757	1680159204547	OK	 
REQUEST		UPDATE USER-PUT API	1680159202748	1680159204548	OK	 
REQUEST		UPDATE USER-PUT API	1680159202877	1680159204553	OK	 
REQUEST		UPDATE USER-PUT API	1680159202762	1680159204554	OK	 
REQUEST		UPDATE USER-PUT API	1680159202746	1680159204555	OK	 
REQUEST		UPDATE USER-PUT API	1680159202758	1680159204556	OK	 
REQUEST		UPDATE USER-PUT API	1680159202761	1680159204559	OK	 
REQUEST		UPDATE USER-PUT API	1680159202747	1680159204559	OK	 
REQUEST		UPDATE USER-PUT API	1680159202746	1680159204559	OK	 
REQUEST		UPDATE USER-PUT API	1680159202766	1680159204562	OK	 
REQUEST		UPDATE USER-PUT API	1680159202753	1680159204563	OK	 
REQUEST		UPDATE USER-PUT API	1680159202687	1680159204565	OK	 
REQUEST		UPDATE USER-PUT API	1680159203203	1680159204569	OK	 
REQUEST		UPDATE USER-PUT API	1680159203226	1680159204573	OK	 
REQUEST		UPDATE USER-PUT API	1680159203178	1680159204572	OK	 
REQUEST		UPDATE USER-PUT API	1680159202764	1680159204577	OK	 
REQUEST		UPDATE USER-PUT API	1680159202754	1680159204578	OK	 
REQUEST		UPDATE USER-PUT API	1680159202757	1680159204582	OK	 
REQUEST		UPDATE USER-PUT API	1680159203199	1680159204584	OK	 
REQUEST		UPDATE USER-PUT API	1680159202755	1680159204582	OK	 
REQUEST		UPDATE USER-PUT API	1680159202748	1680159204587	OK	 
REQUEST		UPDATE USER-PUT API	1680159203225	1680159204594	OK	 
REQUEST		UPDATE USER-PUT API	1680159202750	1680159204591	OK	 
REQUEST		UPDATE USER-PUT API	1680159202991	1680159204599	OK	 
REQUEST		UPDATE USER-PUT API	1680159202752	1680159204598	OK	 
REQUEST		UPDATE USER-PUT API	1680159202758	1680159204608	OK	 
REQUEST		UPDATE USER-PUT API	1680159202762	1680159204616	OK	 
REQUEST		UPDATE USER-PUT API	1680159203057	1680159204618	OK	 
REQUEST		UPDATE USER-PUT API	1680159202758	1680159204618	OK	 
REQUEST		UPDATE USER-PUT API	1680159203196	1680159204621	OK	 
REQUEST		UPDATE USER-PUT API	1680159203258	1680159204622	OK	 
REQUEST		UPDATE USER-PUT API	1680159202793	1680159204631	OK	 
REQUEST		UPDATE USER-PUT API	1680159203202	1680159204634	OK	 
REQUEST		UPDATE USER-PUT API	1680159202773	1680159204633	OK	 
REQUEST		UPDATE USER-PUT API	1680159203153	1680159204646	OK	 
REQUEST		UPDATE USER-PUT API	1680159203115	1680159204649	OK	 
REQUEST		UPDATE USER-PUT API	1680159202738	1680159204649	OK	 
REQUEST		UPDATE USER-PUT API	1680159202738	1680159204651	OK	 
REQUEST		UPDATE USER-PUT API	1680159203356	1680159204651	OK	 
REQUEST		UPDATE USER-PUT API	1680159202785	1680159204651	OK	 
REQUEST		UPDATE USER-PUT API	1680159202812	1680159204653	OK	 
REQUEST		UPDATE USER-PUT API	1680159202754	1680159204654	OK	 
REQUEST		UPDATE USER-PUT API	1680159202894	1680159204644	OK	 
REQUEST		UPDATE USER-PUT API	1680159202752	1680159204656	OK	 
USER	To update an existing user using PUT method	END	1680159204512
USER	To update an existing user using PUT method	END	1680159204515
USER	To update an existing user using PUT method	END	1680159204516
REQUEST		UPDATE USER-PUT API	1680159202784	1680159204662	OK	 
REQUEST		UPDATE USER-PUT API	1680159202824	1680159204664	OK	 
REQUEST		UPDATE USER-PUT API	1680159202766	1680159204670	OK	 
REQUEST		UPDATE USER-PUT API	1680159203405	1680159204666	OK	 
REQUEST		UPDATE USER-PUT API	1680159202921	1680159204674	OK	 
REQUEST		UPDATE USER-PUT API	1680159203196	1680159204674	OK	 
REQUEST		UPDATE USER-PUT API	1680159203223	1680159204689	OK	 
REQUEST		UPDATE USER-PUT API	1680159203212	1680159204692	OK	 
REQUEST		UPDATE USER-PUT API	1680159203434	1680159204695	OK	 
REQUEST		UPDATE USER-PUT API	1680159202853	1680159204688	OK	 
REQUEST		UPDATE USER-PUT API	1680159202838	1680159204697	OK	 
REQUEST		UPDATE USER-PUT API	1680159202738	1680159204700	OK	 
REQUEST		UPDATE USER-PUT API	1680159202794	1680159204701	OK	 
REQUEST		UPDATE USER-PUT API	1680159202787	1680159204702	OK	 
REQUEST		UPDATE USER-PUT API	1680159202763	1680159204703	OK	 
REQUEST		UPDATE USER-PUT API	1680159202762	1680159204704	OK	 
REQUEST		UPDATE USER-PUT API	1680159203013	1680159204717	OK	 
REQUEST		UPDATE USER-PUT API	1680159202769	1680159204702	OK	 
REQUEST		UPDATE USER-PUT API	1680159203603	1680159204722	OK	 
REQUEST		UPDATE USER-PUT API	1680159203601	1680159204725	OK	 
REQUEST		UPDATE USER-PUT API	1680159203172	1680159204727	OK	 
REQUEST		UPDATE USER-PUT API	1680159203156	1680159204720	OK	 
REQUEST		UPDATE USER-PUT API	1680159202839	1680159204734	OK	 
REQUEST		UPDATE USER-PUT API	1680159202784	1680159204761	OK	 
REQUEST		UPDATE USER-PUT API	1680159202776	1680159204764	OK	 
REQUEST		UPDATE USER-PUT API	1680159203011	1680159204765	OK	 
REQUEST		UPDATE USER-PUT API	1680159202771	1680159204767	OK	 
USER	To update an existing user using PUT method	END	1680159204531
USER	To update an existing user using PUT method	END	1680159204531
USER	To update an existing user using PUT method	END	1680159204532
USER	To update an existing user using PUT method	END	1680159204533
USER	To update an existing user using PUT method	END	1680159204537
USER	To update an existing user using PUT method	END	1680159204542
USER	To update an existing user using PUT method	END	1680159204544
USER	To update an existing user using PUT method	END	1680159204545
REQUEST		UPDATE USER-PUT API	1680159202887	1680159204773	OK	 
USER	To update an existing user using PUT method	END	1680159204545
USER	To update an existing user using PUT method	END	1680159204546
USER	To update an existing user using PUT method	END	1680159204547
USER	To update an existing user using PUT method	END	1680159204548
USER	To update an existing user using PUT method	END	1680159204550
USER	To update an existing user using PUT method	END	1680159204551
USER	To update an existing user using PUT method	END	1680159204554
USER	To update an existing user using PUT method	END	1680159204558
USER	To update an existing user using PUT method	END	1680159204558
USER	To update an existing user using PUT method	END	1680159204559
USER	To update an existing user using PUT method	END	1680159204562
USER	To update an existing user using PUT method	END	1680159204562
USER	To update an existing user using PUT method	END	1680159204564
USER	To update an existing user using PUT method	END	1680159204566
USER	To update an existing user using PUT method	END	1680159204567
USER	To update an existing user using PUT method	END	1680159204572
USER	To update an existing user using PUT method	END	1680159204575
USER	To update an existing user using PUT method	END	1680159204577
USER	To update an existing user using PUT method	END	1680159204580
USER	To update an existing user using PUT method	END	1680159204581
USER	To update an existing user using PUT method	END	1680159204583
USER	To update an existing user using PUT method	END	1680159204586
USER	To update an existing user using PUT method	END	1680159204591
USER	To update an existing user using PUT method	END	1680159204593
USER	To update an existing user using PUT method	END	1680159204596
USER	To update an existing user using PUT method	END	1680159204603
USER	To update an existing user using PUT method	END	1680159204614
USER	To update an existing user using PUT method	END	1680159204615
USER	To update an existing user using PUT method	END	1680159204617
USER	To update an existing user using PUT method	END	1680159204619
USER	To update an existing user using PUT method	END	1680159204619
USER	To update an existing user using PUT method	END	1680159204623
USER	To update an existing user using PUT method	END	1680159204628
USER	To update an existing user using PUT method	END	1680159204634
REQUEST		UPDATE USER-PUT API	1680159203055	1680159204780	OK	 
USER	To update an existing user using PUT method	END	1680159204635
USER	To update an existing user using PUT method	END	1680159204648
USER	To update an existing user using PUT method	END	1680159204649
USER	To update an existing user using PUT method	END	1680159204650
USER	To update an existing user using PUT method	END	1680159204651
USER	To update an existing user using PUT method	END	1680159204651
USER	To update an existing user using PUT method	END	1680159204652
USER	To update an existing user using PUT method	END	1680159204652
USER	To update an existing user using PUT method	END	1680159204654
USER	To update an existing user using PUT method	END	1680159204655
USER	To update an existing user using PUT method	END	1680159204661
USER	To update an existing user using PUT method	END	1680159204662
USER	To update an existing user using PUT method	END	1680159204664
USER	To update an existing user using PUT method	END	1680159204665
USER	To update an existing user using PUT method	END	1680159204666
USER	To update an existing user using PUT method	END	1680159204672
USER	To update an existing user using PUT method	END	1680159204673
USER	To update an existing user using PUT method	END	1680159204676
USER	To update an existing user using PUT method	END	1680159204676
REQUEST		UPDATE USER-PUT API	1680159203158	1680159204781	OK	 
USER	To update an existing user using PUT method	END	1680159204687
USER	To update an existing user using PUT method	END	1680159204689
USER	To update an existing user using PUT method	END	1680159204692
REQUEST		UPDATE USER-PUT API	1680159203172	1680159204783	OK	 
REQUEST		UPDATE USER-PUT API	1680159202851	1680159204784	OK	 
REQUEST		UPDATE USER-PUT API	1680159202840	1680159204793	OK	 
REQUEST		UPDATE USER-PUT API	1680159202969	1680159204792	OK	 
REQUEST		UPDATE USER-PUT API	1680159202829	1680159204797	OK	 
REQUEST		UPDATE USER-PUT API	1680159203256	1680159204803	OK	 
REQUEST		UPDATE USER-PUT API	1680159202796	1680159204806	OK	 
REQUEST		UPDATE USER-PUT API	1680159202755	1680159204807	OK	 
REQUEST		UPDATE USER-PUT API	1680159202836	1680159204810	OK	 
REQUEST		UPDATE USER-PUT API	1680159203274	1680159204822	OK	 
REQUEST		UPDATE USER-PUT API	1680159203449	1680159204824	OK	 
REQUEST		UPDATE USER-PUT API	1680159202811	1680159204805	OK	 
REQUEST		UPDATE USER-PUT API	1680159203130	1680159204829	OK	 
REQUEST		UPDATE USER-PUT API	1680159202765	1680159204831	OK	 
REQUEST		UPDATE USER-PUT API	1680159203432	1680159204834	OK	 
REQUEST		UPDATE USER-PUT API	1680159203115	1680159204836	OK	 
REQUEST		UPDATE USER-PUT API	1680159203420	1680159204837	OK	 
REQUEST		UPDATE USER-PUT API	1680159203082	1680159204837	OK	 
REQUEST		UPDATE USER-PUT API	1680159203400	1680159204838	OK	 
REQUEST		UPDATE USER-PUT API	1680159203006	1680159204839	OK	 
REQUEST		UPDATE USER-PUT API	1680159203150	1680159204844	OK	 
REQUEST		UPDATE USER-PUT API	1680159202742	1680159204843	OK	 
USER	To update an existing user using PUT method	END	1680159204694
REQUEST		UPDATE USER-PUT API	1680159203435	1680159204855	OK	 
REQUEST		UPDATE USER-PUT API	1680159202793	1680159204857	OK	 
REQUEST		UPDATE USER-PUT API	1680159203084	1680159204866	OK	 
USER	To update an existing user using PUT method	END	1680159204697
USER	To update an existing user using PUT method	END	1680159204699
USER	To update an existing user using PUT method	END	1680159204700
USER	To update an existing user using PUT method	END	1680159204702
USER	To update an existing user using PUT method	END	1680159204702
USER	To update an existing user using PUT method	END	1680159204702
USER	To update an existing user using PUT method	END	1680159204703
USER	To update an existing user using PUT method	END	1680159204705
USER	To update an existing user using PUT method	END	1680159204716
USER	To update an existing user using PUT method	END	1680159204719
USER	To update an existing user using PUT method	END	1680159204724
USER	To update an existing user using PUT method	END	1680159204727
USER	To update an existing user using PUT method	END	1680159204731
USER	To update an existing user using PUT method	END	1680159204749
USER	To update an existing user using PUT method	END	1680159204760
USER	To update an existing user using PUT method	END	1680159204763
USER	To update an existing user using PUT method	END	1680159204765
USER	To update an existing user using PUT method	END	1680159204767
USER	To update an existing user using PUT method	END	1680159204767
USER	To update an existing user using PUT method	END	1680159204768
USER	To update an existing user using PUT method	END	1680159204781
USER	To update an existing user using PUT method	END	1680159204784
USER	To update an existing user using PUT method	END	1680159204784
USER	To update an existing user using PUT method	END	1680159204790
USER	To update an existing user using PUT method	END	1680159204792
USER	To update an existing user using PUT method	END	1680159204796
USER	To update an existing user using PUT method	END	1680159204801
USER	To update an existing user using PUT method	END	1680159204802
USER	To update an existing user using PUT method	END	1680159204804
USER	To update an existing user using PUT method	END	1680159204808
USER	To update an existing user using PUT method	END	1680159204809
USER	To update an existing user using PUT method	END	1680159204812
USER	To update an existing user using PUT method	END	1680159204828
USER	To update an existing user using PUT method	END	1680159204830
USER	To update an existing user using PUT method	END	1680159204833
USER	To update an existing user using PUT method	END	1680159204833
USER	To update an existing user using PUT method	END	1680159204836
USER	To update an existing user using PUT method	END	1680159204837
USER	To update an existing user using PUT method	END	1680159204837
USER	To update an existing user using PUT method	END	1680159204838
USER	To update an existing user using PUT method	END	1680159204839
USER	To update an existing user using PUT method	END	1680159204840
USER	To update an existing user using PUT method	END	1680159204854
USER	To update an existing user using PUT method	END	1680159204866
USER	To update an existing user using PUT method	END	1680159204866
USER	To update an existing user using PUT method	END	1680159204867
USER	To update an existing user using PUT method	END	1680159204867
REQUEST		UPDATE USER-PUT API	1680159202878	1680159204867	OK	 
USER	To update an existing user using PUT method	END	1680159204870
USER	To update an existing user using PUT method	END	1680159204871
REQUEST		UPDATE USER-PUT API	1680159203146	1680159204871	OK	 
REQUEST		UPDATE USER-PUT API	1680159202753	1680159204872	OK	 
USER	To update an existing user using PUT method	END	1680159204873
REQUEST		UPDATE USER-PUT API	1680159202765	1680159204874	OK	 
REQUEST		UPDATE USER-PUT API	1680159202809	1680159204845	OK	 
USER	To update an existing user using PUT method	END	1680159204876
USER	To update an existing user using PUT method	END	1680159204877
USER	To update an existing user using PUT method	END	1680159204877
REQUEST		UPDATE USER-PUT API	1680159202785	1680159204877	OK	 
REQUEST		UPDATE USER-PUT API	1680159202677	1680159204878	OK	 
USER	To update an existing user using PUT method	END	1680159204879
USER	To update an existing user using PUT method	END	1680159204879
REQUEST		UPDATE USER-PUT API	1680159202765	1680159204880	OK	 
REQUEST		UPDATE USER-PUT API	1680159202740	1680159204885	OK	 
REQUEST		UPDATE USER-PUT API	1680159203451	1680159204885	OK	 
USER	To update an existing user using PUT method	END	1680159204885
REQUEST		UPDATE USER-PUT API	1680159203385	1680159204839	OK	 
REQUEST		UPDATE USER-PUT API	1680159202767	1680159204886	OK	 
REQUEST		UPDATE USER-PUT API	1680159203180	1680159204886	OK	 
REQUEST		UPDATE USER-PUT API	1680159202705	1680159204887	OK	 
REQUEST		UPDATE USER-PUT API	1680159202821	1680159204888	OK	 
USER	To update an existing user using PUT method	END	1680159204886
USER	To update an existing user using PUT method	END	1680159204888
USER	To update an existing user using PUT method	END	1680159204894
USER	To update an existing user using PUT method	END	1680159204895
REQUEST		UPDATE USER-PUT API	1680159202768	1680159204895	OK	 
REQUEST		UPDATE USER-PUT API	1680159202819	1680159204895	OK	 
USER	To update an existing user using PUT method	END	1680159204897
USER	To update an existing user using PUT method	END	1680159204897
REQUEST		UPDATE USER-PUT API	1680159202793	1680159204897	OK	 
REQUEST		UPDATE USER-PUT API	1680159202751	1680159204897	OK	 
USER	To update an existing user using PUT method	END	1680159204899
USER	To update an existing user using PUT method	END	1680159204899
REQUEST		UPDATE USER-PUT API	1680159202803	1680159204901	OK	 
USER	To update an existing user using PUT method	END	1680159204903
USER	To update an existing user using PUT method	END	1680159204903
USER	To update an existing user using PUT method	END	1680159204903
REQUEST		UPDATE USER-PUT API	1680159203163	1680159204903	OK	 
REQUEST		UPDATE USER-PUT API	1680159203316	1680159204903	OK	 
REQUEST		UPDATE USER-PUT API	1680159202910	1680159204905	OK	 
REQUEST		UPDATE USER-PUT API	1680159203164	1680159204905	OK	 
REQUEST		UPDATE USER-PUT API	1680159203310	1680159204910	OK	 
REQUEST		UPDATE USER-PUT API	1680159203139	1680159204909	OK	 
REQUEST		UPDATE USER-PUT API	1680159202801	1680159204911	OK	 
REQUEST		UPDATE USER-PUT API	1680159203146	1680159204912	OK	 
REQUEST		UPDATE USER-PUT API	1680159203118	1680159204913	OK	 
REQUEST		UPDATE USER-PUT API	1680159203134	1680159204912	OK	 
REQUEST		UPDATE USER-PUT API	1680159203133	1680159204915	OK	 
REQUEST		UPDATE USER-PUT API	1680159203307	1680159204915	OK	 
USER	To update an existing user using PUT method	END	1680159204905
USER	To update an existing user using PUT method	END	1680159204906
USER	To update an existing user using PUT method	END	1680159204906
USER	To update an existing user using PUT method	END	1680159204909
USER	To update an existing user using PUT method	END	1680159204911
USER	To update an existing user using PUT method	END	1680159204912
USER	To update an existing user using PUT method	END	1680159204913
USER	To update an existing user using PUT method	END	1680159204915
USER	To update an existing user using PUT method	END	1680159204915
USER	To update an existing user using PUT method	END	1680159204916
USER	To update an existing user using PUT method	END	1680159204918
REQUEST		UPDATE USER-PUT API	1680159202705	1680159204919	OK	 
USER	To update an existing user using PUT method	END	1680159204920
REQUEST		UPDATE USER-PUT API	1680159202974	1680159204922	OK	 
REQUEST		UPDATE USER-PUT API	1680159202757	1680159204926	OK	 
REQUEST		UPDATE USER-PUT API	1680159202748	1680159204927	OK	 
USER	To update an existing user using PUT method	END	1680159204923
USER	To update an existing user using PUT method	END	1680159204925
USER	To update an existing user using PUT method	END	1680159204929
USER	To update an existing user using PUT method	END	1680159204931
REQUEST		UPDATE USER-PUT API	1680159202764	1680159204932	OK	 
REQUEST		UPDATE USER-PUT API	1680159203163	1680159204933	OK	 
REQUEST		UPDATE USER-PUT API	1680159203447	1680159204934	OK	 
REQUEST		UPDATE USER-PUT API	1680159203453	1680159204935	OK	 
REQUEST		UPDATE USER-PUT API	1680159203432	1680159204939	OK	 
REQUEST		UPDATE USER-PUT API	1680159203099	1680159204944	OK	 
REQUEST		UPDATE USER-PUT API	1680159202744	1680159204945	OK	 
REQUEST		UPDATE USER-PUT API	1680159203452	1680159204960	OK	 
REQUEST		UPDATE USER-PUT API	1680159203306	1680159204966	OK	 
USER	To update an existing user using PUT method	END	1680159204933
USER	To update an existing user using PUT method	END	1680159204933
USER	To update an existing user using PUT method	END	1680159204935
USER	To update an existing user using PUT method	END	1680159204935
USER	To update an existing user using PUT method	END	1680159204938
USER	To update an existing user using PUT method	END	1680159204947
USER	To update an existing user using PUT method	END	1680159204950
USER	To update an existing user using PUT method	END	1680159204951
USER	To update an existing user using PUT method	END	1680159204962
USER	To update an existing user using PUT method	END	1680159204967
REQUEST		UPDATE USER-PUT API	1680159203429	1680159204972	OK	 
USER	To update an existing user using PUT method	END	1680159204975
REQUEST		UPDATE USER-PUT API	1680159203135	1680159204985	OK	 
USER	To update an existing user using PUT method	END	1680159204980
REQUEST		UPDATE USER-PUT API	1680159203145	1680159204987	OK	 
REQUEST		UPDATE USER-PUT API	1680159202743	1680159204989	OK	 
USER	To update an existing user using PUT method	END	1680159204987
USER	To update an existing user using PUT method	END	1680159204988
USER	To update an existing user using PUT method	END	1680159204994
REQUEST		UPDATE USER-PUT API	1680159203317	1680159204995	OK	 
USER	To update an existing user using PUT method	END	1680159204997
REQUEST		UPDATE USER-PUT API	1680159202922	1680159204998	OK	 
REQUEST		UPDATE USER-PUT API	1680159202741	1680159204997	OK	 
REQUEST		UPDATE USER-PUT API	1680159203160	1680159205015	OK	 
REQUEST		UPDATE USER-PUT API	1680159202752	1680159205030	OK	 
USER	To update an existing user using PUT method	END	1680159205000
USER	To update an existing user using PUT method	END	1680159205001
USER	To update an existing user using PUT method	END	1680159205018
REQUEST		UPDATE USER-PUT API	1680159203157	1680159205032	OK	 
USER	To update an existing user using PUT method	END	1680159205046
USER	To update an existing user using PUT method	END	1680159205049
REQUEST		UPDATE USER-PUT API	1680159202845	1680159205050	OK	 
USER	To update an existing user using PUT method	END	1680159205052
REQUEST		UPDATE USER-PUT API	1680159203123	1680159205061	OK	 
USER	To update an existing user using PUT method	END	1680159205063
REQUEST		UPDATE USER-PUT API	1680159202828	1680159205064	OK	 
USER	To update an existing user using PUT method	END	1680159205065
REQUEST		UPDATE USER-PUT API	1680159203314	1680159205076	OK	 
USER	To update an existing user using PUT method	END	1680159205083
REQUEST		UPDATE USER-PUT API	1680159203320	1680159205264	OK	 
USER	To update an existing user using PUT method	END	1680159205267
REQUEST		UPDATE USER-PUT API	1680159202760	1680159205268	OK	 
USER	To update an existing user using PUT method	END	1680159205270
