RUN	Simulations.TC4_POST_API	tc4-post-api	1680158299486	 	3.6.1
USER	To create a user in the database	START	1680158300984
USER	To create a user in the database	START	1680158301288
USER	To create a user in the database	START	1680158301290
USER	To create a user in the database	START	1680158301291
USER	To create a user in the database	START	1680158301295
USER	To create a user in the database	START	1680158301296
USER	To create a user in the database	START	1680158300976
USER	To create a user in the database	START	1680158301317
USER	To create a user in the database	START	1680158301319
USER	To create a user in the database	START	1680158301321
USER	To create a user in the database	START	1680158301323
USER	To create a user in the database	START	1680158301324
USER	To create a user in the database	START	1680158300989
USER	To create a user in the database	START	1680158301357
USER	To create a user in the database	START	1680158300984
USER	To create a user in the database	START	1680158301380
USER	To create a user in the database	START	1680158300976
USER	To create a user in the database	START	1680158300977
USER	To create a user in the database	START	1680158301385
USER	To create a user in the database	START	1680158301385
USER	To create a user in the database	START	1680158301391
USER	To create a user in the database	START	1680158301391
USER	To create a user in the database	START	1680158301393
USER	To create a user in the database	START	1680158301393
USER	To create a user in the database	START	1680158301395
USER	To create a user in the database	START	1680158301396
USER	To create a user in the database	START	1680158301394
USER	To create a user in the database	START	1680158301398
USER	To create a user in the database	START	1680158301376
USER	To create a user in the database	START	1680158301408
USER	To create a user in the database	START	1680158301424
USER	To create a user in the database	START	1680158301427
USER	To create a user in the database	START	1680158301419
USER	To create a user in the database	START	1680158301434
USER	To create a user in the database	START	1680158301431
USER	To create a user in the database	START	1680158301436
USER	To create a user in the database	START	1680158301436
USER	To create a user in the database	START	1680158300979
USER	To create a user in the database	START	1680158300976
USER	To create a user in the database	START	1680158301442
USER	To create a user in the database	START	1680158300989
USER	To create a user in the database	START	1680158301443
USER	To create a user in the database	START	1680158301444
USER	To create a user in the database	START	1680158301445
USER	To create a user in the database	START	1680158301446
USER	To create a user in the database	START	1680158301448
USER	To create a user in the database	START	1680158301464
USER	To create a user in the database	START	1680158301442
USER	To create a user in the database	START	1680158301481
USER	To create a user in the database	START	1680158301487
USER	To create a user in the database	START	1680158301491
USER	To create a user in the database	START	1680158301493
USER	To create a user in the database	START	1680158300981
USER	To create a user in the database	START	1680158300976
USER	To create a user in the database	START	1680158300980
USER	To create a user in the database	START	1680158301527
USER	To create a user in the database	START	1680158301528
USER	To create a user in the database	START	1680158300977
USER	To create a user in the database	START	1680158300976
USER	To create a user in the database	START	1680158301531
USER	To create a user in the database	START	1680158301532
USER	To create a user in the database	START	1680158301533
USER	To create a user in the database	START	1680158301534
USER	To create a user in the database	START	1680158301536
USER	To create a user in the database	START	1680158301538
USER	To create a user in the database	START	1680158301530
USER	To create a user in the database	START	1680158301540
USER	To create a user in the database	START	1680158301540
USER	To create a user in the database	START	1680158301541
USER	To create a user in the database	START	1680158301543
USER	To create a user in the database	START	1680158301524
USER	To create a user in the database	START	1680158301583
USER	To create a user in the database	START	1680158301591
USER	To create a user in the database	START	1680158301602
USER	To create a user in the database	START	1680158301607
USER	To create a user in the database	START	1680158301446
USER	To create a user in the database	START	1680158300977
USER	To create a user in the database	START	1680158301625
USER	To create a user in the database	START	1680158301619
USER	To create a user in the database	START	1680158300976
USER	To create a user in the database	START	1680158301631
USER	To create a user in the database	START	1680158301632
USER	To create a user in the database	START	1680158301646
USER	To create a user in the database	START	1680158301641
USER	To create a user in the database	START	1680158301537
USER	To create a user in the database	START	1680158301653
USER	To create a user in the database	START	1680158301654
USER	To create a user in the database	START	1680158301638
USER	To create a user in the database	START	1680158301689
USER	To create a user in the database	START	1680158301472
USER	To create a user in the database	START	1680158301650
USER	To create a user in the database	START	1680158301726
USER	To create a user in the database	START	1680158301696
USER	To create a user in the database	START	1680158301784
USER	To create a user in the database	START	1680158301786
USER	To create a user in the database	START	1680158301793
USER	To create a user in the database	START	1680158301530
USER	To create a user in the database	START	1680158301799
USER	To create a user in the database	START	1680158301809
USER	To create a user in the database	START	1680158301815
REQUEST		CREATE USER API	1680158301434	1680158301959	OK	 
USER	To create a user in the database	END	1680158302153
REQUEST		CREATE USER API	1680158301244	1680158302122	OK	 
REQUEST		CREATE USER API	1680158301541	1680158302087	OK	 
REQUEST		CREATE USER API	1680158301391	1680158302088	OK	 
REQUEST		CREATE USER API	1680158301242	1680158302159	OK	 
REQUEST		CREATE USER API	1680158301244	1680158301964	OK	 
REQUEST		CREATE USER API	1680158301533	1680158302163	OK	 
REQUEST		CREATE USER API	1680158301527	1680158302163	OK	 
REQUEST		CREATE USER API	1680158301244	1680158302062	OK	 
REQUEST		CREATE USER API	1680158301243	1680158302096	OK	 
REQUEST		CREATE USER API	1680158301242	1680158302170	OK	 
REQUEST		CREATE USER API	1680158301419	1680158302170	OK	 
REQUEST		CREATE USER API	1680158301530	1680158302171	OK	 
REQUEST		CREATE USER API	1680158301488	1680158302170	OK	 
REQUEST		CREATE USER API	1680158301539	1680158302172	OK	 
REQUEST		CREATE USER API	1680158301378	1680158302172	OK	 
REQUEST		CREATE USER API	1680158301441	1680158302173	OK	 
REQUEST		CREATE USER API	1680158301494	1680158302173	OK	 
REQUEST		CREATE USER API	1680158301297	1680158302070	OK	 
REQUEST		CREATE USER API	1680158301543	1680158302174	OK	 
REQUEST		CREATE USER API	1680158301432	1680158302174	OK	 
REQUEST		CREATE USER API	1680158301537	1680158302175	OK	 
REQUEST		CREATE USER API	1680158301359	1680158302176	OK	 
REQUEST		CREATE USER API	1680158301295	1680158302176	OK	 
REQUEST		CREATE USER API	1680158301443	1680158302176	OK	 
REQUEST		CREATE USER API	1680158301320	1680158302178	OK	 
REQUEST		CREATE USER API	1680158301239	1680158302179	OK	 
REQUEST		CREATE USER API	1680158301289	1680158302181	OK	 
USER	To create a user in the database	END	1680158302158
USER	To create a user in the database	END	1680158302159
USER	To create a user in the database	END	1680158302161
USER	To create a user in the database	END	1680158302162
USER	To create a user in the database	END	1680158302165
USER	To create a user in the database	END	1680158302168
USER	To create a user in the database	END	1680158302169
REQUEST		CREATE USER API	1680158301321	1680158302181	OK	 
USER	To create a user in the database	END	1680158302170
USER	To create a user in the database	END	1680158302171
USER	To create a user in the database	END	1680158302172
USER	To create a user in the database	END	1680158302172
USER	To create a user in the database	END	1680158302172
USER	To create a user in the database	END	1680158302174
USER	To create a user in the database	END	1680158302174
USER	To create a user in the database	END	1680158302174
USER	To create a user in the database	END	1680158302175
USER	To create a user in the database	END	1680158302175
USER	To create a user in the database	END	1680158302176
USER	To create a user in the database	END	1680158302176
USER	To create a user in the database	END	1680158302163
REQUEST		CREATE USER API	1680158301420	1680158302188	OK	 
REQUEST		CREATE USER API	1680158301540	1680158302188	OK	 
REQUEST		CREATE USER API	1680158301292	1680158302189	OK	 
REQUEST		CREATE USER API	1680158301324	1680158302191	OK	 
REQUEST		CREATE USER API	1680158301290	1680158302191	OK	 
REQUEST		CREATE USER API	1680158301542	1680158302193	OK	 
REQUEST		CREATE USER API	1680158301318	1680158302194	OK	 
REQUEST		CREATE USER API	1680158301399	1680158302194	OK	 
REQUEST		CREATE USER API	1680158301393	1680158302196	OK	 
REQUEST		CREATE USER API	1680158301645	1680158302193	OK	 
REQUEST		CREATE USER API	1680158301323	1680158302197	OK	 
REQUEST		CREATE USER API	1680158301437	1680158302191	OK	 
REQUEST		CREATE USER API	1680158301485	1680158302201	OK	 
REQUEST		CREATE USER API	1680158301532	1680158302204	OK	 
REQUEST		CREATE USER API	1680158301241	1680158302205	OK	 
REQUEST		CREATE USER API	1680158301382	1680158302206	OK	 
REQUEST		CREATE USER API	1680158301390	1680158302210	OK	 
USER	To create a user in the database	END	1680158302177
USER	To create a user in the database	END	1680158302178
USER	To create a user in the database	END	1680158302179
USER	To create a user in the database	END	1680158302180
USER	To create a user in the database	END	1680158302183
USER	To create a user in the database	END	1680158302185
USER	To create a user in the database	END	1680158302186
USER	To create a user in the database	END	1680158302190
USER	To create a user in the database	END	1680158302190
USER	To create a user in the database	END	1680158302190
USER	To create a user in the database	END	1680158302190
USER	To create a user in the database	END	1680158302193
USER	To create a user in the database	END	1680158302193
USER	To create a user in the database	END	1680158302194
USER	To create a user in the database	END	1680158302195
USER	To create a user in the database	END	1680158302196
USER	To create a user in the database	END	1680158302197
USER	To create a user in the database	END	1680158302201
USER	To create a user in the database	END	1680158302201
USER	To create a user in the database	END	1680158302203
USER	To create a user in the database	END	1680158302204
USER	To create a user in the database	END	1680158302206
USER	To create a user in the database	END	1680158302207
USER	To create a user in the database	END	1680158302208
USER	To create a user in the database	END	1680158302211
REQUEST		CREATE USER API	1680158301492	1680158302217	OK	 
USER	To create a user in the database	END	1680158302220
REQUEST		CREATE USER API	1680158301395	1680158302225	OK	 
REQUEST		CREATE USER API	1680158301532	1680158302225	OK	 
REQUEST		CREATE USER API	1680158301397	1680158302225	OK	 
USER	To create a user in the database	END	1680158302227
USER	To create a user in the database	END	1680158302227
USER	To create a user in the database	END	1680158302227
REQUEST		CREATE USER API	1680158301389	1680158302228	OK	 
USER	To create a user in the database	END	1680158302229
REQUEST		CREATE USER API	1680158301395	1680158302230	OK	 
REQUEST		CREATE USER API	1680158301584	1680158302225	OK	 
REQUEST		CREATE USER API	1680158301393	1680158302232	OK	 
REQUEST		CREATE USER API	1680158301446	1680158302225	OK	 
REQUEST		CREATE USER API	1680158301576	1680158302235	OK	 
REQUEST		CREATE USER API	1680158301467	1680158302235	OK	 
REQUEST		CREATE USER API	1680158301428	1680158302237	OK	 
REQUEST		CREATE USER API	1680158301244	1680158302238	OK	 
USER	To create a user in the database	END	1680158302231
USER	To create a user in the database	END	1680158302234
USER	To create a user in the database	END	1680158302234
USER	To create a user in the database	END	1680158302236
USER	To create a user in the database	END	1680158302236
USER	To create a user in the database	END	1680158302239
USER	To create a user in the database	END	1680158302240
USER	To create a user in the database	END	1680158302240
REQUEST		CREATE USER API	1680158301424	1680158302241	OK	 
REQUEST		CREATE USER API	1680158301243	1680158302249	OK	 
REQUEST		CREATE USER API	1680158301534	1680158302250	OK	 
USER	To create a user in the database	END	1680158302251
REQUEST		CREATE USER API	1680158301445	1680158302252	OK	 
REQUEST		CREATE USER API	1680158301446	1680158302267	OK	 
REQUEST		CREATE USER API	1680158301729	1680158302258	OK	 
USER	To create a user in the database	END	1680158302252
REQUEST		CREATE USER API	1680158301242	1680158302269	OK	 
USER	To create a user in the database	END	1680158302257
USER	To create a user in the database	END	1680158302258
USER	To create a user in the database	END	1680158302272
USER	To create a user in the database	END	1680158302272
USER	To create a user in the database	END	1680158302273
REQUEST		CREATE USER API	1680158301597	1680158302285	OK	 
USER	To create a user in the database	END	1680158302288
REQUEST		CREATE USER API	1680158301242	1680158302301	OK	 
USER	To create a user in the database	END	1680158302302
REQUEST		CREATE USER API	1680158301607	1680158302304	OK	 
REQUEST		CREATE USER API	1680158301653	1680158302304	OK	 
REQUEST		CREATE USER API	1680158301239	1680158302305	OK	 
USER	To create a user in the database	END	1680158302306
USER	To create a user in the database	END	1680158302306
REQUEST		CREATE USER API	1680158301628	1680158302307	OK	 
USER	To create a user in the database	END	1680158302308
REQUEST		CREATE USER API	1680158301654	1680158302314	OK	 
USER	To create a user in the database	END	1680158302316
REQUEST		CREATE USER API	1680158301603	1680158302309	OK	 
USER	To create a user in the database	END	1680158302319
USER	To create a user in the database	END	1680158302319
REQUEST		CREATE USER API	1680158301651	1680158302332	OK	 
REQUEST		CREATE USER API	1680158301243	1680158302339	OK	 
REQUEST		CREATE USER API	1680158301453	1680158302351	OK	 
REQUEST		CREATE USER API	1680158301444	1680158302353	OK	 
REQUEST		CREATE USER API	1680158301445	1680158302355	OK	 
REQUEST		CREATE USER API	1680158301621	1680158302370	OK	 
REQUEST		CREATE USER API	1680158301648	1680158302372	OK	 
REQUEST		CREATE USER API	1680158301651	1680158302375	OK	 
REQUEST		CREATE USER API	1680158301620	1680158302379	OK	 
REQUEST		CREATE USER API	1680158301638	1680158302383	OK	 
REQUEST		CREATE USER API	1680158301446	1680158302384	OK	 
USER	To create a user in the database	END	1680158302335
USER	To create a user in the database	END	1680158302344
USER	To create a user in the database	END	1680158302355
USER	To create a user in the database	END	1680158302355
USER	To create a user in the database	END	1680158302356
USER	To create a user in the database	END	1680158302373
USER	To create a user in the database	END	1680158302374
USER	To create a user in the database	END	1680158302377
USER	To create a user in the database	END	1680158302382
USER	To create a user in the database	END	1680158302385
USER	To create a user in the database	END	1680158302386
REQUEST		CREATE USER API	1680158301392	1680158302513	OK	 
USER	To create a user in the database	END	1680158302516
REQUEST		CREATE USER API	1680158301637	1680158311825	KO	i.n.h.s.SslHandshakeTimeoutException: handshake timed out after 10000ms
USER	To create a user in the database	END	1680158311838
REQUEST		CREATE USER API	1680158301242	1680158311856	KO	i.n.h.s.SslHandshakeTimeoutException: handshake timed out after 10000ms
USER	To create a user in the database	END	1680158311857
REQUEST		CREATE USER API	1680158301690	1680158311857	KO	i.n.h.s.SslHandshakeTimeoutException: handshake timed out after 10000ms
USER	To create a user in the database	END	1680158311858
REQUEST		CREATE USER API	1680158301639	1680158311859	KO	i.n.h.s.SslHandshakeTimeoutException: handshake timed out after 10000ms
USER	To create a user in the database	END	1680158311859
REQUEST		CREATE USER API	1680158301787	1680158311860	KO	i.n.h.s.SslHandshakeTimeoutException: handshake timed out after 10000ms
USER	To create a user in the database	END	1680158311860
REQUEST		CREATE USER API	1680158301785	1680158311861	KO	i.n.h.s.SslHandshakeTimeoutException: handshake timed out after 10000ms
USER	To create a user in the database	END	1680158311862
REQUEST		CREATE USER API	1680158301783	1680158311871	KO	i.n.h.s.SslHandshakeTimeoutException: handshake timed out after 10000ms
USER	To create a user in the database	END	1680158311872
REQUEST		CREATE USER API	1680158301794	1680158311876	KO	i.n.h.s.SslHandshakeTimeoutException: handshake timed out after 10000ms
USER	To create a user in the database	END	1680158311877
REQUEST		CREATE USER API	1680158301816	1680158311887	KO	i.n.h.s.SslHandshakeTimeoutException: handshake timed out after 10000ms
USER	To create a user in the database	END	1680158311888
REQUEST		CREATE USER API	1680158301529	1680158311892	KO	i.n.h.s.SslHandshakeTimeoutException: handshake timed out after 10000ms
USER	To create a user in the database	END	1680158311893
REQUEST		CREATE USER API	1680158301800	1680158311893	KO	i.n.h.s.SslHandshakeTimeoutException: handshake timed out after 10000ms
USER	To create a user in the database	END	1680158311894
REQUEST		CREATE USER API	1680158301649	1680158311895	KO	i.n.h.s.SslHandshakeTimeoutException: handshake timed out after 10000ms
USER	To create a user in the database	END	1680158311896
REQUEST		CREATE USER API	1680158301242	1680158311897	KO	i.n.h.s.SslHandshakeTimeoutException: handshake timed out after 10000ms
USER	To create a user in the database	END	1680158311897
REQUEST		CREATE USER API	1680158301814	1680158311897	KO	i.n.h.s.SslHandshakeTimeoutException: handshake timed out after 10000ms
USER	To create a user in the database	END	1680158311898
