RUN	Simulations.TC5_PUT_API	tc5-put-api	1680158850316	a	3.6.1
USER	To update an existing user using PUT method	START	1680158851808
USER	To update an existing user using PUT method	START	1680158851810
USER	To update an existing user using PUT method	START	1680158851809
USER	To update an existing user using PUT method	START	1680158851811
USER	To update an existing user using PUT method	START	1680158851811
USER	To update an existing user using PUT method	START	1680158851809
USER	To update an existing user using PUT method	START	1680158852144
USER	To update an existing user using PUT method	START	1680158852144
USER	To update an existing user using PUT method	START	1680158852144
USER	To update an existing user using PUT method	START	1680158852145
USER	To update an existing user using PUT method	START	1680158851808
USER	To update an existing user using PUT method	START	1680158851809
USER	To update an existing user using PUT method	START	1680158852144
USER	To update an existing user using PUT method	START	1680158851808
USER	To update an existing user using PUT method	START	1680158852144
USER	To update an existing user using PUT method	START	1680158851808
USER	To update an existing user using PUT method	START	1680158852146
USER	To update an existing user using PUT method	START	1680158851818
USER	To update an existing user using PUT method	START	1680158852145
USER	To update an existing user using PUT method	START	1680158851808
USER	To update an existing user using PUT method	START	1680158851809
USER	To update an existing user using PUT method	START	1680158852150
USER	To update an existing user using PUT method	START	1680158852150
USER	To update an existing user using PUT method	START	1680158852150
USER	To update an existing user using PUT method	START	1680158851808
USER	To update an existing user using PUT method	START	1680158852150
USER	To update an existing user using PUT method	START	1680158851810
USER	To update an existing user using PUT method	START	1680158852146
USER	To update an existing user using PUT method	START	1680158852151
USER	To update an existing user using PUT method	START	1680158852152
USER	To update an existing user using PUT method	START	1680158851812
USER	To update an existing user using PUT method	START	1680158852153
USER	To update an existing user using PUT method	START	1680158852153
USER	To update an existing user using PUT method	START	1680158852154
USER	To update an existing user using PUT method	START	1680158852154
USER	To update an existing user using PUT method	START	1680158852155
USER	To update an existing user using PUT method	START	1680158852157
USER	To update an existing user using PUT method	START	1680158852152
USER	To update an existing user using PUT method	START	1680158852158
USER	To update an existing user using PUT method	START	1680158852159
USER	To update an existing user using PUT method	START	1680158852147
USER	To update an existing user using PUT method	START	1680158852148
USER	To update an existing user using PUT method	START	1680158852160
USER	To update an existing user using PUT method	START	1680158852161
USER	To update an existing user using PUT method	START	1680158852148
USER	To update an existing user using PUT method	START	1680158852161
USER	To update an existing user using PUT method	START	1680158852146
USER	To update an existing user using PUT method	START	1680158852147
USER	To update an existing user using PUT method	START	1680158852161
USER	To update an existing user using PUT method	START	1680158852149
USER	To update an existing user using PUT method	START	1680158852151
USER	To update an existing user using PUT method	START	1680158852163
USER	To update an existing user using PUT method	START	1680158852163
USER	To update an existing user using PUT method	START	1680158852163
USER	To update an existing user using PUT method	START	1680158852165
USER	To update an existing user using PUT method	START	1680158852165
USER	To update an existing user using PUT method	START	1680158852165
USER	To update an existing user using PUT method	START	1680158852163
USER	To update an existing user using PUT method	START	1680158852166
USER	To update an existing user using PUT method	START	1680158852151
USER	To update an existing user using PUT method	START	1680158852151
USER	To update an existing user using PUT method	START	1680158852146
USER	To update an existing user using PUT method	START	1680158852152
USER	To update an existing user using PUT method	START	1680158852153
USER	To update an existing user using PUT method	START	1680158852157
USER	To update an existing user using PUT method	START	1680158852171
USER	To update an existing user using PUT method	START	1680158852155
USER	To update an existing user using PUT method	START	1680158852173
USER	To update an existing user using PUT method	START	1680158852160
USER	To update an existing user using PUT method	START	1680158852173
USER	To update an existing user using PUT method	START	1680158852173
USER	To update an existing user using PUT method	START	1680158852163
USER	To update an existing user using PUT method	START	1680158852163
USER	To update an existing user using PUT method	START	1680158852174
USER	To update an existing user using PUT method	START	1680158852175
USER	To update an existing user using PUT method	START	1680158852174
USER	To update an existing user using PUT method	START	1680158852167
USER	To update an existing user using PUT method	START	1680158852166
USER	To update an existing user using PUT method	START	1680158852166
USER	To update an existing user using PUT method	START	1680158852177
USER	To update an existing user using PUT method	START	1680158852168
USER	To update an existing user using PUT method	START	1680158852176
USER	To update an existing user using PUT method	START	1680158852178
USER	To update an existing user using PUT method	START	1680158852179
USER	To update an existing user using PUT method	START	1680158852177
USER	To update an existing user using PUT method	START	1680158852175
USER	To update an existing user using PUT method	START	1680158852168
USER	To update an existing user using PUT method	START	1680158852183
USER	To update an existing user using PUT method	START	1680158852168
USER	To update an existing user using PUT method	START	1680158852170
USER	To update an existing user using PUT method	START	1680158852182
USER	To update an existing user using PUT method	START	1680158852170
USER	To update an existing user using PUT method	START	1680158852196
USER	To update an existing user using PUT method	START	1680158852183
USER	To update an existing user using PUT method	START	1680158852205
USER	To update an existing user using PUT method	START	1680158852162
USER	To update an existing user using PUT method	START	1680158852205
USER	To update an existing user using PUT method	START	1680158852207
USER	To update an existing user using PUT method	START	1680158852162
USER	To update an existing user using PUT method	START	1680158852175
USER	To update an existing user using PUT method	START	1680158852177
USER	To update an existing user using PUT method	START	1680158852206
USER	To update an existing user using PUT method	START	1680158852216
USER	To update an existing user using PUT method	START	1680158852205
USER	To update an existing user using PUT method	START	1680158852213
USER	To update an existing user using PUT method	START	1680158852224
USER	To update an existing user using PUT method	START	1680158852222
USER	To update an existing user using PUT method	START	1680158852226
USER	To update an existing user using PUT method	START	1680158852182
USER	To update an existing user using PUT method	START	1680158852227
USER	To update an existing user using PUT method	START	1680158852229
USER	To update an existing user using PUT method	START	1680158852176
USER	To update an existing user using PUT method	START	1680158852227
USER	To update an existing user using PUT method	START	1680158852178
USER	To update an existing user using PUT method	START	1680158852223
USER	To update an existing user using PUT method	START	1680158852232
USER	To update an existing user using PUT method	START	1680158852210
USER	To update an existing user using PUT method	START	1680158852233
USER	To update an existing user using PUT method	START	1680158852235
USER	To update an existing user using PUT method	START	1680158852235
USER	To update an existing user using PUT method	START	1680158852236
USER	To update an existing user using PUT method	START	1680158852236
USER	To update an existing user using PUT method	START	1680158852238
USER	To update an existing user using PUT method	START	1680158852240
USER	To update an existing user using PUT method	START	1680158852175
USER	To update an existing user using PUT method	START	1680158852242
USER	To update an existing user using PUT method	START	1680158852215
USER	To update an existing user using PUT method	START	1680158852209
USER	To update an existing user using PUT method	START	1680158852244
USER	To update an existing user using PUT method	START	1680158852243
USER	To update an existing user using PUT method	START	1680158852239
USER	To update an existing user using PUT method	START	1680158852243
USER	To update an existing user using PUT method	START	1680158852246
USER	To update an existing user using PUT method	START	1680158852207
USER	To update an existing user using PUT method	START	1680158852249
USER	To update an existing user using PUT method	START	1680158852175
USER	To update an existing user using PUT method	START	1680158852256
USER	To update an existing user using PUT method	START	1680158852257
USER	To update an existing user using PUT method	START	1680158852246
USER	To update an existing user using PUT method	START	1680158852259
USER	To update an existing user using PUT method	START	1680158852246
USER	To update an existing user using PUT method	START	1680158852261
USER	To update an existing user using PUT method	START	1680158852256
USER	To update an existing user using PUT method	START	1680158852260
USER	To update an existing user using PUT method	START	1680158852263
USER	To update an existing user using PUT method	START	1680158852270
USER	To update an existing user using PUT method	START	1680158852205
USER	To update an existing user using PUT method	START	1680158852274
USER	To update an existing user using PUT method	START	1680158852275
USER	To update an existing user using PUT method	START	1680158852278
USER	To update an existing user using PUT method	START	1680158852280
USER	To update an existing user using PUT method	START	1680158852261
USER	To update an existing user using PUT method	START	1680158852282
USER	To update an existing user using PUT method	START	1680158852264
USER	To update an existing user using PUT method	START	1680158852292
USER	To update an existing user using PUT method	START	1680158852293
USER	To update an existing user using PUT method	START	1680158852298
USER	To update an existing user using PUT method	START	1680158852291
USER	To update an existing user using PUT method	START	1680158852266
USER	To update an existing user using PUT method	START	1680158852256
USER	To update an existing user using PUT method	START	1680158852237
USER	To update an existing user using PUT method	START	1680158852232
USER	To update an existing user using PUT method	START	1680158852409
USER	To update an existing user using PUT method	START	1680158852410
USER	To update an existing user using PUT method	START	1680158852306
USER	To update an existing user using PUT method	START	1680158852238
USER	To update an existing user using PUT method	START	1680158852416
USER	To update an existing user using PUT method	START	1680158852426
USER	To update an existing user using PUT method	START	1680158852427
USER	To update an existing user using PUT method	START	1680158852304
USER	To update an existing user using PUT method	START	1680158852433
USER	To update an existing user using PUT method	START	1680158852429
USER	To update an existing user using PUT method	START	1680158852440
USER	To update an existing user using PUT method	START	1680158852441
USER	To update an existing user using PUT method	START	1680158852233
USER	To update an existing user using PUT method	START	1680158852178
USER	To update an existing user using PUT method	START	1680158852460
USER	To update an existing user using PUT method	START	1680158852462
USER	To update an existing user using PUT method	START	1680158852459
USER	To update an existing user using PUT method	START	1680158852464
USER	To update an existing user using PUT method	START	1680158852466
USER	To update an existing user using PUT method	START	1680158852475
USER	To update an existing user using PUT method	START	1680158852467
USER	To update an existing user using PUT method	START	1680158852412
USER	To update an existing user using PUT method	START	1680158852207
USER	To update an existing user using PUT method	START	1680158852505
USER	To update an existing user using PUT method	START	1680158852442
USER	To update an existing user using PUT method	START	1680158852504
USER	To update an existing user using PUT method	START	1680158852523
USER	To update an existing user using PUT method	START	1680158852508
USER	To update an existing user using PUT method	START	1680158852540
USER	To update an existing user using PUT method	START	1680158852275
USER	To update an existing user using PUT method	START	1680158852443
USER	To update an existing user using PUT method	START	1680158852548
USER	To update an existing user using PUT method	START	1680158852417
USER	To update an existing user using PUT method	START	1680158852549
USER	To update an existing user using PUT method	START	1680158852549
USER	To update an existing user using PUT method	START	1680158852550
USER	To update an existing user using PUT method	START	1680158852550
USER	To update an existing user using PUT method	START	1680158852551
USER	To update an existing user using PUT method	START	1680158852551
USER	To update an existing user using PUT method	START	1680158852507
USER	To update an existing user using PUT method	START	1680158852552
USER	To update an existing user using PUT method	START	1680158852489
USER	To update an existing user using PUT method	START	1680158852538
USER	To update an existing user using PUT method	START	1680158852546
USER	To update an existing user using PUT method	START	1680158852554
USER	To update an existing user using PUT method	START	1680158852553
USER	To update an existing user using PUT method	START	1680158852555
USER	To update an existing user using PUT method	START	1680158852407
USER	To update an existing user using PUT method	START	1680158852550
USER	To update an existing user using PUT method	START	1680158852557
USER	To update an existing user using PUT method	START	1680158852556
USER	To update an existing user using PUT method	START	1680158852561
USER	To update an existing user using PUT method	START	1680158852563
USER	To update an existing user using PUT method	START	1680158852564
USER	To update an existing user using PUT method	START	1680158852562
USER	To update an existing user using PUT method	START	1680158852565
USER	To update an existing user using PUT method	START	1680158852562
USER	To update an existing user using PUT method	START	1680158852567
USER	To update an existing user using PUT method	START	1680158852567
USER	To update an existing user using PUT method	START	1680158852565
USER	To update an existing user using PUT method	START	1680158852396
USER	To update an existing user using PUT method	START	1680158852275
USER	To update an existing user using PUT method	START	1680158852556
USER	To update an existing user using PUT method	START	1680158852569
USER	To update an existing user using PUT method	START	1680158852263
USER	To update an existing user using PUT method	START	1680158852259
USER	To update an existing user using PUT method	START	1680158852570
USER	To update an existing user using PUT method	START	1680158852569
USER	To update an existing user using PUT method	START	1680158852571
USER	To update an existing user using PUT method	START	1680158852569
USER	To update an existing user using PUT method	START	1680158852571
USER	To update an existing user using PUT method	START	1680158852570
USER	To update an existing user using PUT method	START	1680158852572
USER	To update an existing user using PUT method	START	1680158852573
USER	To update an existing user using PUT method	START	1680158852574
USER	To update an existing user using PUT method	START	1680158852574
USER	To update an existing user using PUT method	START	1680158852575
USER	To update an existing user using PUT method	START	1680158852575
USER	To update an existing user using PUT method	START	1680158852576
USER	To update an existing user using PUT method	START	1680158852576
USER	To update an existing user using PUT method	START	1680158852577
USER	To update an existing user using PUT method	START	1680158852569
USER	To update an existing user using PUT method	START	1680158852578
USER	To update an existing user using PUT method	START	1680158852577
USER	To update an existing user using PUT method	START	1680158852569
USER	To update an existing user using PUT method	START	1680158852579
USER	To update an existing user using PUT method	START	1680158852580
USER	To update an existing user using PUT method	START	1680158852581
USER	To update an existing user using PUT method	START	1680158852579
USER	To update an existing user using PUT method	START	1680158852568
USER	To update an existing user using PUT method	START	1680158852584
USER	To update an existing user using PUT method	START	1680158852584
USER	To update an existing user using PUT method	START	1680158852263
USER	To update an existing user using PUT method	START	1680158852570
USER	To update an existing user using PUT method	START	1680158852553
USER	To update an existing user using PUT method	START	1680158852586
USER	To update an existing user using PUT method	START	1680158852578
USER	To update an existing user using PUT method	START	1680158852578
USER	To update an existing user using PUT method	START	1680158852584
USER	To update an existing user using PUT method	START	1680158852587
USER	To update an existing user using PUT method	START	1680158852588
USER	To update an existing user using PUT method	START	1680158852588
USER	To update an existing user using PUT method	START	1680158852589
USER	To update an existing user using PUT method	START	1680158852497
USER	To update an existing user using PUT method	START	1680158852591
USER	To update an existing user using PUT method	START	1680158852586
USER	To update an existing user using PUT method	START	1680158852592
USER	To update an existing user using PUT method	START	1680158852587
USER	To update an existing user using PUT method	START	1680158852570
USER	To update an existing user using PUT method	START	1680158852598
USER	To update an existing user using PUT method	START	1680158852598
USER	To update an existing user using PUT method	START	1680158852599
USER	To update an existing user using PUT method	START	1680158852585
USER	To update an existing user using PUT method	START	1680158852598
USER	To update an existing user using PUT method	START	1680158852610
USER	To update an existing user using PUT method	START	1680158852593
USER	To update an existing user using PUT method	START	1680158852594
USER	To update an existing user using PUT method	START	1680158852590
USER	To update an existing user using PUT method	START	1680158852614
USER	To update an existing user using PUT method	START	1680158852600
USER	To update an existing user using PUT method	START	1680158852635
USER	To update an existing user using PUT method	START	1680158852633
USER	To update an existing user using PUT method	START	1680158852595
USER	To update an existing user using PUT method	START	1680158852642
USER	To update an existing user using PUT method	START	1680158852644
USER	To update an existing user using PUT method	START	1680158852645
USER	To update an existing user using PUT method	START	1680158852600
USER	To update an existing user using PUT method	START	1680158852637
USER	To update an existing user using PUT method	START	1680158852766
USER	To update an existing user using PUT method	START	1680158852687
USER	To update an existing user using PUT method	START	1680158852779
USER	To update an existing user using PUT method	START	1680158852781
USER	To update an existing user using PUT method	START	1680158852783
USER	To update an existing user using PUT method	START	1680158852793
USER	To update an existing user using PUT method	START	1680158852795
USER	To update an existing user using PUT method	START	1680158852797
USER	To update an existing user using PUT method	START	1680158852798
USER	To update an existing user using PUT method	START	1680158852799
REQUEST		UPDATE USER-PUT API	1680158852144	1680158853411	OK	 
REQUEST		UPDATE USER-PUT API	1680158852145	1680158853269	OK	 
REQUEST		UPDATE USER-PUT API	1680158852041	1680158853375	OK	 
REQUEST		UPDATE USER-PUT API	1680158852163	1680158853491	OK	 
REQUEST		UPDATE USER-PUT API	1680158852575	1680158853592	OK	 
REQUEST		UPDATE USER-PUT API	1680158852177	1680158852992	OK	 
REQUEST		UPDATE USER-PUT API	1680158852175	1680158853178	OK	 
REQUEST		UPDATE USER-PUT API	1680158852107	1680158853386	OK	 
REQUEST		UPDATE USER-PUT API	1680158852175	1680158853384	OK	 
REQUEST		UPDATE USER-PUT API	1680158852162	1680158853321	OK	 
REQUEST		UPDATE USER-PUT API	1680158852169	1680158853572	OK	 
REQUEST		UPDATE USER-PUT API	1680158852173	1680158853302	OK	 
REQUEST		UPDATE USER-PUT API	1680158852599	1680158853599	OK	 
REQUEST		UPDATE USER-PUT API	1680158852153	1680158853443	OK	 
REQUEST		UPDATE USER-PUT API	1680158852211	1680158853605	OK	 
USER	To update an existing user using PUT method	END	1680158853703
USER	To update an existing user using PUT method	END	1680158853703
USER	To update an existing user using PUT method	END	1680158853704
USER	To update an existing user using PUT method	END	1680158853704
USER	To update an existing user using PUT method	END	1680158853705
USER	To update an existing user using PUT method	END	1680158853705
USER	To update an existing user using PUT method	END	1680158853711
USER	To update an existing user using PUT method	END	1680158853711
USER	To update an existing user using PUT method	END	1680158853711
USER	To update an existing user using PUT method	END	1680158853711
USER	To update an existing user using PUT method	END	1680158853711
USER	To update an existing user using PUT method	END	1680158853718
USER	To update an existing user using PUT method	END	1680158853718
USER	To update an existing user using PUT method	END	1680158853719
USER	To update an existing user using PUT method	END	1680158853719
REQUEST		UPDATE USER-PUT API	1680158852239	1680158853733	OK	 
REQUEST		UPDATE USER-PUT API	1680158852174	1680158853733	OK	 
REQUEST		UPDATE USER-PUT API	1680158852208	1680158853733	OK	 
REQUEST		UPDATE USER-PUT API	1680158852784	1680158853733	OK	 
USER	To update an existing user using PUT method	END	1680158853734
USER	To update an existing user using PUT method	END	1680158853735
USER	To update an existing user using PUT method	END	1680158853735
REQUEST		UPDATE USER-PUT API	1680158852427	1680158853734	OK	 
USER	To update an existing user using PUT method	END	1680158853735
REQUEST		UPDATE USER-PUT API	1680158852167	1680158853735	OK	 
USER	To update an existing user using PUT method	END	1680158853736
REQUEST		UPDATE USER-PUT API	1680158852611	1680158853735	OK	 
USER	To update an existing user using PUT method	END	1680158853736
REQUEST		UPDATE USER-PUT API	1680158852599	1680158853737	OK	 
REQUEST		UPDATE USER-PUT API	1680158852036	1680158853737	OK	 
REQUEST		UPDATE USER-PUT API	1680158852645	1680158853739	OK	 
REQUEST		UPDATE USER-PUT API	1680158852587	1680158853739	OK	 
REQUEST		UPDATE USER-PUT API	1680158852236	1680158853740	OK	 
REQUEST		UPDATE USER-PUT API	1680158852573	1680158853734	OK	 
REQUEST		UPDATE USER-PUT API	1680158852781	1680158853736	OK	 
REQUEST		UPDATE USER-PUT API	1680158852238	1680158853743	OK	 
REQUEST		UPDATE USER-PUT API	1680158852256	1680158853740	OK	 
REQUEST		UPDATE USER-PUT API	1680158852161	1680158853744	OK	 
REQUEST		UPDATE USER-PUT API	1680158852255	1680158853744	OK	 
REQUEST		UPDATE USER-PUT API	1680158852580	1680158853745	OK	 
REQUEST		UPDATE USER-PUT API	1680158852797	1680158853745	OK	 
REQUEST		UPDATE USER-PUT API	1680158852149	1680158853744	OK	 
REQUEST		UPDATE USER-PUT API	1680158852604	1680158853746	OK	 
REQUEST		UPDATE USER-PUT API	1680158852194	1680158853747	OK	 
REQUEST		UPDATE USER-PUT API	1680158852768	1680158853747	OK	 
REQUEST		UPDATE USER-PUT API	1680158852145	1680158853748	OK	 
REQUEST		UPDATE USER-PUT API	1680158852578	1680158853749	OK	 
REQUEST		UPDATE USER-PUT API	1680158852278	1680158853749	OK	 
REQUEST		UPDATE USER-PUT API	1680158852522	1680158853785	OK	 
REQUEST		UPDATE USER-PUT API	1680158852161	1680158853775	OK	 
REQUEST		UPDATE USER-PUT API	1680158852224	1680158853787	OK	 
REQUEST		UPDATE USER-PUT API	1680158852410	1680158853788	OK	 
REQUEST		UPDATE USER-PUT API	1680158852165	1680158853789	OK	 
USER	To update an existing user using PUT method	END	1680158853737
USER	To update an existing user using PUT method	END	1680158853738
USER	To update an existing user using PUT method	END	1680158853738
USER	To update an existing user using PUT method	END	1680158853740
USER	To update an existing user using PUT method	END	1680158853740
USER	To update an existing user using PUT method	END	1680158853741
USER	To update an existing user using PUT method	END	1680158853743
USER	To update an existing user using PUT method	END	1680158853744
USER	To update an existing user using PUT method	END	1680158853744
USER	To update an existing user using PUT method	END	1680158853744
USER	To update an existing user using PUT method	END	1680158853746
REQUEST		UPDATE USER-PUT API	1680158852554	1680158853789	OK	 
REQUEST		UPDATE USER-PUT API	1680158852265	1680158853789	OK	 
USER	To update an existing user using PUT method	END	1680158853746
USER	To update an existing user using PUT method	END	1680158853746
REQUEST		UPDATE USER-PUT API	1680158852150	1680158853790	OK	 
REQUEST		UPDATE USER-PUT API	1680158852168	1680158853790	OK	 
REQUEST		UPDATE USER-PUT API	1680158852118	1680158853790	OK	 
REQUEST		UPDATE USER-PUT API	1680158852154	1680158853791	OK	 
REQUEST		UPDATE USER-PUT API	1680158852182	1680158853791	OK	 
REQUEST		UPDATE USER-PUT API	1680158852164	1680158853790	OK	 
REQUEST		UPDATE USER-PUT API	1680158852473	1680158853793	OK	 
REQUEST		UPDATE USER-PUT API	1680158852161	1680158853793	OK	 
REQUEST		UPDATE USER-PUT API	1680158852188	1680158853793	OK	 
REQUEST		UPDATE USER-PUT API	1680158852172	1680158853793	OK	 
REQUEST		UPDATE USER-PUT API	1680158852635	1680158853794	OK	 
REQUEST		UPDATE USER-PUT API	1680158852146	1680158853794	OK	 
REQUEST		UPDATE USER-PUT API	1680158852150	1680158853795	OK	 
REQUEST		UPDATE USER-PUT API	1680158852150	1680158853796	OK	 
REQUEST		UPDATE USER-PUT API	1680158852614	1680158853795	OK	 
REQUEST		UPDATE USER-PUT API	1680158852150	1680158853797	OK	 
REQUEST		UPDATE USER-PUT API	1680158852256	1680158853798	OK	 
REQUEST		UPDATE USER-PUT API	1680158852472	1680158853799	OK	 
REQUEST		UPDATE USER-PUT API	1680158852036	1680158853799	OK	 
REQUEST		UPDATE USER-PUT API	1680158852597	1680158853798	OK	 
REQUEST		UPDATE USER-PUT API	1680158852555	1680158853800	OK	 
REQUEST		UPDATE USER-PUT API	1680158852169	1680158853801	OK	 
REQUEST		UPDATE USER-PUT API	1680158852176	1680158853801	OK	 
REQUEST		UPDATE USER-PUT API	1680158852042	1680158853803	OK	 
REQUEST		UPDATE USER-PUT API	1680158852462	1680158853803	OK	 
REQUEST		UPDATE USER-PUT API	1680158852553	1680158853804	OK	 
REQUEST		UPDATE USER-PUT API	1680158852238	1680158853805	OK	 
REQUEST		UPDATE USER-PUT API	1680158852151	1680158853802	OK	 
REQUEST		UPDATE USER-PUT API	1680158852160	1680158853806	OK	 
REQUEST		UPDATE USER-PUT API	1680158852276	1680158853807	OK	 
REQUEST		UPDATE USER-PUT API	1680158852165	1680158853809	OK	 
REQUEST		UPDATE USER-PUT API	1680158852306	1680158853810	OK	 
REQUEST		UPDATE USER-PUT API	1680158852216	1680158853811	OK	 
REQUEST		UPDATE USER-PUT API	1680158852155	1680158853812	OK	 
REQUEST		UPDATE USER-PUT API	1680158852303	1680158853813	OK	 
USER	To update an existing user using PUT method	END	1680158853746
USER	To update an existing user using PUT method	END	1680158853747
USER	To update an existing user using PUT method	END	1680158853748
USER	To update an existing user using PUT method	END	1680158853748
USER	To update an existing user using PUT method	END	1680158853749
USER	To update an existing user using PUT method	END	1680158853749
USER	To update an existing user using PUT method	END	1680158853784
USER	To update an existing user using PUT method	END	1680158853788
USER	To update an existing user using PUT method	END	1680158853789
USER	To update an existing user using PUT method	END	1680158853789
USER	To update an existing user using PUT method	END	1680158853791
REQUEST		UPDATE USER-PUT API	1680158852157	1680158853814	OK	 
USER	To update an existing user using PUT method	END	1680158853792
USER	To update an existing user using PUT method	END	1680158853792
REQUEST		UPDATE USER-PUT API	1680158852262	1680158853814	OK	 
REQUEST		UPDATE USER-PUT API	1680158852780	1680158853801	OK	 
REQUEST		UPDATE USER-PUT API	1680158852557	1680158853815	OK	 
REQUEST		UPDATE USER-PUT API	1680158852577	1680158853816	OK	 
REQUEST		UPDATE USER-PUT API	1680158852142	1680158853816	OK	 
REQUEST		UPDATE USER-PUT API	1680158852041	1680158853816	OK	 
REQUEST		UPDATE USER-PUT API	1680158852261	1680158853816	OK	 
REQUEST		UPDATE USER-PUT API	1680158852570	1680158853816	OK	 
REQUEST		UPDATE USER-PUT API	1680158852170	1680158853818	OK	 
REQUEST		UPDATE USER-PUT API	1680158852589	1680158853818	OK	 
REQUEST		UPDATE USER-PUT API	1680158852164	1680158853820	OK	 
REQUEST		UPDATE USER-PUT API	1680158852578	1680158853821	OK	 
REQUEST		UPDATE USER-PUT API	1680158852182	1680158853823	OK	 
REQUEST		UPDATE USER-PUT API	1680158852176	1680158853821	OK	 
REQUEST		UPDATE USER-PUT API	1680158852108	1680158853835	OK	 
REQUEST		UPDATE USER-PUT API	1680158852174	1680158853837	OK	 
REQUEST		UPDATE USER-PUT API	1680158852568	1680158853837	OK	 
REQUEST		UPDATE USER-PUT API	1680158852159	1680158853848	OK	 
REQUEST		UPDATE USER-PUT API	1680158852241	1680158853848	OK	 
REQUEST		UPDATE USER-PUT API	1680158852222	1680158853849	OK	 
REQUEST		UPDATE USER-PUT API	1680158852173	1680158853851	OK	 
REQUEST		UPDATE USER-PUT API	1680158852174	1680158853851	OK	 
REQUEST		UPDATE USER-PUT API	1680158852152	1680158853851	OK	 
REQUEST		UPDATE USER-PUT API	1680158852234	1680158853854	OK	 
REQUEST		UPDATE USER-PUT API	1680158852175	1680158853855	OK	 
REQUEST		UPDATE USER-PUT API	1680158852136	1680158853857	OK	 
REQUEST		UPDATE USER-PUT API	1680158852153	1680158853860	OK	 
REQUEST		UPDATE USER-PUT API	1680158852225	1680158853855	OK	 
REQUEST		UPDATE USER-PUT API	1680158852162	1680158853853	OK	 
REQUEST		UPDATE USER-PUT API	1680158852238	1680158853865	OK	 
REQUEST		UPDATE USER-PUT API	1680158852148	1680158853865	OK	 
REQUEST		UPDATE USER-PUT API	1680158852232	1680158853866	OK	 
REQUEST		UPDATE USER-PUT API	1680158852226	1680158853868	OK	 
REQUEST		UPDATE USER-PUT API	1680158852174	1680158853868	OK	 
REQUEST		UPDATE USER-PUT API	1680158852041	1680158853869	OK	 
REQUEST		UPDATE USER-PUT API	1680158852273	1680158853870	OK	 
REQUEST		UPDATE USER-PUT API	1680158852258	1680158853869	OK	 
REQUEST		UPDATE USER-PUT API	1680158852568	1680158853872	OK	 
REQUEST		UPDATE USER-PUT API	1680158852242	1680158853873	OK	 
REQUEST		UPDATE USER-PUT API	1680158852145	1680158853874	OK	 
REQUEST		UPDATE USER-PUT API	1680158852569	1680158853877	OK	 
REQUEST		UPDATE USER-PUT API	1680158852097	1680158853880	OK	 
USER	To update an existing user using PUT method	END	1680158853792
USER	To update an existing user using PUT method	END	1680158853793
USER	To update an existing user using PUT method	END	1680158853794
USER	To update an existing user using PUT method	END	1680158853794
USER	To update an existing user using PUT method	END	1680158853794
USER	To update an existing user using PUT method	END	1680158853795
USER	To update an existing user using PUT method	END	1680158853796
USER	To update an existing user using PUT method	END	1680158853797
USER	To update an existing user using PUT method	END	1680158853797
USER	To update an existing user using PUT method	END	1680158853797
USER	To update an existing user using PUT method	END	1680158853798
USER	To update an existing user using PUT method	END	1680158853798
USER	To update an existing user using PUT method	END	1680158853800
USER	To update an existing user using PUT method	END	1680158853800
REQUEST		UPDATE USER-PUT API	1680158852228	1680158853883	OK	 
USER	To update an existing user using PUT method	END	1680158853801
USER	To update an existing user using PUT method	END	1680158853801
USER	To update an existing user using PUT method	END	1680158853801
USER	To update an existing user using PUT method	END	1680158853802
USER	To update an existing user using PUT method	END	1680158853802
USER	To update an existing user using PUT method	END	1680158853803
USER	To update an existing user using PUT method	END	1680158853805
USER	To update an existing user using PUT method	END	1680158853806
USER	To update an existing user using PUT method	END	1680158853806
USER	To update an existing user using PUT method	END	1680158853808
USER	To update an existing user using PUT method	END	1680158853808
USER	To update an existing user using PUT method	END	1680158853809
USER	To update an existing user using PUT method	END	1680158853811
USER	To update an existing user using PUT method	END	1680158853812
USER	To update an existing user using PUT method	END	1680158853814
USER	To update an existing user using PUT method	END	1680158853814
USER	To update an existing user using PUT method	END	1680158853815
USER	To update an existing user using PUT method	END	1680158853815
USER	To update an existing user using PUT method	END	1680158853816
USER	To update an existing user using PUT method	END	1680158853816
USER	To update an existing user using PUT method	END	1680158853817
USER	To update an existing user using PUT method	END	1680158853817
USER	To update an existing user using PUT method	END	1680158853817
USER	To update an existing user using PUT method	END	1680158853817
USER	To update an existing user using PUT method	END	1680158853819
USER	To update an existing user using PUT method	END	1680158853820
USER	To update an existing user using PUT method	END	1680158853820
USER	To update an existing user using PUT method	END	1680158853821
USER	To update an existing user using PUT method	END	1680158853822
USER	To update an existing user using PUT method	END	1680158853835
USER	To update an existing user using PUT method	END	1680158853836
USER	To update an existing user using PUT method	END	1680158853837
USER	To update an existing user using PUT method	END	1680158853837
USER	To update an existing user using PUT method	END	1680158853839
USER	To update an existing user using PUT method	END	1680158853844
USER	To update an existing user using PUT method	END	1680158853845
USER	To update an existing user using PUT method	END	1680158853850
USER	To update an existing user using PUT method	END	1680158853850
USER	To update an existing user using PUT method	END	1680158853850
USER	To update an existing user using PUT method	END	1680158853853
USER	To update an existing user using PUT method	END	1680158853853
USER	To update an existing user using PUT method	END	1680158853853
USER	To update an existing user using PUT method	END	1680158853857
USER	To update an existing user using PUT method	END	1680158853859
USER	To update an existing user using PUT method	END	1680158853863
USER	To update an existing user using PUT method	END	1680158853864
USER	To update an existing user using PUT method	END	1680158853865
USER	To update an existing user using PUT method	END	1680158853867
USER	To update an existing user using PUT method	END	1680158853867
USER	To update an existing user using PUT method	END	1680158853867
USER	To update an existing user using PUT method	END	1680158853870
USER	To update an existing user using PUT method	END	1680158853872
USER	To update an existing user using PUT method	END	1680158853872
USER	To update an existing user using PUT method	END	1680158853873
USER	To update an existing user using PUT method	END	1680158853876
USER	To update an existing user using PUT method	END	1680158853879
USER	To update an existing user using PUT method	END	1680158853881
USER	To update an existing user using PUT method	END	1680158853883
USER	To update an existing user using PUT method	END	1680158853883
USER	To update an existing user using PUT method	END	1680158853885
REQUEST		UPDATE USER-PUT API	1680158852548	1680158853889	OK	 
REQUEST		UPDATE USER-PUT API	1680158852167	1680158853883	OK	 
REQUEST		UPDATE USER-PUT API	1680158852566	1680158853899	OK	 
REQUEST		UPDATE USER-PUT API	1680158852574	1680158853900	OK	 
REQUEST		UPDATE USER-PUT API	1680158852634	1680158853902	OK	 
REQUEST		UPDATE USER-PUT API	1680158852571	1680158853902	OK	 
REQUEST		UPDATE USER-PUT API	1680158852151	1680158853903	OK	 
REQUEST		UPDATE USER-PUT API	1680158852245	1680158853903	OK	 
REQUEST		UPDATE USER-PUT API	1680158852456	1680158853892	OK	 
REQUEST		UPDATE USER-PUT API	1680158852794	1680158853905	OK	 
REQUEST		UPDATE USER-PUT API	1680158852564	1680158853905	OK	 
REQUEST		UPDATE USER-PUT API	1680158852167	1680158853909	OK	 
REQUEST		UPDATE USER-PUT API	1680158852280	1680158853908	OK	 
REQUEST		UPDATE USER-PUT API	1680158852223	1680158853912	OK	 
REQUEST		UPDATE USER-PUT API	1680158852165	1680158853909	OK	 
REQUEST		UPDATE USER-PUT API	1680158852563	1680158853914	OK	 
REQUEST		UPDATE USER-PUT API	1680158852799	1680158853914	OK	 
REQUEST		UPDATE USER-PUT API	1680158852554	1680158853918	OK	 
REQUEST		UPDATE USER-PUT API	1680158852172	1680158853921	OK	 
REQUEST		UPDATE USER-PUT API	1680158852562	1680158853920	OK	 
REQUEST		UPDATE USER-PUT API	1680158852107	1680158853914	OK	 
REQUEST		UPDATE USER-PUT API	1680158852539	1680158853924	OK	 
REQUEST		UPDATE USER-PUT API	1680158852169	1680158853925	OK	 
REQUEST		UPDATE USER-PUT API	1680158852584	1680158853925	OK	 
REQUEST		UPDATE USER-PUT API	1680158852410	1680158853928	OK	 
REQUEST		UPDATE USER-PUT API	1680158852548	1680158853932	OK	 
REQUEST		UPDATE USER-PUT API	1680158852581	1680158853904	OK	 
REQUEST		UPDATE USER-PUT API	1680158852164	1680158853940	OK	 
REQUEST		UPDATE USER-PUT API	1680158852178	1680158853940	OK	 
REQUEST		UPDATE USER-PUT API	1680158852524	1680158853940	OK	 
REQUEST		UPDATE USER-PUT API	1680158852163	1680158853923	OK	 
REQUEST		UPDATE USER-PUT API	1680158852440	1680158853944	OK	 
REQUEST		UPDATE USER-PUT API	1680158852442	1680158853949	OK	 
REQUEST		UPDATE USER-PUT API	1680158852198	1680158853952	OK	 
REQUEST		UPDATE USER-PUT API	1680158852145	1680158853960	OK	 
REQUEST		UPDATE USER-PUT API	1680158852567	1680158853963	OK	 
REQUEST		UPDATE USER-PUT API	1680158852233	1680158853964	OK	 
REQUEST		UPDATE USER-PUT API	1680158852227	1680158853966	OK	 
REQUEST		UPDATE USER-PUT API	1680158852428	1680158853968	OK	 
REQUEST		UPDATE USER-PUT API	1680158852552	1680158853972	OK	 
REQUEST		UPDATE USER-PUT API	1680158852206	1680158853976	OK	 
REQUEST		UPDATE USER-PUT API	1680158852583	1680158853978	OK	 
REQUEST		UPDATE USER-PUT API	1680158852553	1680158853981	OK	 
REQUEST		UPDATE USER-PUT API	1680158852291	1680158853993	OK	 
REQUEST		UPDATE USER-PUT API	1680158852178	1680158853994	OK	 
USER	To update an existing user using PUT method	END	1680158853898
REQUEST		UPDATE USER-PUT API	1680158852274	1680158853996	OK	 
REQUEST		UPDATE USER-PUT API	1680158852156	1680158853996	OK	 
USER	To update an existing user using PUT method	END	1680158853898
USER	To update an existing user using PUT method	END	1680158853898
USER	To update an existing user using PUT method	END	1680158853901
USER	To update an existing user using PUT method	END	1680158853901
REQUEST		UPDATE USER-PUT API	1680158852260	1680158853998	OK	 
USER	To update an existing user using PUT method	END	1680158853902
REQUEST		UPDATE USER-PUT API	1680158852549	1680158853986	OK	 
REQUEST		UPDATE USER-PUT API	1680158852130	1680158853999	OK	 
REQUEST		UPDATE USER-PUT API	1680158852277	1680158854000	OK	 
REQUEST		UPDATE USER-PUT API	1680158852464	1680158854001	OK	 
REQUEST		UPDATE USER-PUT API	1680158852550	1680158854001	OK	 
REQUEST		UPDATE USER-PUT API	1680158852460	1680158854002	OK	 
REQUEST		UPDATE USER-PUT API	1680158852236	1680158854003	OK	 
REQUEST		UPDATE USER-PUT API	1680158852176	1680158854005	OK	 
REQUEST		UPDATE USER-PUT API	1680158852642	1680158854006	OK	 
REQUEST		UPDATE USER-PUT API	1680158852149	1680158853993	OK	 
REQUEST		UPDATE USER-PUT API	1680158852644	1680158854011	OK	 
REQUEST		UPDATE USER-PUT API	1680158852588	1680158853992	OK	 
REQUEST		UPDATE USER-PUT API	1680158852586	1680158854020	OK	 
REQUEST		UPDATE USER-PUT API	1680158852573	1680158854021	OK	 
REQUEST		UPDATE USER-PUT API	1680158852206	1680158854022	OK	 
REQUEST		UPDATE USER-PUT API	1680158852267	1680158854026	OK	 
REQUEST		UPDATE USER-PUT API	1680158852570	1680158854026	OK	 
REQUEST		UPDATE USER-PUT API	1680158852144	1680158854051	OK	 
REQUEST		UPDATE USER-PUT API	1680158852434	1680158854058	OK	 
REQUEST		UPDATE USER-PUT API	1680158852152	1680158854069	OK	 
REQUEST		UPDATE USER-PUT API	1680158852157	1680158854036	OK	 
REQUEST		UPDATE USER-PUT API	1680158852541	1680158854090	OK	 
REQUEST		UPDATE USER-PUT API	1680158852158	1680158854091	OK	 
REQUEST		UPDATE USER-PUT API	1680158852411	1680158854092	OK	 
REQUEST		UPDATE USER-PUT API	1680158852162	1680158854093	OK	 
REQUEST		UPDATE USER-PUT API	1680158852521	1680158854099	OK	 
REQUEST		UPDATE USER-PUT API	1680158852160	1680158854102	OK	 
REQUEST		UPDATE USER-PUT API	1680158852579	1680158854116	OK	 
REQUEST		UPDATE USER-PUT API	1680158852183	1680158854120	OK	 
REQUEST		UPDATE USER-PUT API	1680158852459	1680158854122	OK	 
REQUEST		UPDATE USER-PUT API	1680158852572	1680158854131	OK	 
REQUEST		UPDATE USER-PUT API	1680158852475	1680158854131	OK	 
REQUEST		UPDATE USER-PUT API	1680158852569	1680158854130	OK	 
REQUEST		UPDATE USER-PUT API	1680158852553	1680158854133	OK	 
REQUEST		UPDATE USER-PUT API	1680158852216	1680158854136	OK	 
REQUEST		UPDATE USER-PUT API	1680158852569	1680158854141	OK	 
REQUEST		UPDATE USER-PUT API	1680158852578	1680158854135	OK	 
REQUEST		UPDATE USER-PUT API	1680158852588	1680158854155	OK	 
REQUEST		UPDATE USER-PUT API	1680158852587	1680158854183	OK	 
REQUEST		UPDATE USER-PUT API	1680158852116	1680158854210	OK	 
REQUEST		UPDATE USER-PUT API	1680158852550	1680158854211	OK	 
REQUEST		UPDATE USER-PUT API	1680158852180	1680158854211	OK	 
REQUEST		UPDATE USER-PUT API	1680158852629	1680158854212	OK	 
REQUEST		UPDATE USER-PUT API	1680158852210	1680158854212	OK	 
REQUEST		UPDATE USER-PUT API	1680158852247	1680158854213	OK	 
REQUEST		UPDATE USER-PUT API	1680158852229	1680158854214	OK	 
REQUEST		UPDATE USER-PUT API	1680158852170	1680158854214	OK	 
REQUEST		UPDATE USER-PUT API	1680158852549	1680158854214	OK	 
USER	To update an existing user using PUT method	END	1680158853903
REQUEST		UPDATE USER-PUT API	1680158852173	1680158854215	OK	 
REQUEST		UPDATE USER-PUT API	1680158852586	1680158854217	OK	 
REQUEST		UPDATE USER-PUT API	1680158852265	1680158854219	OK	 
REQUEST		UPDATE USER-PUT API	1680158852441	1680158854221	OK	 
REQUEST		UPDATE USER-PUT API	1680158852548	1680158854222	OK	 
REQUEST		UPDATE USER-PUT API	1680158852552	1680158854224	OK	 
REQUEST		UPDATE USER-PUT API	1680158852177	1680158854226	OK	 
REQUEST		UPDATE USER-PUT API	1680158852600	1680158854219	OK	 
REQUEST		UPDATE USER-PUT API	1680158852764	1680158854231	OK	 
REQUEST		UPDATE USER-PUT API	1680158852292	1680158854233	OK	 
REQUEST		UPDATE USER-PUT API	1680158852220	1680158854233	OK	 
USER	To update an existing user using PUT method	END	1680158853905
USER	To update an existing user using PUT method	END	1680158853905
USER	To update an existing user using PUT method	END	1680158853905
USER	To update an existing user using PUT method	END	1680158853906
USER	To update an existing user using PUT method	END	1680158853907
USER	To update an existing user using PUT method	END	1680158853913
USER	To update an existing user using PUT method	END	1680158853913
USER	To update an existing user using PUT method	END	1680158853915
USER	To update an existing user using PUT method	END	1680158853917
USER	To update an existing user using PUT method	END	1680158853917
USER	To update an existing user using PUT method	END	1680158853920
USER	To update an existing user using PUT method	END	1680158853922
USER	To update an existing user using PUT method	END	1680158853922
USER	To update an existing user using PUT method	END	1680158853922
USER	To update an existing user using PUT method	END	1680158853923
REQUEST		UPDATE USER-PUT API	1680158852493	1680158854235	OK	 
USER	To update an existing user using PUT method	END	1680158853925
USER	To update an existing user using PUT method	END	1680158853925
USER	To update an existing user using PUT method	END	1680158853926
USER	To update an existing user using PUT method	END	1680158853930
USER	To update an existing user using PUT method	END	1680158853930
USER	To update an existing user using PUT method	END	1680158853935
USER	To update an existing user using PUT method	END	1680158853942
USER	To update an existing user using PUT method	END	1680158853946
USER	To update an existing user using PUT method	END	1680158853951
USER	To update an existing user using PUT method	END	1680158853955
USER	To update an existing user using PUT method	END	1680158853959
USER	To update an existing user using PUT method	END	1680158853963
USER	To update an existing user using PUT method	END	1680158853965
USER	To update an existing user using PUT method	END	1680158853965
USER	To update an existing user using PUT method	END	1680158853967
USER	To update an existing user using PUT method	END	1680158853970
USER	To update an existing user using PUT method	END	1680158853975
USER	To update an existing user using PUT method	END	1680158853980
USER	To update an existing user using PUT method	END	1680158853980
USER	To update an existing user using PUT method	END	1680158853984
USER	To update an existing user using PUT method	END	1680158853990
USER	To update an existing user using PUT method	END	1680158853992
USER	To update an existing user using PUT method	END	1680158853994
USER	To update an existing user using PUT method	END	1680158853995
USER	To update an existing user using PUT method	END	1680158853996
USER	To update an existing user using PUT method	END	1680158853996
USER	To update an existing user using PUT method	END	1680158853998
USER	To update an existing user using PUT method	END	1680158853998
USER	To update an existing user using PUT method	END	1680158854000
USER	To update an existing user using PUT method	END	1680158854000
USER	To update an existing user using PUT method	END	1680158854001
USER	To update an existing user using PUT method	END	1680158854002
USER	To update an existing user using PUT method	END	1680158854002
USER	To update an existing user using PUT method	END	1680158854002
USER	To update an existing user using PUT method	END	1680158854003
USER	To update an existing user using PUT method	END	1680158854004
USER	To update an existing user using PUT method	END	1680158854006
USER	To update an existing user using PUT method	END	1680158854010
USER	To update an existing user using PUT method	END	1680158854020
USER	To update an existing user using PUT method	END	1680158854020
USER	To update an existing user using PUT method	END	1680158854022
USER	To update an existing user using PUT method	END	1680158854025
USER	To update an existing user using PUT method	END	1680158854026
USER	To update an existing user using PUT method	END	1680158854027
USER	To update an existing user using PUT method	END	1680158854035
USER	To update an existing user using PUT method	END	1680158854054
USER	To update an existing user using PUT method	END	1680158854068
USER	To update an existing user using PUT method	END	1680158854087
USER	To update an existing user using PUT method	END	1680158854087
USER	To update an existing user using PUT method	END	1680158854092
USER	To update an existing user using PUT method	END	1680158854093
USER	To update an existing user using PUT method	END	1680158854093
USER	To update an existing user using PUT method	END	1680158854100
USER	To update an existing user using PUT method	END	1680158854101
USER	To update an existing user using PUT method	END	1680158854115
USER	To update an existing user using PUT method	END	1680158854118
USER	To update an existing user using PUT method	END	1680158854122
USER	To update an existing user using PUT method	END	1680158854123
USER	To update an existing user using PUT method	END	1680158854132
USER	To update an existing user using PUT method	END	1680158854132
USER	To update an existing user using PUT method	END	1680158854134
USER	To update an existing user using PUT method	END	1680158854135
USER	To update an existing user using PUT method	END	1680158854139
USER	To update an existing user using PUT method	END	1680158854148
USER	To update an existing user using PUT method	END	1680158854150
USER	To update an existing user using PUT method	END	1680158854182
USER	To update an existing user using PUT method	END	1680158854210
USER	To update an existing user using PUT method	END	1680158854212
USER	To update an existing user using PUT method	END	1680158854212
USER	To update an existing user using PUT method	END	1680158854212
USER	To update an existing user using PUT method	END	1680158854213
USER	To update an existing user using PUT method	END	1680158854213
USER	To update an existing user using PUT method	END	1680158854213
USER	To update an existing user using PUT method	END	1680158854214
USER	To update an existing user using PUT method	END	1680158854215
USER	To update an existing user using PUT method	END	1680158854215
USER	To update an existing user using PUT method	END	1680158854216
USER	To update an existing user using PUT method	END	1680158854217
USER	To update an existing user using PUT method	END	1680158854218
USER	To update an existing user using PUT method	END	1680158854218
USER	To update an existing user using PUT method	END	1680158854220
USER	To update an existing user using PUT method	END	1680158854220
USER	To update an existing user using PUT method	END	1680158854223
USER	To update an existing user using PUT method	END	1680158854225
USER	To update an existing user using PUT method	END	1680158854230
USER	To update an existing user using PUT method	END	1680158854231
USER	To update an existing user using PUT method	END	1680158854233
USER	To update an existing user using PUT method	END	1680158854234
USER	To update an existing user using PUT method	END	1680158854234
USER	To update an existing user using PUT method	END	1680158854250
USER	To update an existing user using PUT method	END	1680158854260
REQUEST		UPDATE USER-PUT API	1680158852563	1680158854259	OK	 
REQUEST		UPDATE USER-PUT API	1680158852576	1680158854263	OK	 
USER	To update an existing user using PUT method	END	1680158854262
REQUEST		UPDATE USER-PUT API	1680158852597	1680158854263	OK	 
REQUEST		UPDATE USER-PUT API	1680158852206	1680158854260	OK	 
USER	To update an existing user using PUT method	END	1680158854266
REQUEST		UPDATE USER-PUT API	1680158852167	1680158854266	OK	 
REQUEST		UPDATE USER-PUT API	1680158852506	1680158854266	OK	 
USER	To update an existing user using PUT method	END	1680158854268
USER	To update an existing user using PUT method	END	1680158854269
REQUEST		UPDATE USER-PUT API	1680158852298	1680158854270	OK	 
REQUEST		UPDATE USER-PUT API	1680158852547	1680158854274	OK	 
REQUEST		UPDATE USER-PUT API	1680158852305	1680158854275	OK	 
REQUEST		UPDATE USER-PUT API	1680158852599	1680158854271	OK	 
USER	To update an existing user using PUT method	END	1680158854271
REQUEST		UPDATE USER-PUT API	1680158852294	1680158854278	OK	 
REQUEST		UPDATE USER-PUT API	1680158852152	1680158854279	OK	 
REQUEST		UPDATE USER-PUT API	1680158852243	1680158854281	OK	 
REQUEST		UPDATE USER-PUT API	1680158852210	1680158854286	OK	 
REQUEST		UPDATE USER-PUT API	1680158852568	1680158854289	OK	 
REQUEST		UPDATE USER-PUT API	1680158852153	1680158854291	OK	 
REQUEST		UPDATE USER-PUT API	1680158852566	1680158854277	OK	 
REQUEST		UPDATE USER-PUT API	1680158852571	1680158854293	OK	 
REQUEST		UPDATE USER-PUT API	1680158852248	1680158854295	OK	 
REQUEST		UPDATE USER-PUT API	1680158852576	1680158854300	OK	 
REQUEST		UPDATE USER-PUT API	1680158852574	1680158854305	OK	 
REQUEST		UPDATE USER-PUT API	1680158852572	1680158854294	OK	 
REQUEST		UPDATE USER-PUT API	1680158852173	1680158854309	OK	 
REQUEST		UPDATE USER-PUT API	1680158852580	1680158854311	OK	 
REQUEST		UPDATE USER-PUT API	1680158852555	1680158854322	OK	 
REQUEST		UPDATE USER-PUT API	1680158852563	1680158854325	OK	 
REQUEST		UPDATE USER-PUT API	1680158852594	1680158854328	OK	 
USER	To update an existing user using PUT method	END	1680158854271
USER	To update an existing user using PUT method	END	1680158854274
USER	To update an existing user using PUT method	END	1680158854276
USER	To update an existing user using PUT method	END	1680158854276
USER	To update an existing user using PUT method	END	1680158854278
USER	To update an existing user using PUT method	END	1680158854280
USER	To update an existing user using PUT method	END	1680158854280
USER	To update an existing user using PUT method	END	1680158854284
USER	To update an existing user using PUT method	END	1680158854287
USER	To update an existing user using PUT method	END	1680158854290
USER	To update an existing user using PUT method	END	1680158854292
USER	To update an existing user using PUT method	END	1680158854294
USER	To update an existing user using PUT method	END	1680158854294
USER	To update an existing user using PUT method	END	1680158854299
USER	To update an existing user using PUT method	END	1680158854303
USER	To update an existing user using PUT method	END	1680158854308
USER	To update an existing user using PUT method	END	1680158854309
USER	To update an existing user using PUT method	END	1680158854311
USER	To update an existing user using PUT method	END	1680158854313
USER	To update an existing user using PUT method	END	1680158854324
USER	To update an existing user using PUT method	END	1680158854327
REQUEST		UPDATE USER-PUT API	1680158852584	1680158854340	OK	 
USER	To update an existing user using PUT method	END	1680158854342
REQUEST		UPDATE USER-PUT API	1680158852615	1680158854344	OK	 
USER	To update an existing user using PUT method	END	1680158854359
USER	To update an existing user using PUT method	END	1680158854359
USER	To update an existing user using PUT method	END	1680158854360
REQUEST		UPDATE USER-PUT API	1680158852289	1680158854359	OK	 
USER	To update an existing user using PUT method	END	1680158854361
REQUEST		UPDATE USER-PUT API	1680158852236	1680158854361	OK	 
REQUEST		UPDATE USER-PUT API	1680158852240	1680158854362	OK	 
REQUEST		UPDATE USER-PUT API	1680158852227	1680158854364	OK	 
REQUEST		UPDATE USER-PUT API	1680158852239	1680158854365	OK	 
REQUEST		UPDATE USER-PUT API	1680158852248	1680158854367	OK	 
REQUEST		UPDATE USER-PUT API	1680158852277	1680158854368	OK	 
REQUEST		UPDATE USER-PUT API	1680158852554	1680158854309	OK	 
REQUEST		UPDATE USER-PUT API	1680158852206	1680158854377	OK	 
USER	To update an existing user using PUT method	END	1680158854362
USER	To update an existing user using PUT method	END	1680158854363
USER	To update an existing user using PUT method	END	1680158854365
USER	To update an existing user using PUT method	END	1680158854366
USER	To update an existing user using PUT method	END	1680158854368
USER	To update an existing user using PUT method	END	1680158854369
USER	To update an existing user using PUT method	END	1680158854376
USER	To update an existing user using PUT method	END	1680158854379
REQUEST		UPDATE USER-PUT API	1680158852767	1680158854387	OK	 
REQUEST		UPDATE USER-PUT API	1680158852633	1680158854387	OK	 
REQUEST		UPDATE USER-PUT API	1680158852570	1680158854388	OK	 
REQUEST		UPDATE USER-PUT API	1680158852584	1680158854389	OK	 
USER	To update an existing user using PUT method	END	1680158854388
USER	To update an existing user using PUT method	END	1680158854389
USER	To update an existing user using PUT method	END	1680158854390
USER	To update an existing user using PUT method	END	1680158854390
REQUEST		UPDATE USER-PUT API	1680158852578	1680158854390	OK	 
USER	To update an existing user using PUT method	END	1680158854391
REQUEST		UPDATE USER-PUT API	1680158852234	1680158854391	OK	 
USER	To update an existing user using PUT method	END	1680158854392
REQUEST		UPDATE USER-PUT API	1680158852591	1680158854392	OK	 
USER	To update an existing user using PUT method	END	1680158854393
REQUEST		UPDATE USER-PUT API	1680158852490	1680158854393	OK	 
REQUEST		UPDATE USER-PUT API	1680158852598	1680158854394	OK	 
REQUEST		UPDATE USER-PUT API	1680158852512	1680158854395	OK	 
USER	To update an existing user using PUT method	END	1680158854394
USER	To update an existing user using PUT method	END	1680158854394
USER	To update an existing user using PUT method	END	1680158854396
USER	To update an existing user using PUT method	END	1680158854402
REQUEST		UPDATE USER-PUT API	1680158852214	1680158854392	OK	 
REQUEST		UPDATE USER-PUT API	1680158852798	1680158854405	OK	 
REQUEST		UPDATE USER-PUT API	1680158852036	1680158854405	OK	 
REQUEST		UPDATE USER-PUT API	1680158852561	1680158854406	OK	 
USER	To update an existing user using PUT method	END	1680158854405
USER	To update an existing user using PUT method	END	1680158854406
REQUEST		UPDATE USER-PUT API	1680158852796	1680158854406	OK	 
USER	To update an existing user using PUT method	END	1680158854406
REQUEST		UPDATE USER-PUT API	1680158852588	1680158854406	OK	 
USER	To update an existing user using PUT method	END	1680158854407
USER	To update an existing user using PUT method	END	1680158854407
USER	To update an existing user using PUT method	END	1680158854408
REQUEST		UPDATE USER-PUT API	1680158852147	1680158854410	OK	 
USER	To update an existing user using PUT method	END	1680158854419
REQUEST		UPDATE USER-PUT API	1680158852249	1680158854420	OK	 
USER	To update an existing user using PUT method	END	1680158854421
REQUEST		UPDATE USER-PUT API	1680158852207	1680158854422	OK	 
REQUEST		UPDATE USER-PUT API	1680158852568	1680158854425	OK	 
USER	To update an existing user using PUT method	END	1680158854423
USER	To update an existing user using PUT method	END	1680158854427
REQUEST		UPDATE USER-PUT API	1680158852575	1680158854428	OK	 
USER	To update an existing user using PUT method	END	1680158854433
REQUEST		UPDATE USER-PUT API	1680158852570	1680158854435	OK	 
REQUEST		UPDATE USER-PUT API	1680158852554	1680158854450	OK	 
USER	To update an existing user using PUT method	END	1680158854437
REQUEST		UPDATE USER-PUT API	1680158852586	1680158854454	OK	 
USER	To update an existing user using PUT method	END	1680158854454
USER	To update an existing user using PUT method	END	1680158854457
REQUEST		UPDATE USER-PUT API	1680158852612	1680158854466	OK	 
USER	To update an existing user using PUT method	END	1680158854469
REQUEST		UPDATE USER-PUT API	1680158852417	1680158854478	OK	 
USER	To update an existing user using PUT method	END	1680158854480
