RUN	Simulations.TC10_DDT_CHECKS	tc10-ddt-checks	1680174938640	a	3.6.1
USER	Verify Single User API using DDT & asssertions	START	1680174950334
USER	Verify Single User API using DDT & asssertions	START	1680174950333
USER	Verify Single User API using DDT & asssertions	START	1680174950335
USER	Verify Single User API using DDT & asssertions	START	1680174950334
USER	Verify Single User API using DDT & asssertions	START	1680174950331
USER	Verify Single User API using DDT & asssertions	START	1680174950347
USER	Verify Single User API using DDT & asssertions	START	1680174950824
REQUEST		SINGLE USER API	1680174950461	1680174950820	OK	 
REQUEST		SINGLE USER API	1680174950461	1680174950788	OK	 
REQUEST		SINGLE USER API	1680174950461	1680174950786	OK	 
REQUEST		SINGLE USER API	1680174950828	1680174951055	OK	 
REQUEST		SINGLE USER API	1680174950462	1680174950818	OK	 
REQUEST		SINGLE USER API	1680174950464	1680174950785	OK	 
REQUEST		SINGLE USER API	1680174950461	1680174950785	OK	 
REQUEST		SINGLE USER API	1680174951100	1680174951162	OK	 
REQUEST		SINGLE USER API	1680174951102	1680174951162	OK	 
REQUEST		SINGLE USER API	1680174951100	1680174951164	OK	 
USER	Verify Single User API using DDT & asssertions	END	1680174951175
REQUEST		SINGLE USER API	1680174951109	1680174951175	OK	 
REQUEST		SINGLE USER API	1680174951107	1680174951176	OK	 
REQUEST		SINGLE USER API	1680174951111	1680174951175	OK	 
REQUEST		SINGLE USER API	1680174951127	1680174951193	OK	 
REQUEST		SINGLE USER API	1680174951167	1680174951225	OK	 
REQUEST		SINGLE USER API	1680174951168	1680174951225	OK	 
REQUEST		SINGLE USER API	1680174951177	1680174951235	OK	 
REQUEST		SINGLE USER API	1680174951178	1680174951238	OK	 
USER	Verify Single User API using DDT & asssertions	END	1680174951242
REQUEST		SINGLE USER API	1680174951183	1680174951248	OK	 
USER	Verify Single User API using DDT & asssertions	END	1680174951251
REQUEST		SINGLE USER API	1680174951196	1680174951256	OK	 
REQUEST		SINGLE USER API	1680174951227	1680174951298	OK	 
REQUEST		SINGLE USER API	1680174951227	1680174951301	OK	 
REQUEST		SINGLE USER API	1680174951241	1680174951303	OK	 
USER	Verify Single User API using DDT & asssertions	END	1680174951302
USER	Verify Single User API using DDT & asssertions	END	1680174951305
USER	Verify Single User API using DDT & asssertions	END	1680174951309
USER	Verify Single User API using DDT & asssertions	START	1680174951332
REQUEST		SINGLE USER API	1680174951258	1680174951340	OK	 
USER	Verify Single User API using DDT & asssertions	END	1680174951357
REQUEST		SINGLE USER API	1680174951334	1680174951745	OK	 
REQUEST		SINGLE USER API	1680174951750	1680174951790	OK	 
REQUEST		SINGLE USER API	1680174951792	1680174952203	OK	 
USER	Verify Single User API using DDT & asssertions	START	1680174952342
REQUEST		SINGLE USER API	1680174952344	1680174952531	OK	 
REQUEST		SINGLE USER API	1680174952205	1680174952565	OK	 
USER	Verify Single User API using DDT & asssertions	END	1680174952569
REQUEST		SINGLE USER API	1680174952534	1680174952596	OK	 
REQUEST		SINGLE USER API	1680174952598	1680174952654	OK	 
REQUEST		SINGLE USER API	1680174952656	1680174952718	OK	 
USER	Verify Single User API using DDT & asssertions	END	1680174952722
USER	Verify Single User API using DDT & asssertions	START	1680174952834
REQUEST		SINGLE USER API	1680174952836	1680174952987	OK	 
REQUEST		SINGLE USER API	1680174952990	1680174953078	OK	 
REQUEST		SINGLE USER API	1680174953080	1680174953298	OK	 
USER	Verify Single User API using DDT & asssertions	START	1680174953341
REQUEST		SINGLE USER API	1680174953306	1680174953363	OK	 
USER	Verify Single User API using DDT & asssertions	END	1680174953366
REQUEST		SINGLE USER API	1680174953342	1680174953458	OK	 
REQUEST		SINGLE USER API	1680174953461	1680174953502	OK	 
REQUEST		SINGLE USER API	1680174953504	1680174953540	OK	 
REQUEST		SINGLE USER API	1680174953542	1680174953577	OK	 
USER	Verify Single User API using DDT & asssertions	END	1680174953581
USER	Verify Single User API using DDT & asssertions	START	1680174954329
REQUEST		SINGLE USER API	1680174954330	1680174954505	OK	 
REQUEST		SINGLE USER API	1680174954507	1680174954576	OK	 
REQUEST		SINGLE USER API	1680174954579	1680174954644	OK	 
REQUEST		SINGLE USER API	1680174954646	1680174954713	OK	 
REQUEST		SINGLE USER API	1680174954715	1680174954776	OK	 
USER	Verify Single User API using DDT & asssertions	END	1680174954778
USER	Verify Single User API using DDT & asssertions	START	1680174954834
REQUEST		SINGLE USER API	1680174954836	1680174955023	OK	 
REQUEST		SINGLE USER API	1680174955026	1680174955084	OK	 
REQUEST		SINGLE USER API	1680174955086	1680174955148	OK	 
REQUEST		SINGLE USER API	1680174955150	1680174955209	OK	 
REQUEST		SINGLE USER API	1680174955211	1680174955275	OK	 
USER	Verify Single User API using DDT & asssertions	END	1680174955278
USER	Verify Single User API using DDT & asssertions	START	1680174955345
REQUEST		SINGLE USER API	1680174955348	1680174955472	OK	 
REQUEST		SINGLE USER API	1680174955477	1680174955524	OK	 
REQUEST		SINGLE USER API	1680174955529	1680174955577	OK	 
REQUEST		SINGLE USER API	1680174955579	1680174955629	OK	 
REQUEST		SINGLE USER API	1680174955631	1680174955673	OK	 
USER	Verify Single User API using DDT & asssertions	END	1680174955675
USER	Verify Single User API using DDT & asssertions	START	1680174956333
USER	Verify Single User API using DDT & asssertions	START	1680174956395
USER	Verify Single User API using DDT & asssertions	START	1680174956457
USER	Verify Single User API using DDT & asssertions	START	1680174956518
REQUEST		SINGLE USER API	1680174956396	1680174956535	OK	 
USER	Verify Single User API using DDT & asssertions	START	1680174956581
REQUEST		SINGLE USER API	1680174956538	1680174956582	OK	 
REQUEST		SINGLE USER API	1680174956458	1680174956591	OK	 
REQUEST		SINGLE USER API	1680174956587	1680174956632	OK	 
REQUEST		SINGLE USER API	1680174956593	1680174956635	OK	 
USER	Verify Single User API using DDT & asssertions	END	1680174956637
USER	Verify Single User API using DDT & asssertions	START	1680174956642
REQUEST		SINGLE USER API	1680174956637	1680174956677	OK	 
USER	Verify Single User API using DDT & asssertions	END	1680174956680
REQUEST		SINGLE USER API	1680174956520	1680174956692	OK	 
USER	Verify Single User API using DDT & asssertions	START	1680174956704
REQUEST		SINGLE USER API	1680174956694	1680174956755	OK	 
USER	Verify Single User API using DDT & asssertions	START	1680174956765
REQUEST		SINGLE USER API	1680174956582	1680174956779	OK	 
REQUEST		SINGLE USER API	1680174956340	1680174956789	OK	 
REQUEST		SINGLE USER API	1680174956792	1680174956835	OK	 
REQUEST		SINGLE USER API	1680174956643	1680174956835	OK	 
REQUEST		SINGLE USER API	1680174956764	1680174956835	OK	 
USER	Verify Single User API using DDT & asssertions	START	1680174956837
REQUEST		SINGLE USER API	1680174956782	1680174956841	OK	 
REQUEST		SINGLE USER API	1680174956840	1680174956878	OK	 
REQUEST		SINGLE USER API	1680174956705	1680174956878	OK	 
USER	Verify Single User API using DDT & asssertions	END	1680174956880
USER	Verify Single User API using DDT & asssertions	START	1680174956889
REQUEST		SINGLE USER API	1680174956838	1680174956896	OK	 
REQUEST		SINGLE USER API	1680174956839	1680174956897	OK	 
REQUEST		SINGLE USER API	1680174956842	1680174956900	OK	 
REQUEST		SINGLE USER API	1680174956880	1680174956937	OK	 
USER	Verify Single User API using DDT & asssertions	START	1680174956950
REQUEST		SINGLE USER API	1680174956898	1680174956955	OK	 
USER	Verify Single User API using DDT & asssertions	END	1680174956956
REQUEST		SINGLE USER API	1680174956766	1680174956955	OK	 
REQUEST		SINGLE USER API	1680174956897	1680174956962	OK	 
USER	Verify Single User API using DDT & asssertions	END	1680174956964
REQUEST		SINGLE USER API	1680174956838	1680174956967	OK	 
REQUEST		SINGLE USER API	1680174956908	1680174956969	OK	 
USER	Verify Single User API using DDT & asssertions	END	1680174956970
REQUEST		SINGLE USER API	1680174956939	1680174957004	OK	 
USER	Verify Single User API using DDT & asssertions	END	1680174957008
REQUEST		SINGLE USER API	1680174956968	1680174957007	OK	 
USER	Verify Single User API using DDT & asssertions	START	1680174957017
REQUEST		SINGLE USER API	1680174956966	1680174957023	OK	 
REQUEST		SINGLE USER API	1680174957009	1680174957048	OK	 
REQUEST		SINGLE USER API	1680174956889	1680174957063	OK	 
USER	Verify Single User API using DDT & asssertions	START	1680174957075
REQUEST		SINGLE USER API	1680174956951	1680174957076	OK	 
REQUEST		SINGLE USER API	1680174957025	1680174957090	OK	 
REQUEST		SINGLE USER API	1680174957051	1680174957092	OK	 
USER	Verify Single User API using DDT & asssertions	END	1680174957094
USER	Verify Single User API using DDT & asssertions	END	1680174957095
REQUEST		SINGLE USER API	1680174957068	1680174957124	OK	 
REQUEST		SINGLE USER API	1680174957078	1680174957131	OK	 
USER	Verify Single User API using DDT & asssertions	START	1680174957137
REQUEST		SINGLE USER API	1680174957020	1680174957161	OK	 
REQUEST		SINGLE USER API	1680174957132	1680174957183	OK	 
USER	Verify Single User API using DDT & asssertions	END	1680174957187
REQUEST		SINGLE USER API	1680174957126	1680174957190	OK	 
USER	Verify Single User API using DDT & asssertions	START	1680174957200
REQUEST		SINGLE USER API	1680174957162	1680174957208	OK	 
REQUEST		SINGLE USER API	1680174957191	1680174957252	OK	 
USER	Verify Single User API using DDT & asssertions	END	1680174957254
REQUEST		SINGLE USER API	1680174957210	1680174957257	OK	 
USER	Verify Single User API using DDT & asssertions	START	1680174957260
USER	Verify Single User API using DDT & asssertions	END	1680174957261
REQUEST		SINGLE USER API	1680174957078	1680174957271	OK	 
REQUEST		SINGLE USER API	1680174957138	1680174957315	OK	 
REQUEST		SINGLE USER API	1680174957273	1680174957330	OK	 
USER	Verify Single User API using DDT & asssertions	START	1680174957337
REQUEST		SINGLE USER API	1680174957201	1680174957369	OK	 
REQUEST		SINGLE USER API	1680174957317	1680174957380	OK	 
USER	Verify Single User API using DDT & asssertions	START	1680174957384
REQUEST		SINGLE USER API	1680174957333	1680174957399	OK	 
USER	Verify Single User API using DDT & asssertions	END	1680174957401
REQUEST		SINGLE USER API	1680174957371	1680174957426	OK	 
REQUEST		SINGLE USER API	1680174957261	1680174957438	OK	 
REQUEST		SINGLE USER API	1680174957383	1680174957440	OK	 
USER	Verify Single User API using DDT & asssertions	END	1680174957441
USER	Verify Single User API using DDT & asssertions	START	1680174957461
REQUEST		SINGLE USER API	1680174957428	1680174957489	OK	 
USER	Verify Single User API using DDT & asssertions	END	1680174957491
REQUEST		SINGLE USER API	1680174957385	1680174957506	OK	 
REQUEST		SINGLE USER API	1680174957440	1680174957506	OK	 
REQUEST		SINGLE USER API	1680174957338	1680174957517	OK	 
USER	Verify Single User API using DDT & asssertions	START	1680174957521
REQUEST		SINGLE USER API	1680174957508	1680174957551	OK	 
REQUEST		SINGLE USER API	1680174957508	1680174957565	OK	 
USER	Verify Single User API using DDT & asssertions	START	1680174957583
REQUEST		SINGLE USER API	1680174957553	1680174957599	OK	 
REQUEST		SINGLE USER API	1680174957520	1680174957599	OK	 
REQUEST		SINGLE USER API	1680174957566	1680174957628	OK	 
REQUEST		SINGLE USER API	1680174957601	1680174957647	OK	 
REQUEST		SINGLE USER API	1680174957462	1680174957649	OK	 
USER	Verify Single User API using DDT & asssertions	END	1680174957650
USER	Verify Single User API using DDT & asssertions	START	1680174957648
REQUEST		SINGLE USER API	1680174957601	1680174957656	OK	 
USER	Verify Single User API using DDT & asssertions	END	1680174957659
REQUEST		SINGLE USER API	1680174957633	1680174957688	OK	 
USER	Verify Single User API using DDT & asssertions	END	1680174957691
REQUEST		SINGLE USER API	1680174957651	1680174957704	OK	 
USER	Verify Single User API using DDT & asssertions	START	1680174957705
REQUEST		SINGLE USER API	1680174957521	1680174957708	OK	 
REQUEST		SINGLE USER API	1680174957651	1680174957757	OK	 
REQUEST		SINGLE USER API	1680174957588	1680174957763	OK	 
REQUEST		SINGLE USER API	1680174957706	1680174957764	OK	 
USER	Verify Single User API using DDT & asssertions	START	1680174957767
REQUEST		SINGLE USER API	1680174957710	1680174957768	OK	 
REQUEST		SINGLE USER API	1680174957758	1680174957795	OK	 
REQUEST		SINGLE USER API	1680174957765	1680174957822	OK	 
USER	Verify Single User API using DDT & asssertions	END	1680174957825
REQUEST		SINGLE USER API	1680174957766	1680174957822	OK	 
USER	Verify Single User API using DDT & asssertions	START	1680174957831
REQUEST		SINGLE USER API	1680174957796	1680174957840	OK	 
REQUEST		SINGLE USER API	1680174957706	1680174957842	OK	 
REQUEST		SINGLE USER API	1680174957777	1680174957841	OK	 
USER	Verify Single User API using DDT & asssertions	END	1680174957849
REQUEST		SINGLE USER API	1680174957842	1680174957878	OK	 
REQUEST		SINGLE USER API	1680174957829	1680174957889	OK	 
REQUEST		SINGLE USER API	1680174957844	1680174957893	OK	 
USER	Verify Single User API using DDT & asssertions	START	1680174957896
REQUEST		SINGLE USER API	1680174957880	1680174957920	OK	 
USER	Verify Single User API using DDT & asssertions	END	1680174957921
REQUEST		SINGLE USER API	1680174957767	1680174957924	OK	 
REQUEST		SINGLE USER API	1680174957891	1680174957946	OK	 
USER	Verify Single User API using DDT & asssertions	END	1680174957949
USER	Verify Single User API using DDT & asssertions	START	1680174957954
REQUEST		SINGLE USER API	1680174957895	1680174957956	OK	 
USER	Verify Single User API using DDT & asssertions	END	1680174957958
REQUEST		SINGLE USER API	1680174957832	1680174957964	OK	 
REQUEST		SINGLE USER API	1680174957926	1680174957973	OK	 
REQUEST		SINGLE USER API	1680174957965	1680174958005	OK	 
USER	Verify Single User API using DDT & asssertions	START	1680174958017
REQUEST		SINGLE USER API	1680174957975	1680174958034	OK	 
USER	Verify Single User API using DDT & asssertions	END	1680174958037
REQUEST		SINGLE USER API	1680174958006	1680174958049	OK	 
REQUEST		SINGLE USER API	1680174957955	1680174958070	OK	 
USER	Verify Single User API using DDT & asssertions	START	1680174958079
REQUEST		SINGLE USER API	1680174958051	1680174958095	OK	 
REQUEST		SINGLE USER API	1680174957897	1680174958095	OK	 
USER	Verify Single User API using DDT & asssertions	END	1680174958098
REQUEST		SINGLE USER API	1680174958071	1680174958109	OK	 
USER	Verify Single User API using DDT & asssertions	START	1680174958141
REQUEST		SINGLE USER API	1680174958111	1680174958146	OK	 
REQUEST		SINGLE USER API	1680174958098	1680174958155	OK	 
REQUEST		SINGLE USER API	1680174958148	1680174958195	OK	 
USER	Verify Single User API using DDT & asssertions	END	1680174958197
REQUEST		SINGLE USER API	1680174958021	1680174958198	OK	 
USER	Verify Single User API using DDT & asssertions	START	1680174958203
REQUEST		SINGLE USER API	1680174958156	1680174958215	OK	 
USER	Verify Single User API using DDT & asssertions	END	1680174958217
USER	Verify Single User API using DDT & asssertions	START	1680174958265
REQUEST		SINGLE USER API	1680174958082	1680174958266	OK	 
REQUEST		SINGLE USER API	1680174958199	1680174958267	OK	 
REQUEST		SINGLE USER API	1680174958142	1680174958311	OK	 
USER	Verify Single User API using DDT & asssertions	START	1680174958327
REQUEST		SINGLE USER API	1680174958268	1680174958330	OK	 
REQUEST		SINGLE USER API	1680174958268	1680174958335	OK	 
REQUEST		SINGLE USER API	1680174958313	1680174958374	OK	 
USER	Verify Single User API using DDT & asssertions	END	1680174958377
REQUEST		SINGLE USER API	1680174958266	1680174958385	OK	 
USER	Verify Single User API using DDT & asssertions	START	1680174958388
REQUEST		SINGLE USER API	1680174958338	1680174958396	OK	 
USER	Verify Single User API using DDT & asssertions	END	1680174958399
REQUEST		SINGLE USER API	1680174958339	1680174958400	OK	 
REQUEST		SINGLE USER API	1680174958203	1680174958403	OK	 
REQUEST		SINGLE USER API	1680174958387	1680174958436	OK	 
USER	Verify Single User API using DDT & asssertions	START	1680174958453
REQUEST		SINGLE USER API	1680174958328	1680174958452	OK	 
REQUEST		SINGLE USER API	1680174958404	1680174958461	OK	 
REQUEST		SINGLE USER API	1680174958402	1680174958462	OK	 
USER	Verify Single User API using DDT & asssertions	END	1680174958465
REQUEST		SINGLE USER API	1680174958439	1680174958477	OK	 
USER	Verify Single User API using DDT & asssertions	END	1680174958483
USER	Verify Single User API using DDT & asssertions	START	1680174958513
REQUEST		SINGLE USER API	1680174958454	1680174958527	OK	 
REQUEST		SINGLE USER API	1680174958469	1680174958526	OK	 
REQUEST		SINGLE USER API	1680174958389	1680174958545	OK	 
REQUEST		SINGLE USER API	1680174958529	1680174958567	OK	 
USER	Verify Single User API using DDT & asssertions	END	1680174958569
USER	Verify Single User API using DDT & asssertions	START	1680174958574
REQUEST		SINGLE USER API	1680174958454	1680174958585	OK	 
REQUEST		SINGLE USER API	1680174958528	1680174958587	OK	 
USER	Verify Single User API using DDT & asssertions	END	1680174958589
REQUEST		SINGLE USER API	1680174958547	1680174958594	OK	 
USER	Verify Single User API using DDT & asssertions	END	1680174958596
REQUEST		SINGLE USER API	1680174958587	1680174958632	OK	 
USER	Verify Single User API using DDT & asssertions	START	1680174958637
REQUEST		SINGLE USER API	1680174958514	1680174958681	OK	 
REQUEST		SINGLE USER API	1680174958634	1680174958681	OK	 
USER	Verify Single User API using DDT & asssertions	START	1680174958699
REQUEST		SINGLE USER API	1680174958686	1680174958729	OK	 
USER	Verify Single User API using DDT & asssertions	END	1680174958732
REQUEST		SINGLE USER API	1680174958686	1680174958744	OK	 
REQUEST		SINGLE USER API	1680174958576	1680174958749	OK	 
USER	Verify Single User API using DDT & asssertions	START	1680174958761
REQUEST		SINGLE USER API	1680174958637	1680174958760	OK	 
REQUEST		SINGLE USER API	1680174958761	1680174958803	OK	 
REQUEST		SINGLE USER API	1680174958745	1680174958803	OK	 
USER	Verify Single User API using DDT & asssertions	END	1680174958809
REQUEST		SINGLE USER API	1680174958750	1680174958811	OK	 
USER	Verify Single User API using DDT & asssertions	START	1680174958824
REQUEST		SINGLE USER API	1680174958805	1680174958842	OK	 
USER	Verify Single User API using DDT & asssertions	END	1680174958845
REQUEST		SINGLE USER API	1680174958700	1680174958874	OK	 
REQUEST		SINGLE USER API	1680174958815	1680174958875	OK	 
USER	Verify Single User API using DDT & asssertions	START	1680174958885
REQUEST		SINGLE USER API	1680174958877	1680174958935	OK	 
REQUEST		SINGLE USER API	1680174958761	1680174958947	OK	 
REQUEST		SINGLE USER API	1680174958878	1680174958947	OK	 
USER	Verify Single User API using DDT & asssertions	END	1680174958949
USER	Verify Single User API using DDT & asssertions	START	1680174958962
REQUEST		SINGLE USER API	1680174958825	1680174958970	OK	 
REQUEST		SINGLE USER API	1680174958937	1680174958997	OK	 
REQUEST		SINGLE USER API	1680174958949	1680174959007	OK	 
USER	Verify Single User API using DDT & asssertions	START	1680174959009
REQUEST		SINGLE USER API	1680174958974	1680174959019	OK	 
REQUEST		SINGLE USER API	1680174958999	1680174959055	OK	 
USER	Verify Single User API using DDT & asssertions	END	1680174959057
REQUEST		SINGLE USER API	1680174959020	1680174959068	OK	 
REQUEST		SINGLE USER API	1680174959008	1680174959069	OK	 
REQUEST		SINGLE USER API	1680174958886	1680174959070	OK	 
USER	Verify Single User API using DDT & asssertions	END	1680174959072
USER	Verify Single User API using DDT & asssertions	START	1680174959072
REQUEST		SINGLE USER API	1680174959072	1680174959117	OK	 
USER	Verify Single User API using DDT & asssertions	END	1680174959120
REQUEST		SINGLE USER API	1680174959071	1680174959126	OK	 
REQUEST		SINGLE USER API	1680174958962	1680174959134	OK	 
REQUEST		SINGLE USER API	1680174959009	1680174959137	OK	 
USER	Verify Single User API using DDT & asssertions	START	1680174959149
REQUEST		SINGLE USER API	1680174959127	1680174959185	OK	 
USER	Verify Single User API using DDT & asssertions	END	1680174959188
REQUEST		SINGLE USER API	1680174959136	1680174959194	OK	 
REQUEST		SINGLE USER API	1680174959138	1680174959194	OK	 
USER	Verify Single User API using DDT & asssertions	START	1680174959210
REQUEST		SINGLE USER API	1680174959196	1680174959237	OK	 
USER	Verify Single User API using DDT & asssertions	END	1680174959238
REQUEST		SINGLE USER API	1680174959074	1680174959253	OK	 
REQUEST		SINGLE USER API	1680174959195	1680174959256	OK	 
USER	Verify Single User API using DDT & asssertions	END	1680174959258
USER	Verify Single User API using DDT & asssertions	START	1680174959275
REQUEST		SINGLE USER API	1680174959256	1680174959315	OK	 
REQUEST		SINGLE USER API	1680174959150	1680174959325	OK	 
USER	Verify Single User API using DDT & asssertions	START	1680174959335
REQUEST		SINGLE USER API	1680174959210	1680174959363	OK	 
REQUEST		SINGLE USER API	1680174959327	1680174959381	OK	 
USER	Verify Single User API using DDT & asssertions	START	1680174959396
REQUEST		SINGLE USER API	1680174959323	1680174959398	OK	 
REQUEST		SINGLE USER API	1680174959276	1680174959399	OK	 
REQUEST		SINGLE USER API	1680174959366	1680174959418	OK	 
REQUEST		SINGLE USER API	1680174959400	1680174959444	OK	 
REQUEST		SINGLE USER API	1680174959383	1680174959444	OK	 
USER	Verify Single User API using DDT & asssertions	START	1680174959458
REQUEST		SINGLE USER API	1680174959400	1680174959461	OK	 
REQUEST		SINGLE USER API	1680174959343	1680174959480	OK	 
REQUEST		SINGLE USER API	1680174959445	1680174959485	OK	 
REQUEST		SINGLE USER API	1680174959445	1680174959511	OK	 
USER	Verify Single User API using DDT & asssertions	END	1680174959513
REQUEST		SINGLE USER API	1680174959419	1680174959518	OK	 
REQUEST		SINGLE USER API	1680174959462	1680174959519	OK	 
USER	Verify Single User API using DDT & asssertions	END	1680174959521
REQUEST		SINGLE USER API	1680174959481	1680174959521	OK	 
USER	Verify Single User API using DDT & asssertions	START	1680174959522
REQUEST		SINGLE USER API	1680174959486	1680174959528	OK	 
USER	Verify Single User API using DDT & asssertions	END	1680174959530
REQUEST		SINGLE USER API	1680174959522	1680174959567	OK	 
REQUEST		SINGLE USER API	1680174959397	1680174959569	OK	 
USER	Verify Single User API using DDT & asssertions	START	1680174959583
REQUEST		SINGLE USER API	1680174959519	1680174959583	OK	 
USER	Verify Single User API using DDT & asssertions	END	1680174959585
REQUEST		SINGLE USER API	1680174959569	1680174959612	OK	 
USER	Verify Single User API using DDT & asssertions	END	1680174959614
REQUEST		SINGLE USER API	1680174959570	1680174959631	OK	 
REQUEST		SINGLE USER API	1680174959458	1680174959632	OK	 
USER	Verify Single User API using DDT & asssertions	START	1680174959645
REQUEST		SINGLE USER API	1680174959523	1680174959689	OK	 
REQUEST		SINGLE USER API	1680174959633	1680174959689	OK	 
REQUEST		SINGLE USER API	1680174959634	1680174959699	OK	 
USER	Verify Single User API using DDT & asssertions	END	1680174959698
USER	Verify Single User API using DDT & asssertions	END	1680174959702
REQUEST		SINGLE USER API	1680174959587	1680174959705	OK	 
USER	Verify Single User API using DDT & asssertions	START	1680174959706
REQUEST		SINGLE USER API	1680174959690	1680174959750	OK	 
REQUEST		SINGLE USER API	1680174959706	1680174959752	OK	 
USER	Verify Single User API using DDT & asssertions	START	1680174959768
REQUEST		SINGLE USER API	1680174959645	1680174959777	OK	 
REQUEST		SINGLE USER API	1680174959754	1680174959797	OK	 
REQUEST		SINGLE USER API	1680174959752	1680174959809	OK	 
USER	Verify Single User API using DDT & asssertions	START	1680174959832
REQUEST		SINGLE USER API	1680174959779	1680174959831	OK	 
USER	Verify Single User API using DDT & asssertions	END	1680174959833
REQUEST		SINGLE USER API	1680174959798	1680174959838	OK	 
USER	Verify Single User API using DDT & asssertions	END	1680174959839
REQUEST		SINGLE USER API	1680174959811	1680174959871	OK	 
USER	Verify Single User API using DDT & asssertions	END	1680174959876
REQUEST		SINGLE USER API	1680174959707	1680174959891	OK	 
USER	Verify Single User API using DDT & asssertions	START	1680174959896
REQUEST		SINGLE USER API	1680174959768	1680174959911	OK	 
REQUEST		SINGLE USER API	1680174959913	1680174959955	OK	 
REQUEST		SINGLE USER API	1680174959893	1680174959956	OK	 
USER	Verify Single User API using DDT & asssertions	START	1680174959957
REQUEST		SINGLE USER API	1680174959956	1680174960004	OK	 
REQUEST		SINGLE USER API	1680174959832	1680174960013	OK	 
USER	Verify Single User API using DDT & asssertions	START	1680174960018
REQUEST		SINGLE USER API	1680174959957	1680174960023	OK	 
USER	Verify Single User API using DDT & asssertions	END	1680174960025
REQUEST		SINGLE USER API	1680174960005	1680174960047	OK	 
USER	Verify Single User API using DDT & asssertions	END	1680174960050
REQUEST		SINGLE USER API	1680174959897	1680174960071	OK	 
REQUEST		SINGLE USER API	1680174960014	1680174960075	OK	 
USER	Verify Single User API using DDT & asssertions	START	1680174960077
REQUEST		SINGLE USER API	1680174960076	1680174960132	OK	 
REQUEST		SINGLE USER API	1680174960072	1680174960132	OK	 
REQUEST		SINGLE USER API	1680174959959	1680174960134	OK	 
USER	Verify Single User API using DDT & asssertions	END	1680174960138
REQUEST		SINGLE USER API	1680174960018	1680174960139	OK	 
USER	Verify Single User API using DDT & asssertions	START	1680174960140
REQUEST		SINGLE USER API	1680174960137	1680174960196	OK	 
REQUEST		SINGLE USER API	1680174960136	1680174960196	OK	 
USER	Verify Single User API using DDT & asssertions	END	1680174960198
USER	Verify Single User API using DDT & asssertions	START	1680174960202
REQUEST		SINGLE USER API	1680174960140	1680174960203	OK	 
REQUEST		SINGLE USER API	1680174960205	1680174960255	OK	 
USER	Verify Single User API using DDT & asssertions	START	1680174960263
REQUEST		SINGLE USER API	1680174960198	1680174960265	OK	 
REQUEST		SINGLE USER API	1680174960078	1680174960266	OK	 
USER	Verify Single User API using DDT & asssertions	END	1680174960267
REQUEST		SINGLE USER API	1680174960257	1680174960311	OK	 
REQUEST		SINGLE USER API	1680174960140	1680174960325	OK	 
USER	Verify Single User API using DDT & asssertions	END	1680174960323
USER	Verify Single User API using DDT & asssertions	START	1680174960338
REQUEST		SINGLE USER API	1680174960270	1680174960339	OK	 
REQUEST		SINGLE USER API	1680174960205	1680174960354	OK	 
USER	Verify Single User API using DDT & asssertions	START	1680174960388
REQUEST		SINGLE USER API	1680174960337	1680174960398	OK	 
REQUEST		SINGLE USER API	1680174960356	1680174960399	OK	 
REQUEST		SINGLE USER API	1680174960350	1680174960409	OK	 
USER	Verify Single User API using DDT & asssertions	END	1680174960410
REQUEST		SINGLE USER API	1680174960263	1680174960415	OK	 
REQUEST		SINGLE USER API	1680174960407	1680174960445	OK	 
USER	Verify Single User API using DDT & asssertions	START	1680174960448
REQUEST		SINGLE USER API	1680174960399	1680174960463	OK	 
REQUEST		SINGLE USER API	1680174960417	1680174960466	OK	 
REQUEST		SINGLE USER API	1680174960447	1680174960482	OK	 
USER	Verify Single User API using DDT & asssertions	END	1680174960483
REQUEST		SINGLE USER API	1680174960338	1680174960503	OK	 
REQUEST		SINGLE USER API	1680174960467	1680174960508	OK	 
USER	Verify Single User API using DDT & asssertions	START	1680174960510
REQUEST		SINGLE USER API	1680174960464	1680174960525	OK	 
USER	Verify Single User API using DDT & asssertions	END	1680174960528
REQUEST		SINGLE USER API	1680174960509	1680174960549	OK	 
USER	Verify Single User API using DDT & asssertions	END	1680174960550
REQUEST		SINGLE USER API	1680174960389	1680174960566	OK	 
REQUEST		SINGLE USER API	1680174960505	1680174960567	OK	 
USER	Verify Single User API using DDT & asssertions	START	1680174960573
REQUEST		SINGLE USER API	1680174960568	1680174960625	OK	 
REQUEST		SINGLE USER API	1680174960448	1680174960625	OK	 
REQUEST		SINGLE USER API	1680174960568	1680174960631	OK	 
USER	Verify Single User API using DDT & asssertions	START	1680174960634
USER	Verify Single User API using DDT & asssertions	END	1680174960637
REQUEST		SINGLE USER API	1680174960514	1680174960657	OK	 
REQUEST		SINGLE USER API	1680174960627	1680174960684	OK	 
REQUEST		SINGLE USER API	1680174960627	1680174960684	OK	 
USER	Verify Single User API using DDT & asssertions	START	1680174960711
REQUEST		SINGLE USER API	1680174960660	1680174960730	OK	 
REQUEST		SINGLE USER API	1680174960573	1680174960738	OK	 
REQUEST		SINGLE USER API	1680174960686	1680174960747	OK	 
REQUEST		SINGLE USER API	1680174960686	1680174960746	OK	 
USER	Verify Single User API using DDT & asssertions	END	1680174960750
REQUEST		SINGLE USER API	1680174960635	1680174960755	OK	 
USER	Verify Single User API using DDT & asssertions	START	1680174960773
REQUEST		SINGLE USER API	1680174960740	1680174960801	OK	 
REQUEST		SINGLE USER API	1680174960732	1680174960801	OK	 
REQUEST		SINGLE USER API	1680174960757	1680174960805	OK	 
USER	Verify Single User API using DDT & asssertions	END	1680174960804
REQUEST		SINGLE USER API	1680174960753	1680174960820	OK	 
USER	Verify Single User API using DDT & asssertions	END	1680174960822
USER	Verify Single User API using DDT & asssertions	START	1680174960840
REQUEST		SINGLE USER API	1680174960806	1680174960857	OK	 
REQUEST		SINGLE USER API	1680174960803	1680174960863	OK	 
USER	Verify Single User API using DDT & asssertions	END	1680174960865
USER	Verify Single User API using DDT & asssertions	START	1680174960896
REQUEST		SINGLE USER API	1680174960858	1680174960911	OK	 
USER	Verify Single User API using DDT & asssertions	END	1680174960913
REQUEST		SINGLE USER API	1680174960718	1680174960923	OK	 
REQUEST		SINGLE USER API	1680174960774	1680174960952	OK	 
USER	Verify Single User API using DDT & asssertions	START	1680174960961
REQUEST		SINGLE USER API	1680174960926	1680174960984	OK	 
REQUEST		SINGLE USER API	1680174960841	1680174960992	OK	 
REQUEST		SINGLE USER API	1680174960953	1680174961008	OK	 
REQUEST		SINGLE USER API	1680174960896	1680174961011	OK	 
USER	Verify Single User API using DDT & asssertions	START	1680174961020
REQUEST		SINGLE USER API	1680174960986	1680174961045	OK	 
USER	Verify Single User API using DDT & asssertions	END	1680174961047
REQUEST		SINGLE USER API	1680174961012	1680174961061	OK	 
REQUEST		SINGLE USER API	1680174960993	1680174961061	OK	 
REQUEST		SINGLE USER API	1680174961010	1680174961064	OK	 
USER	Verify Single User API using DDT & asssertions	START	1680174961083
REQUEST		SINGLE USER API	1680174960962	1680174961096	OK	 
REQUEST		SINGLE USER API	1680174961062	1680174961111	OK	 
REQUEST		SINGLE USER API	1680174961063	1680174961115	OK	 
USER	Verify Single User API using DDT & asssertions	END	1680174961118
REQUEST		SINGLE USER API	1680174961065	1680174961120	OK	 
USER	Verify Single User API using DDT & asssertions	END	1680174961121
REQUEST		SINGLE USER API	1680174961098	1680174961149	OK	 
USER	Verify Single User API using DDT & asssertions	START	1680174961151
REQUEST		SINGLE USER API	1680174961112	1680174961155	OK	 
USER	Verify Single User API using DDT & asssertions	END	1680174961158
REQUEST		SINGLE USER API	1680174961151	1680174961204	OK	 
USER	Verify Single User API using DDT & asssertions	START	1680174961207
REQUEST		SINGLE USER API	1680174961021	1680174961213	OK	 
REQUEST		SINGLE USER API	1680174961205	1680174961266	OK	 
REQUEST		SINGLE USER API	1680174961151	1680174961268	OK	 
USER	Verify Single User API using DDT & asssertions	START	1680174961270
REQUEST		SINGLE USER API	1680174961083	1680174961276	OK	 
REQUEST		SINGLE USER API	1680174961214	1680174961285	OK	 
REQUEST		SINGLE USER API	1680174961269	1680174961305	OK	 
REQUEST		SINGLE USER API	1680174961267	1680174961316	OK	 
USER	Verify Single User API using DDT & asssertions	END	1680174961318
USER	Verify Single User API using DDT & asssertions	START	1680174961333
REQUEST		SINGLE USER API	1680174961306	1680174961341	OK	 
REQUEST		SINGLE USER API	1680174961277	1680174961341	OK	 
REQUEST		SINGLE USER API	1680174961288	1680174961355	OK	 
USER	Verify Single User API using DDT & asssertions	END	1680174961358
REQUEST		SINGLE USER API	1680174961207	1680174961360	OK	 
REQUEST		SINGLE USER API	1680174961343	1680174961383	OK	 
USER	Verify Single User API using DDT & asssertions	START	1680174961396
REQUEST		SINGLE USER API	1680174961361	1680174961413	OK	 
REQUEST		SINGLE USER API	1680174961360	1680174961416	OK	 
USER	Verify Single User API using DDT & asssertions	END	1680174961418
REQUEST		SINGLE USER API	1680174961384	1680174961418	OK	 
USER	Verify Single User API using DDT & asssertions	END	1680174961419
REQUEST		SINGLE USER API	1680174961270	1680174961445	OK	 
USER	Verify Single User API using DDT & asssertions	START	1680174961459
REQUEST		SINGLE USER API	1680174961414	1680174961468	OK	 
REQUEST		SINGLE USER API	1680174961449	1680174961507	OK	 
REQUEST		SINGLE USER API	1680174961334	1680174961508	OK	 
REQUEST		SINGLE USER API	1680174961397	1680174961515	OK	 
REQUEST		SINGLE USER API	1680174961469	1680174961517	OK	 
USER	Verify Single User API using DDT & asssertions	START	1680174961521
USER	Verify Single User API using DDT & asssertions	END	1680174961522
REQUEST		SINGLE USER API	1680174961516	1680174961559	OK	 
REQUEST		SINGLE USER API	1680174961509	1680174961565	OK	 
REQUEST		SINGLE USER API	1680174961509	1680174961565	OK	 
USER	Verify Single User API using DDT & asssertions	END	1680174961566
USER	Verify Single User API using DDT & asssertions	START	1680174961583
REQUEST		SINGLE USER API	1680174961560	1680174961601	OK	 
REQUEST		SINGLE USER API	1680174961460	1680174961621	OK	 
REQUEST		SINGLE USER API	1680174961566	1680174961630	OK	 
USER	Verify Single User API using DDT & asssertions	END	1680174961634
REQUEST		SINGLE USER API	1680174961603	1680174961647	OK	 
USER	Verify Single User API using DDT & asssertions	END	1680174961648
USER	Verify Single User API using DDT & asssertions	START	1680174961649
REQUEST		SINGLE USER API	1680174961622	1680174961690	OK	 
REQUEST		SINGLE USER API	1680174961522	1680174961691	OK	 
USER	Verify Single User API using DDT & asssertions	START	1680174961705
REQUEST		SINGLE USER API	1680174961692	1680174961748	OK	 
REQUEST		SINGLE USER API	1680174961692	1680174961748	OK	 
REQUEST		SINGLE USER API	1680174961583	1680174961751	OK	 
USER	Verify Single User API using DDT & asssertions	START	1680174961766
REQUEST		SINGLE USER API	1680174961749	1680174961812	OK	 
REQUEST		SINGLE USER API	1680174961749	1680174961812	OK	 
REQUEST		SINGLE USER API	1680174961753	1680174961814	OK	 
USER	Verify Single User API using DDT & asssertions	END	1680174961814
REQUEST		SINGLE USER API	1680174961649	1680174961813	OK	 
USER	Verify Single User API using DDT & asssertions	END	1680174961816
USER	Verify Single User API using DDT & asssertions	START	1680174961831
REQUEST		SINGLE USER API	1680174961815	1680174961869	OK	 
REQUEST		SINGLE USER API	1680174961706	1680174961869	OK	 
REQUEST		SINGLE USER API	1680174961817	1680174961875	OK	 
REQUEST		SINGLE USER API	1680174961767	1680174961888	OK	 
USER	Verify Single User API using DDT & asssertions	START	1680174961891
REQUEST		SINGLE USER API	1680174961889	1680174961929	OK	 
REQUEST		SINGLE USER API	1680174961871	1680174961929	OK	 
REQUEST		SINGLE USER API	1680174961871	1680174961929	OK	 
REQUEST		SINGLE USER API	1680174961876	1680174961930	OK	 
USER	Verify Single User API using DDT & asssertions	END	1680174961931
USER	Verify Single User API using DDT & asssertions	START	1680174961955
REQUEST		SINGLE USER API	1680174961832	1680174961961	OK	 
REQUEST		SINGLE USER API	1680174961930	1680174961971	OK	 
USER	Verify Single User API using DDT & asssertions	END	1680174961979
REQUEST		SINGLE USER API	1680174961931	1680174961987	OK	 
REQUEST		SINGLE USER API	1680174961930	1680174961987	OK	 
USER	Verify Single User API using DDT & asssertions	END	1680174961989
REQUEST		SINGLE USER API	1680174961963	1680174962007	OK	 
USER	Verify Single User API using DDT & asssertions	START	1680174962017
REQUEST		SINGLE USER API	1680174961989	1680174962049	OK	 
USER	Verify Single User API using DDT & asssertions	END	1680174962051
REQUEST		SINGLE USER API	1680174962009	1680174962058	OK	 
REQUEST		SINGLE USER API	1680174961892	1680174962067	OK	 
USER	Verify Single User API using DDT & asssertions	START	1680174962076
REQUEST		SINGLE USER API	1680174961956	1680174962090	OK	 
REQUEST		SINGLE USER API	1680174962061	1680174962106	OK	 
USER	Verify Single User API using DDT & asssertions	END	1680174962108
REQUEST		SINGLE USER API	1680174962069	1680174962125	OK	 
USER	Verify Single User API using DDT & asssertions	END	1680174962127
REQUEST		SINGLE USER API	1680174962092	1680174962134	OK	 
USER	Verify Single User API using DDT & asssertions	START	1680174962138
REQUEST		SINGLE USER API	1680174962136	1680174962179	OK	 
USER	Verify Single User API using DDT & asssertions	END	1680174962180
REQUEST		SINGLE USER API	1680174962018	1680174962184	OK	 
USER	Verify Single User API using DDT & asssertions	START	1680174962201
REQUEST		SINGLE USER API	1680174962077	1680174962205	OK	 
REQUEST		SINGLE USER API	1680174962186	1680174962248	OK	 
REQUEST		SINGLE USER API	1680174962206	1680174962257	OK	 
USER	Verify Single User API using DDT & asssertions	START	1680174962262
REQUEST		SINGLE USER API	1680174962258	1680174962301	OK	 
USER	Verify Single User API using DDT & asssertions	END	1680174962303
REQUEST		SINGLE USER API	1680174962252	1680174962310	OK	 
REQUEST		SINGLE USER API	1680174962139	1680174962310	OK	 
USER	Verify Single User API using DDT & asssertions	START	1680174962335
REQUEST		SINGLE USER API	1680174962312	1680174962371	OK	 
REQUEST		SINGLE USER API	1680174962202	1680174962384	OK	 
USER	Verify Single User API using DDT & asssertions	START	1680174962387
REQUEST		SINGLE USER API	1680174962320	1680174962390	OK	 
USER	Verify Single User API using DDT & asssertions	END	1680174962392
REQUEST		SINGLE USER API	1680174962372	1680174962433	OK	 
REQUEST		SINGLE USER API	1680174962385	1680174962442	OK	 
USER	Verify Single User API using DDT & asssertions	START	1680174962451
REQUEST		SINGLE USER API	1680174962270	1680174962465	OK	 
REQUEST		SINGLE USER API	1680174962434	1680174962498	OK	 
USER	Verify Single User API using DDT & asssertions	END	1680174962500
REQUEST		SINGLE USER API	1680174962444	1680174962505	OK	 
USER	Verify Single User API using DDT & asssertions	START	1680174962520
REQUEST		SINGLE USER API	1680174962335	1680174962527	OK	 
REQUEST		SINGLE USER API	1680174962469	1680174962535	OK	 
REQUEST		SINGLE USER API	1680174962387	1680174962557	OK	 
REQUEST		SINGLE USER API	1680174962507	1680174962565	OK	 
USER	Verify Single User API using DDT & asssertions	START	1680174962573
REQUEST		SINGLE USER API	1680174962536	1680174962594	OK	 
REQUEST		SINGLE USER API	1680174962538	1680174962597	OK	 
USER	Verify Single User API using DDT & asssertions	END	1680174962608
REQUEST		SINGLE USER API	1680174962559	1680174962617	OK	 
REQUEST		SINGLE USER API	1680174962566	1680174962635	OK	 
REQUEST		SINGLE USER API	1680174962453	1680174962634	OK	 
USER	Verify Single User API using DDT & asssertions	END	1680174962636
USER	Verify Single User API using DDT & asssertions	START	1680174962637
REQUEST		SINGLE USER API	1680174962596	1680174962654	OK	 
REQUEST		SINGLE USER API	1680174962618	1680174962679	OK	 
USER	Verify Single User API using DDT & asssertions	END	1680174962682
REQUEST		SINGLE USER API	1680174962520	1680174962682	OK	 
REQUEST		SINGLE USER API	1680174962636	1680174962696	OK	 
USER	Verify Single User API using DDT & asssertions	START	1680174962699
REQUEST		SINGLE USER API	1680174962655	1680174962717	OK	 
USER	Verify Single User API using DDT & asssertions	END	1680174962719
REQUEST		SINGLE USER API	1680174962683	1680174962732	OK	 
REQUEST		SINGLE USER API	1680174962574	1680174962752	OK	 
REQUEST		SINGLE USER API	1680174962697	1680174962760	OK	 
USER	Verify Single User API using DDT & asssertions	START	1680174962760
USER	Verify Single User API using DDT & asssertions	END	1680174962762
REQUEST		SINGLE USER API	1680174962637	1680174962799	OK	 
REQUEST		SINGLE USER API	1680174962734	1680174962803	OK	 
USER	Verify Single User API using DDT & asssertions	END	1680174962805
REQUEST		SINGLE USER API	1680174962699	1680174962810	OK	 
REQUEST		SINGLE USER API	1680174962759	1680174962817	OK	 
USER	Verify Single User API using DDT & asssertions	START	1680174962822
REQUEST		SINGLE USER API	1680174962811	1680174962852	OK	 
REQUEST		SINGLE USER API	1680174962800	1680174962860	OK	 
REQUEST		SINGLE USER API	1680174962818	1680174962872	OK	 
USER	Verify Single User API using DDT & asssertions	START	1680174962884
REQUEST		SINGLE USER API	1680174962853	1680174962895	OK	 
REQUEST		SINGLE USER API	1680174962864	1680174962924	OK	 
USER	Verify Single User API using DDT & asssertions	END	1680174962926
REQUEST		SINGLE USER API	1680174962873	1680174962928	OK	 
USER	Verify Single User API using DDT & asssertions	END	1680174962930
REQUEST		SINGLE USER API	1680174962763	1680174962931	OK	 
REQUEST		SINGLE USER API	1680174962897	1680174962942	OK	 
USER	Verify Single User API using DDT & asssertions	END	1680174962943
USER	Verify Single User API using DDT & asssertions	START	1680174962961
REQUEST		SINGLE USER API	1680174962932	1680174962997	OK	 
REQUEST		SINGLE USER API	1680174962830	1680174963004	OK	 
REQUEST		SINGLE USER API	1680174962885	1680174963005	OK	 
USER	Verify Single User API using DDT & asssertions	START	1680174963023
REQUEST		SINGLE USER API	1680174962999	1680174963056	OK	 
REQUEST		SINGLE USER API	1680174963005	1680174963068	OK	 
REQUEST		SINGLE USER API	1680174963005	1680174963068	OK	 
USER	Verify Single User API using DDT & asssertions	START	1680174963085
REQUEST		SINGLE USER API	1680174963058	1680174963115	OK	 
USER	Verify Single User API using DDT & asssertions	END	1680174963116
REQUEST		SINGLE USER API	1680174963069	1680174963121	OK	 
REQUEST		SINGLE USER API	1680174962961	1680174963122	OK	 
REQUEST		SINGLE USER API	1680174963025	1680174963127	OK	 
REQUEST		SINGLE USER API	1680174963070	1680174963128	OK	 
USER	Verify Single User API using DDT & asssertions	START	1680174963145
REQUEST		SINGLE USER API	1680174963122	1680174963162	OK	 
USER	Verify Single User API using DDT & asssertions	END	1680174963163
REQUEST		SINGLE USER API	1680174963129	1680174963164	OK	 
REQUEST		SINGLE USER API	1680174963123	1680174963181	OK	 
REQUEST		SINGLE USER API	1680174963129	1680174963190	OK	 
USER	Verify Single User API using DDT & asssertions	END	1680174963191
REQUEST		SINGLE USER API	1680174963087	1680174963197	OK	 
REQUEST		SINGLE USER API	1680174963165	1680174963199	OK	 
USER	Verify Single User API using DDT & asssertions	START	1680174963207
REQUEST		SINGLE USER API	1680174963200	1680174963235	OK	 
USER	Verify Single User API using DDT & asssertions	END	1680174963237
REQUEST		SINGLE USER API	1680174963198	1680174963240	OK	 
REQUEST		SINGLE USER API	1680174963182	1680174963240	OK	 
REQUEST		SINGLE USER API	1680174963146	1680174963244	OK	 
USER	Verify Single User API using DDT & asssertions	START	1680174963270
REQUEST		SINGLE USER API	1680174963245	1680174963281	OK	 
REQUEST		SINGLE USER API	1680174963241	1680174963282	OK	 
USER	Verify Single User API using DDT & asssertions	END	1680174963284
REQUEST		SINGLE USER API	1680174963241	1680174963301	OK	 
USER	Verify Single User API using DDT & asssertions	END	1680174963302
REQUEST		SINGLE USER API	1680174963282	1680174963317	OK	 
USER	Verify Single User API using DDT & asssertions	START	1680174963334
REQUEST		SINGLE USER API	1680174963318	1680174963350	OK	 
USER	Verify Single User API using DDT & asssertions	END	1680174963352
REQUEST		SINGLE USER API	1680174963208	1680174963372	OK	 
USER	Verify Single User API using DDT & asssertions	START	1680174963395
REQUEST		SINGLE USER API	1680174963373	1680174963434	OK	 
REQUEST		SINGLE USER API	1680174963270	1680174963452	OK	 
USER	Verify Single User API using DDT & asssertions	START	1680174963458
REQUEST		SINGLE USER API	1680174963335	1680174963491	OK	 
REQUEST		SINGLE USER API	1680174963435	1680174963499	OK	 
REQUEST		SINGLE USER API	1680174963453	1680174963514	OK	 
USER	Verify Single User API using DDT & asssertions	START	1680174963523
REQUEST		SINGLE USER API	1680174963493	1680174963547	OK	 
REQUEST		SINGLE USER API	1680174963500	1680174963566	OK	 
USER	Verify Single User API using DDT & asssertions	END	1680174963567
REQUEST		SINGLE USER API	1680174963396	1680174963569	OK	 
REQUEST		SINGLE USER API	1680174963515	1680174963573	OK	 
USER	Verify Single User API using DDT & asssertions	START	1680174963584
REQUEST		SINGLE USER API	1680174963548	1680174963600	OK	 
USER	Verify Single User API using DDT & asssertions	END	1680174963610
REQUEST		SINGLE USER API	1680174963574	1680174963629	OK	 
REQUEST		SINGLE USER API	1680174963459	1680174963629	OK	 
REQUEST		SINGLE USER API	1680174963569	1680174963629	OK	 
USER	Verify Single User API using DDT & asssertions	END	1680174963630
USER	Verify Single User API using DDT & asssertions	START	1680174963645
REQUEST		SINGLE USER API	1680174963630	1680174963684	OK	 
REQUEST		SINGLE USER API	1680174963630	1680174963685	OK	 
USER	Verify Single User API using DDT & asssertions	END	1680174963687
REQUEST		SINGLE USER API	1680174963585	1680174963707	OK	 
USER	Verify Single User API using DDT & asssertions	START	1680174963713
REQUEST		SINGLE USER API	1680174963528	1680174963730	OK	 
REQUEST		SINGLE USER API	1680174963686	1680174963743	OK	 
USER	Verify Single User API using DDT & asssertions	END	1680174963746
REQUEST		SINGLE USER API	1680174963709	1680174963747	OK	 
USER	Verify Single User API using DDT & asssertions	START	1680174963768
REQUEST		SINGLE USER API	1680174963731	1680174963796	OK	 
REQUEST		SINGLE USER API	1680174963749	1680174963797	OK	 
USER	Verify Single User API using DDT & asssertions	END	1680174963798
REQUEST		SINGLE USER API	1680174963646	1680174963815	OK	 
USER	Verify Single User API using DDT & asssertions	START	1680174963830
REQUEST		SINGLE USER API	1680174963714	1680174963847	OK	 
REQUEST		SINGLE USER API	1680174963797	1680174963871	OK	 
REQUEST		SINGLE USER API	1680174963816	1680174963871	OK	 
REQUEST		SINGLE USER API	1680174963848	1680174963888	OK	 
USER	Verify Single User API using DDT & asssertions	START	1680174963892
REQUEST		SINGLE USER API	1680174963872	1680174963927	OK	 
USER	Verify Single User API using DDT & asssertions	END	1680174963929
REQUEST		SINGLE USER API	1680174963769	1680174963939	OK	 
REQUEST		SINGLE USER API	1680174963889	1680174963939	OK	 
REQUEST		SINGLE USER API	1680174963872	1680174963939	OK	 
USER	Verify Single User API using DDT & asssertions	START	1680174963953
REQUEST		SINGLE USER API	1680174963831	1680174963957	OK	 
REQUEST		SINGLE USER API	1680174963940	1680174963988	OK	 
USER	Verify Single User API using DDT & asssertions	END	1680174963989
REQUEST		SINGLE USER API	1680174963940	1680174964000	OK	 
REQUEST		SINGLE USER API	1680174963940	1680174964001	OK	 
USER	Verify Single User API using DDT & asssertions	END	1680174964002
REQUEST		SINGLE USER API	1680174963957	1680174964003	OK	 
USER	Verify Single User API using DDT & asssertions	START	1680174964017
REQUEST		SINGLE USER API	1680174964003	1680174964046	OK	 
REQUEST		SINGLE USER API	1680174964002	1680174964062	OK	 
REQUEST		SINGLE USER API	1680174963892	1680174964062	OK	 
USER	Verify Single User API using DDT & asssertions	START	1680174964077
REQUEST		SINGLE USER API	1680174964047	1680174964094	OK	 
REQUEST		SINGLE USER API	1680174963954	1680174964095	OK	 
USER	Verify Single User API using DDT & asssertions	END	1680174964096
REQUEST		SINGLE USER API	1680174964064	1680174964124	OK	 
REQUEST		SINGLE USER API	1680174964065	1680174964127	OK	 
USER	Verify Single User API using DDT & asssertions	END	1680174964128
USER	Verify Single User API using DDT & asssertions	START	1680174964139
REQUEST		SINGLE USER API	1680174964017	1680174964148	OK	 
REQUEST		SINGLE USER API	1680174964097	1680174964148	OK	 
REQUEST		SINGLE USER API	1680174964125	1680174964182	OK	 
REQUEST		SINGLE USER API	1680174964149	1680174964189	OK	 
REQUEST		SINGLE USER API	1680174964149	1680174964192	OK	 
USER	Verify Single User API using DDT & asssertions	START	1680174964202
REQUEST		SINGLE USER API	1680174964077	1680174964208	OK	 
REQUEST		SINGLE USER API	1680174964190	1680174964230	OK	 
REQUEST		SINGLE USER API	1680174964193	1680174964233	OK	 
USER	Verify Single User API using DDT & asssertions	END	1680174964234
REQUEST		SINGLE USER API	1680174964183	1680174964245	OK	 
REQUEST		SINGLE USER API	1680174964209	1680174964250	OK	 
USER	Verify Single User API using DDT & asssertions	START	1680174964264
REQUEST		SINGLE USER API	1680174964231	1680174964280	OK	 
USER	Verify Single User API using DDT & asssertions	END	1680174964281
REQUEST		SINGLE USER API	1680174964245	1680174964310	OK	 
REQUEST		SINGLE USER API	1680174964139	1680174964311	OK	 
USER	Verify Single User API using DDT & asssertions	END	1680174964312
USER	Verify Single User API using DDT & asssertions	START	1680174964329
REQUEST		SINGLE USER API	1680174964202	1680174964332	OK	 
REQUEST		SINGLE USER API	1680174964251	1680174964332	OK	 
USER	Verify Single User API using DDT & asssertions	END	1680174964333
REQUEST		SINGLE USER API	1680174964333	1680174964372	OK	 
REQUEST		SINGLE USER API	1680174964312	1680174964381	OK	 
REQUEST		SINGLE USER API	1680174964377	1680174964414	OK	 
USER	Verify Single User API using DDT & asssertions	END	1680174964416
REQUEST		SINGLE USER API	1680174964383	1680174964439	OK	 
USER	Verify Single User API using DDT & asssertions	END	1680174964440
REQUEST		SINGLE USER API	1680174964264	1680174964442	OK	 
REQUEST		SINGLE USER API	1680174964330	1680174964453	OK	 
REQUEST		SINGLE USER API	1680174964443	1680174964504	OK	 
REQUEST		SINGLE USER API	1680174964455	1680174964523	OK	 
REQUEST		SINGLE USER API	1680174964505	1680174964568	OK	 
REQUEST		SINGLE USER API	1680174964524	1680174964568	OK	 
USER	Verify Single User API using DDT & asssertions	END	1680174964570
USER	Verify Single User API using DDT & asssertions	END	1680174964570
USER	Verify Single User API using DDT & asssertions	START	1680174964571
REQUEST		SINGLE USER API	1680174964572	1680174964745	OK	 
REQUEST		SINGLE USER API	1680174964751	1680174964805	OK	 
USER	Verify Single User API using DDT & asssertions	START	1680174964835
REQUEST		SINGLE USER API	1680174964807	1680174964859	OK	 
REQUEST		SINGLE USER API	1680174964860	1680174964909	OK	 
USER	Verify Single User API using DDT & asssertions	END	1680174964910
REQUEST		SINGLE USER API	1680174964836	1680174965004	OK	 
REQUEST		SINGLE USER API	1680174965005	1680174965060	OK	 
USER	Verify Single User API using DDT & asssertions	START	1680174965085
REQUEST		SINGLE USER API	1680174965061	1680174965132	OK	 
REQUEST		SINGLE USER API	1680174965133	1680174965195	OK	 
REQUEST		SINGLE USER API	1680174965085	1680174965229	OK	 
REQUEST		SINGLE USER API	1680174965196	1680174965249	OK	 
USER	Verify Single User API using DDT & asssertions	END	1680174965251
REQUEST		SINGLE USER API	1680174965230	1680174965275	OK	 
REQUEST		SINGLE USER API	1680174965277	1680174965321	OK	 
USER	Verify Single User API using DDT & asssertions	START	1680174965333
REQUEST		SINGLE USER API	1680174965332	1680174965379	OK	 
USER	Verify Single User API using DDT & asssertions	END	1680174965383
REQUEST		SINGLE USER API	1680174965347	1680174965485	OK	 
USER	Verify Single User API using DDT & asssertions	START	1680174965488
REQUEST		SINGLE USER API	1680174965487	1680174965538	OK	 
REQUEST		SINGLE USER API	1680174965541	1680174965580	OK	 
REQUEST		SINGLE USER API	1680174965580	1680174965626	OK	 
USER	Verify Single User API using DDT & asssertions	END	1680174965629
USER	Verify Single User API using DDT & asssertions	START	1680174965657
REQUEST		SINGLE USER API	1680174965489	1680174965673	OK	 
REQUEST		SINGLE USER API	1680174965675	1680174965749	OK	 
REQUEST		SINGLE USER API	1680174965750	1680174965810	OK	 
USER	Verify Single User API using DDT & asssertions	START	1680174965825
REQUEST		SINGLE USER API	1680174965658	1680174965857	OK	 
REQUEST		SINGLE USER API	1680174965811	1680174965879	OK	 
USER	Verify Single User API using DDT & asssertions	END	1680174965880
REQUEST		SINGLE USER API	1680174965860	1680174965919	OK	 
REQUEST		SINGLE USER API	1680174965921	1680174965988	OK	 
USER	Verify Single User API using DDT & asssertions	START	1680174965995
USER	Verify Single User API using DDT & asssertions	START	1680174966171
REQUEST		SINGLE USER API	1680174965989	1680174966194	OK	 
REQUEST		SINGLE USER API	1680174965828	1680174966195	OK	 
USER	Verify Single User API using DDT & asssertions	END	1680174966207
REQUEST		SINGLE USER API	1680174966205	1680174966548	OK	 
USER	Verify Single User API using DDT & asssertions	START	1680174966332
USER	Verify Single User API using DDT & asssertions	START	1680174966489
REQUEST		SINGLE USER API	1680174966172	1680174966608	OK	 
REQUEST		SINGLE USER API	1680174965999	1680174966610	OK	 
REQUEST		SINGLE USER API	1680174966568	1680174966644	OK	 
USER	Verify Single User API using DDT & asssertions	END	1680174966647
USER	Verify Single User API using DDT & asssertions	START	1680174966661
REQUEST		SINGLE USER API	1680174966610	1680174966664	OK	 
REQUEST		SINGLE USER API	1680174966613	1680174966670	OK	 
REQUEST		SINGLE USER API	1680174966562	1680174966706	OK	 
REQUEST		SINGLE USER API	1680174966667	1680174966718	OK	 
REQUEST		SINGLE USER API	1680174966682	1680174966751	OK	 
REQUEST		SINGLE USER API	1680174966716	1680174966758	OK	 
REQUEST		SINGLE USER API	1680174966719	1680174966769	OK	 
REQUEST		SINGLE USER API	1680174966561	1680174966789	OK	 
REQUEST		SINGLE USER API	1680174966667	1680174966798	OK	 
REQUEST		SINGLE USER API	1680174966765	1680174966809	OK	 
USER	Verify Single User API using DDT & asssertions	END	1680174966814
REQUEST		SINGLE USER API	1680174966754	1680174966815	OK	 
USER	Verify Single User API using DDT & asssertions	END	1680174966818
REQUEST		SINGLE USER API	1680174966770	1680174966821	OK	 
USER	Verify Single User API using DDT & asssertions	END	1680174966823
USER	Verify Single User API using DDT & asssertions	START	1680174966829
REQUEST		SINGLE USER API	1680174966806	1680174966861	OK	 
REQUEST		SINGLE USER API	1680174966796	1680174966867	OK	 
REQUEST		SINGLE USER API	1680174966871	1680174966916	OK	 
USER	Verify Single User API using DDT & asssertions	END	1680174966927
REQUEST		SINGLE USER API	1680174966875	1680174966943	OK	 
USER	Verify Single User API using DDT & asssertions	START	1680174967011
REQUEST		SINGLE USER API	1680174966945	1680174967014	OK	 
USER	Verify Single User API using DDT & asssertions	END	1680174967016
REQUEST		SINGLE USER API	1680174966830	1680174967030	OK	 
REQUEST		SINGLE USER API	1680174967032	1680174967096	OK	 
REQUEST		SINGLE USER API	1680174967012	1680174967169	OK	 
USER	Verify Single User API using DDT & asssertions	START	1680174967170
REQUEST		SINGLE USER API	1680174967097	1680174967178	OK	 
REQUEST		SINGLE USER API	1680174967180	1680174967230	OK	 
REQUEST		SINGLE USER API	1680174967181	1680174967238	OK	 
USER	Verify Single User API using DDT & asssertions	END	1680174967240
REQUEST		SINGLE USER API	1680174967230	1680174967270	OK	 
REQUEST		SINGLE USER API	1680174967271	1680174967311	OK	 
USER	Verify Single User API using DDT & asssertions	END	1680174967313
USER	Verify Single User API using DDT & asssertions	START	1680174967326
REQUEST		SINGLE USER API	1680174967180	1680174967351	OK	 
REQUEST		SINGLE USER API	1680174967352	1680174967411	OK	 
REQUEST		SINGLE USER API	1680174967327	1680174967447	OK	 
USER	Verify Single User API using DDT & asssertions	START	1680174967449
REQUEST		SINGLE USER API	1680174967411	1680174967468	OK	 
REQUEST		SINGLE USER API	1680174967447	1680174967481	OK	 
REQUEST		SINGLE USER API	1680174967482	1680174967518	OK	 
REQUEST		SINGLE USER API	1680174967469	1680174967524	OK	 
USER	Verify Single User API using DDT & asssertions	END	1680174967529
REQUEST		SINGLE USER API	1680174967519	1680174967568	OK	 
USER	Verify Single User API using DDT & asssertions	START	1680174967572
REQUEST		SINGLE USER API	1680174967569	1680174967605	OK	 
USER	Verify Single User API using DDT & asssertions	END	1680174967608
REQUEST		SINGLE USER API	1680174967449	1680174967618	OK	 
REQUEST		SINGLE USER API	1680174967619	1680174967674	OK	 
USER	Verify Single User API using DDT & asssertions	START	1680174967710
REQUEST		SINGLE USER API	1680174967675	1680174967734	OK	 
REQUEST		SINGLE USER API	1680174967572	1680174967737	OK	 
REQUEST		SINGLE USER API	1680174967735	1680174967792	OK	 
USER	Verify Single User API using DDT & asssertions	END	1680174967793
REQUEST		SINGLE USER API	1680174967744	1680174967804	OK	 
USER	Verify Single User API using DDT & asssertions	START	1680174967832
REQUEST		SINGLE USER API	1680174967805	1680174967863	OK	 
REQUEST		SINGLE USER API	1680174967712	1680174967879	OK	 
REQUEST		SINGLE USER API	1680174967864	1680174967923	OK	 
USER	Verify Single User API using DDT & asssertions	END	1680174967926
REQUEST		SINGLE USER API	1680174967880	1680174967939	OK	 
REQUEST		SINGLE USER API	1680174967833	1680174967955	OK	 
USER	Verify Single User API using DDT & asssertions	START	1680174967956
REQUEST		SINGLE USER API	1680174967957	1680174967998	OK	 
REQUEST		SINGLE USER API	1680174967940	1680174967998	OK	 
REQUEST		SINGLE USER API	1680174967998	1680174968043	OK	 
REQUEST		SINGLE USER API	1680174967998	1680174968058	OK	 
USER	Verify Single User API using DDT & asssertions	END	1680174968059
USER	Verify Single User API using DDT & asssertions	START	1680174968080
REQUEST		SINGLE USER API	1680174968044	1680174968112	OK	 
USER	Verify Single User API using DDT & asssertions	END	1680174968117
REQUEST		SINGLE USER API	1680174967957	1680174968133	OK	 
REQUEST		SINGLE USER API	1680174968134	1680174968194	OK	 
USER	Verify Single User API using DDT & asssertions	START	1680174968202
REQUEST		SINGLE USER API	1680174968080	1680174968206	OK	 
REQUEST		SINGLE USER API	1680174968207	1680174968250	OK	 
REQUEST		SINGLE USER API	1680174968195	1680174968250	OK	 
USER	Verify Single User API using DDT & asssertions	END	1680174968251
REQUEST		SINGLE USER API	1680174968250	1680174968291	OK	 
USER	Verify Single User API using DDT & asssertions	END	1680174968292
USER	Verify Single User API using DDT & asssertions	START	1680174968326
REQUEST		SINGLE USER API	1680174968203	1680174968365	OK	 
REQUEST		SINGLE USER API	1680174968367	1680174968422	OK	 
USER	Verify Single User API using DDT & asssertions	START	1680174968449
REQUEST		SINGLE USER API	1680174968423	1680174968476	OK	 
REQUEST		SINGLE USER API	1680174968326	1680174968493	OK	 
REQUEST		SINGLE USER API	1680174968477	1680174968544	OK	 
USER	Verify Single User API using DDT & asssertions	END	1680174968546
REQUEST		SINGLE USER API	1680174968493	1680174968548	OK	 
USER	Verify Single User API using DDT & asssertions	START	1680174968573
REQUEST		SINGLE USER API	1680174968549	1680174968603	OK	 
USER	Verify Single User API using DDT & asssertions	END	1680174968606
REQUEST		SINGLE USER API	1680174968450	1680174968627	OK	 
REQUEST		SINGLE USER API	1680174968628	1680174968683	OK	 
USER	Verify Single User API using DDT & asssertions	START	1680174968710
REQUEST		SINGLE USER API	1680174968684	1680174968738	OK	 
REQUEST		SINGLE USER API	1680174968573	1680174968739	OK	 
REQUEST		SINGLE USER API	1680174968739	1680174968794	OK	 
REQUEST		SINGLE USER API	1680174968739	1680174968795	OK	 
USER	Verify Single User API using DDT & asssertions	END	1680174968796
USER	Verify Single User API using DDT & asssertions	START	1680174968834
REQUEST		SINGLE USER API	1680174968795	1680174968851	OK	 
USER	Verify Single User API using DDT & asssertions	END	1680174968853
REQUEST		SINGLE USER API	1680174968710	1680174968879	OK	 
REQUEST		SINGLE USER API	1680174968880	1680174968936	OK	 
USER	Verify Single User API using DDT & asssertions	START	1680174968958
REQUEST		SINGLE USER API	1680174968835	1680174968964	OK	 
REQUEST		SINGLE USER API	1680174968938	1680174968998	OK	 
REQUEST		SINGLE USER API	1680174968964	1680174969023	OK	 
REQUEST		SINGLE USER API	1680174968998	1680174969054	OK	 
USER	Verify Single User API using DDT & asssertions	END	1680174969056
USER	Verify Single User API using DDT & asssertions	START	1680174969084
REQUEST		SINGLE USER API	1680174969026	1680174969089	OK	 
REQUEST		SINGLE USER API	1680174968959	1680174969131	OK	 
REQUEST		SINGLE USER API	1680174969090	1680174969135	OK	 
USER	Verify Single User API using DDT & asssertions	END	1680174969136
REQUEST		SINGLE USER API	1680174969131	1680174969187	OK	 
REQUEST		SINGLE USER API	1680174969084	1680174969207	OK	 
USER	Verify Single User API using DDT & asssertions	START	1680174969208
REQUEST		SINGLE USER API	1680174969188	1680174969243	OK	 
REQUEST		SINGLE USER API	1680174969208	1680174969274	OK	 
REQUEST		SINGLE USER API	1680174969244	1680174969297	OK	 
USER	Verify Single User API using DDT & asssertions	END	1680174969298
REQUEST		SINGLE USER API	1680174969208	1680174969313	OK	 
REQUEST		SINGLE USER API	1680174969275	1680174969318	OK	 
USER	Verify Single User API using DDT & asssertions	START	1680174969331
REQUEST		SINGLE USER API	1680174969314	1680174969352	OK	 
REQUEST		SINGLE USER API	1680174969319	1680174969375	OK	 
USER	Verify Single User API using DDT & asssertions	END	1680174969377
REQUEST		SINGLE USER API	1680174969353	1680174969392	OK	 
USER	Verify Single User API using DDT & asssertions	END	1680174969393
USER	Verify Single User API using DDT & asssertions	START	1680174969424
REQUEST		SINGLE USER API	1680174969331	1680174969501	OK	 
USER	Verify Single User API using DDT & asssertions	START	1680174969531
REQUEST		SINGLE USER API	1680174969502	1680174969556	OK	 
REQUEST		SINGLE USER API	1680174969425	1680174969588	OK	 
REQUEST		SINGLE USER API	1680174969557	1680174969615	OK	 
USER	Verify Single User API using DDT & asssertions	END	1680174969617
USER	Verify Single User API using DDT & asssertions	START	1680174969625
REQUEST		SINGLE USER API	1680174969589	1680174969650	OK	 
REQUEST		SINGLE USER API	1680174969532	1680174969705	OK	 
REQUEST		SINGLE USER API	1680174969651	1680174969706	OK	 
USER	Verify Single User API using DDT & asssertions	END	1680174969707
USER	Verify Single User API using DDT & asssertions	START	1680174969732
REQUEST		SINGLE USER API	1680174969625	1680174969747	OK	 
REQUEST		SINGLE USER API	1680174969706	1680174969764	OK	 
REQUEST		SINGLE USER API	1680174969748	1680174969794	OK	 
REQUEST		SINGLE USER API	1680174969765	1680174969820	OK	 
USER	Verify Single User API using DDT & asssertions	END	1680174969822
USER	Verify Single User API using DDT & asssertions	START	1680174969826
REQUEST		SINGLE USER API	1680174969794	1680174969840	OK	 
REQUEST		SINGLE USER API	1680174969844	1680174969886	OK	 
USER	Verify Single User API using DDT & asssertions	END	1680174969888
REQUEST		SINGLE USER API	1680174969733	1680174969918	OK	 
USER	Verify Single User API using DDT & asssertions	START	1680174969933
REQUEST		SINGLE USER API	1680174969827	1680174969971	OK	 
REQUEST		SINGLE USER API	1680174969918	1680174969977	OK	 
USER	Verify Single User API using DDT & asssertions	START	1680174970026
REQUEST		SINGLE USER API	1680174969977	1680174970039	OK	 
USER	Verify Single User API using DDT & asssertions	END	1680174970041
REQUEST		SINGLE USER API	1680174969933	1680174970106	OK	 
REQUEST		SINGLE USER API	1680174969972	1680174970124	OK	 
USER	Verify Single User API using DDT & asssertions	START	1680174970134
REQUEST		SINGLE USER API	1680174970125	1680174970179	OK	 
REQUEST		SINGLE USER API	1680174970107	1680174970179	OK	 
REQUEST		SINGLE USER API	1680174970026	1680174970196	OK	 
USER	Verify Single User API using DDT & asssertions	START	1680174970228
REQUEST		SINGLE USER API	1680174970180	1680174970236	OK	 
USER	Verify Single User API using DDT & asssertions	END	1680174970237
REQUEST		SINGLE USER API	1680174970180	1680174970244	OK	 
USER	Verify Single User API using DDT & asssertions	END	1680174970245
REQUEST		SINGLE USER API	1680174970197	1680174970251	OK	 
REQUEST		SINGLE USER API	1680174970136	1680174970302	OK	 
REQUEST		SINGLE USER API	1680174970251	1680174970311	OK	 
USER	Verify Single User API using DDT & asssertions	END	1680174970312
REQUEST		SINGLE USER API	1680174970228	1680174970354	OK	 
REQUEST		SINGLE USER API	1680174970303	1680174970365	OK	 
REQUEST		SINGLE USER API	1680174970355	1680174970398	OK	 
REQUEST		SINGLE USER API	1680174970365	1680174970420	OK	 
REQUEST		SINGLE USER API	1680174970399	1680174970439	OK	 
USER	Verify Single User API using DDT & asssertions	END	1680174970441
REQUEST		SINGLE USER API	1680174970421	1680174970479	OK	 
USER	Verify Single User API using DDT & asssertions	END	1680174970480
